{
  "platform": "mac.binary",
  "timestamp": "2025-02-23 23:53:07",
  "packages": {
    "ahead": {
      "package": "ahead",
      "status": "SUCCESS",
      "error_message": {},
      "build_output": "* installing to library ‘/Users/runner/work/_temp/Library’\n* installing *source* package ‘ahead’ ...\n** using staged installation\n** libs\nusing C++ compiler: ‘Apple clang version 15.0.0 (clang-1500.3.9.4)’\nusing SDK: ‘’\nclang++ -arch arm64 -std=gnu++17 -I\"/Library/Frameworks/R.framework/Resources/include\" -DNDEBUG  -I'/Users/runner/work/_temp/Library/Rcpp/include' -I/opt/R/arm64/include    -fPIC  -falign-functions=64 -Wall -g -O2   -c RcppExports.cpp -o RcppExports.o\nclang++ -arch arm64 -std=gnu++17 -I\"/Library/Frameworks/R.framework/Resources/include\" -DNDEBUG  -I'/Users/runner/work/_temp/Library/Rcpp/include' -I/opt/R/arm64/include    -fPIC  -falign-functions=64 -Wall -g -O2   -c embedc.cpp -o embedc.o\nclang++ -arch arm64 -std=gnu++17 -I\"/Library/Frameworks/R.framework/Resources/include\" -DNDEBUG  -I'/Users/runner/work/_temp/Library/Rcpp/include' -I/opt/R/arm64/include    -fPIC  -falign-functions=64 -Wall -g -O2   -c utils_armagarch.cpp -o utils_armagarch.o\nclang++ -arch arm64 -std=gnu++17 -I\"/Library/Frameworks/R.framework/Resources/include\" -DNDEBUG  -I'/Users/runner/work/_temp/Library/Rcpp/include' -I/opt/R/arm64/include    -fPIC  -falign-functions=64 -Wall -g -O2   -c utils_matrix.cpp -o utils_matrix.o\nclang++ -arch arm64 -std=gnu++17 -dynamiclib -Wl,-headerpad_max_install_names -undefined dynamic_lookup -L/Library/Frameworks/R.framework/Resources/lib -L/opt/R/arm64/lib -o ahead.so RcppExports.o embedc.o utils_armagarch.o utils_matrix.o -F/Library/Frameworks/R.framework/.. -framework R -Wl,-framework -Wl,CoreFoundation\ninstalling to /Users/runner/work/_temp/Library/00LOCK-ahead/00new/ahead/libs\n** R\n** byte-compile and prepare package for lazy loading\n** help\n*** installing help indices\n** building package indices\n** installing vignettes\n** testing if installed package can be loaded from temporary location\n** checking absolute paths in shared objects and dynamic libraries\n** testing if installed package can be loaded from final location\n** testing if installed package keeps a record of temporary installation path\n* creating tarball\npackaged installation of ‘ahead’ as ‘ahead_0.16.2.tgz’\n* DONE (ahead)",
      "build_time": "2025-02-23 23:53:07"
    },
    "bayesianrvfl": {
      "package": "bayesianrvfl",
      "status": "SUCCESS",
      "error_message": {},
      "build_output": "* installing to library ‘/Users/runner/work/_temp/Library’\n* installing *source* package ‘bayesianrvfl’ ...\n** using staged installation\n** libs\nusing C++ compiler: ‘Apple clang version 15.0.0 (clang-1500.3.9.4)’\nusing SDK: ‘’\nclang++ -arch arm64 -std=gnu++17 -I\"/Library/Frameworks/R.framework/Resources/include\" -DNDEBUG  -I'/Users/runner/work/_temp/Library/Rcpp/include' -I/opt/R/arm64/include    -fPIC  -falign-functions=64 -Wall -g -O2   -c RcppExports.cpp -o RcppExports.o\nclang++ -arch arm64 -std=gnu++17 -I\"/Library/Frameworks/R.framework/Resources/include\" -DNDEBUG  -I'/Users/runner/work/_temp/Library/Rcpp/include' -I/opt/R/arm64/include    -fPIC  -falign-functions=64 -Wall -g -O2   -c kernels.cpp -o kernels.o\nclang++ -arch arm64 -std=gnu++17 -I\"/Library/Frameworks/R.framework/Resources/include\" -DNDEBUG  -I'/Users/runner/work/_temp/Library/Rcpp/include' -I/opt/R/arm64/include    -fPIC  -falign-functions=64 -Wall -g -O2   -c utils.cpp -o utils.o\nclang++ -arch arm64 -std=gnu++17 -dynamiclib -Wl,-headerpad_max_install_names -undefined dynamic_lookup -L/Library/Frameworks/R.framework/Resources/lib -L/opt/R/arm64/lib -o bayesianrvfl.so RcppExports.o kernels.o utils.o -F/Library/Frameworks/R.framework/.. -framework R -Wl,-framework -Wl,CoreFoundation\ninstalling to /Users/runner/work/_temp/Library/00LOCK-bayesianrvfl/00new/bayesianrvfl/libs\n** R\n** byte-compile and prepare package for lazy loading\n** help\n*** installing help indices\n** building package indices\n** installing vignettes\n** testing if installed package can be loaded from temporary location\n** checking absolute paths in shared objects and dynamic libraries\n** testing if installed package can be loaded from final location\n** testing if installed package keeps a record of temporary installation path\n* creating tarball\npackaged installation of ‘bayesianrvfl’ as ‘bayesianrvfl_0.3.1.tgz’\n* DONE (bayesianrvfl)",
      "build_time": "2025-02-23 23:53:15"
    },
    "bcn": {
      "package": "bcn",
      "status": "SUCCESS",
      "error_message": {},
      "build_output": "* installing to library ‘/Users/runner/work/_temp/Library’\n* installing *source* package ‘bcn’ ...\n** using staged installation\n** libs\nusing C++ compiler: ‘Apple clang version 15.0.0 (clang-1500.3.9.4)’\nusing SDK: ‘’\nclang++ -arch arm64 -std=gnu++17 -I\"/Library/Frameworks/R.framework/Resources/include\" -DNDEBUG  -I'/Users/runner/work/_temp/Library/Rcpp/include' -I/opt/R/arm64/include    -fPIC  -falign-functions=64 -Wall -g -O2   -c RcppExports.cpp -o RcppExports.o\nclang++ -arch arm64 -std=gnu++17 -I\"/Library/Frameworks/R.framework/Resources/include\" -DNDEBUG  -I'/Users/runner/work/_temp/Library/Rcpp/include' -I/opt/R/arm64/include    -fPIC  -falign-functions=64 -Wall -g -O2   -c bcn.cpp -o bcn.o\nbcn.cpp:135:1: warning: non-void function does not return a value in all control paths [-Wreturn-type]\n}\n^\n1 warning generated.\nclang++ -arch arm64 -std=gnu++17 -I\"/Library/Frameworks/R.framework/Resources/include\" -DNDEBUG  -I'/Users/runner/work/_temp/Library/Rcpp/include' -I/opt/R/arm64/include    -fPIC  -falign-functions=64 -Wall -g -O2   -c rcpp_hello_world.cpp -o rcpp_hello_world.o\nclang++ -arch arm64 -std=gnu++17 -dynamiclib -Wl,-headerpad_max_install_names -undefined dynamic_lookup -L/Library/Frameworks/R.framework/Resources/lib -L/opt/R/arm64/lib -o bcn.so RcppExports.o bcn.o rcpp_hello_world.o -F/Library/Frameworks/R.framework/.. -framework R -Wl,-framework -Wl,CoreFoundation\ninstalling to /Users/runner/work/_temp/Library/00LOCK-bcn/00new/bcn/libs\n** R\n** data\n*** moving datasets to lazyload DB\n** byte-compile and prepare package for lazy loading\n** help\n*** installing help indices\n** building package indices\n** installing vignettes\n** testing if installed package can be loaded from temporary location\n** checking absolute paths in shared objects and dynamic libraries\n** testing if installed package can be loaded from final location\n** testing if installed package keeps a record of temporary installation path\n* creating tarball\npackaged installation of ‘bcn’ as ‘bcn_0.7.0.tgz’\n* DONE (bcn)",
      "build_time": "2025-02-23 23:53:20"
    },
    "crossvalidation": {
      "package": "crossvalidation",
      "status": "SUCCESS",
      "error_message": {},
      "build_output": "* installing to library ‘/Users/runner/work/_temp/Library’\n* installing *source* package ‘crossvalidation’ ...\n** using staged installation\n** R\n** byte-compile and prepare package for lazy loading\n** help\n*** installing help indices\n** building package indices\n** installing vignettes\n** testing if installed package can be loaded from temporary location\n** testing if installed package can be loaded from final location\n** testing if installed package keeps a record of temporary installation path\n* creating tarball\npackaged installation of ‘crossvalidation’ as ‘crossvalidation_0.5.0.tgz’\n* DONE (crossvalidation)",
      "build_time": "2025-02-23 23:53:25"
    },
    "esgtoolkit": {
      "package": "esgtoolkit",
      "status": "SUCCESS",
      "error_message": {},
      "build_output": "* installing to library ‘/Users/runner/work/_temp/Library’\n* installing *source* package ‘esgtoolkit’ ...\n** using staged installation\n** libs\nusing C++ compiler: ‘Apple clang version 15.0.0 (clang-1500.3.9.4)’\nusing SDK: ‘’\nclang++ -arch arm64 -std=gnu++17 -I\"/Library/Frameworks/R.framework/Resources/include\" -DNDEBUG  -I'/Users/runner/work/_temp/Library/Rcpp/include' -I/opt/R/arm64/include    -fPIC  -falign-functions=64 -Wall -g -O2   -c RcppExports.cpp -o RcppExports.o\nclang++ -arch arm64 -std=gnu++17 -I\"/Library/Frameworks/R.framework/Resources/include\" -DNDEBUG  -I'/Users/runner/work/_temp/Library/Rcpp/include' -I/opt/R/arm64/include    -fPIC  -falign-functions=64 -Wall -g -O2   -c esg2.cpp -o esg2.o\nesg2.cpp:330:10: warning: use of bitwise '&' with boolean operands [-Wbitwise-instead-of-logical]\n      if((sim_j >= sj_down(i)) & (sim_j < sj_up(i))) \n         ^~~~~~~~~~~~~~~~~~~~~~~~~~~~~~~~~~~~~~~~~~\n                               &&\nesg2.cpp:330:10: note: cast one or both operands to int to silence this warning\n1 warning generated.\nclang++ -arch arm64 -std=gnu++17 -dynamiclib -Wl,-headerpad_max_install_names -undefined dynamic_lookup -L/Library/Frameworks/R.framework/Resources/lib -L/opt/R/arm64/lib -o esgtoolkit.so RcppExports.o esg2.o -F/Library/Frameworks/R.framework/.. -framework R -Wl,-framework -Wl,CoreFoundation\ninstalling to /Users/runner/work/_temp/Library/00LOCK-esgtoolkit/00new/esgtoolkit/libs\n** R\n** byte-compile and prepare package for lazy loading\n** help\n*** installing help indices\n** building package indices\n** installing vignettes\n** testing if installed package can be loaded from temporary location\n** checking absolute paths in shared objects and dynamic libraries\n** testing if installed package can be loaded from final location\n** testing if installed package keeps a record of temporary installation path\n* creating tarball\npackaged installation of ‘esgtoolkit’ as ‘esgtoolkit_1.2.1.tgz’\n* DONE (esgtoolkit)",
      "build_time": "2025-02-23 23:53:26"
    },
    "forecastingapi": {
      "package": "forecastingapi",
      "status": "SUCCESS",
      "error_message": {},
      "build_output": "* installing to library ‘/Users/runner/work/_temp/Library’\n* installing *source* package ‘forecastingapi’ ...\n** using staged installation\n** R\n** byte-compile and prepare package for lazy loading\n** help\n*** installing help indices\n** building package indices\n** installing vignettes\n** testing if installed package can be loaded from temporary location\n** testing if installed package can be loaded from final location\n** testing if installed package keeps a record of temporary installation path\n* creating tarball\npackaged installation of ‘forecastingapi’ as ‘forecastingapi_0.4.0.tgz’\n* DONE (forecastingapi)",
      "build_time": "2025-02-23 23:53:31"
    },
    "learningmachine": {
      "package": "learningmachine",
      "status": "SUCCESS",
      "error_message": {},
      "build_output": "* installing to library ‘/Users/runner/work/_temp/Library’\n* installing *source* package ‘learningmachine’ ...\n** using staged installation\n** libs\nusing C++ compiler: ‘Apple clang version 15.0.0 (clang-1500.3.9.4)’\nusing SDK: ‘’\nclang++ -arch arm64 -std=gnu++17 -I\"/Library/Frameworks/R.framework/Resources/include\" -DNDEBUG  -I'/Users/runner/work/_temp/Library/Rcpp/include' -I/opt/R/arm64/include    -fPIC  -falign-functions=64 -Wall -g -O2   -c RcppExports.cpp -o RcppExports.o\nclang++ -arch arm64 -std=gnu++17 -I\"/Library/Frameworks/R.framework/Resources/include\" -DNDEBUG  -I'/Users/runner/work/_temp/Library/Rcpp/include' -I/opt/R/arm64/include    -fPIC  -falign-functions=64 -Wall -g -O2   -c compute_probs.cpp -o compute_probs.o\nclang++ -arch arm64 -std=gnu++17 -I\"/Library/Frameworks/R.framework/Resources/include\" -DNDEBUG  -I'/Users/runner/work/_temp/Library/Rcpp/include' -I/opt/R/arm64/include    -fPIC  -falign-functions=64 -Wall -g -O2   -c matern32.cpp -o matern32.o\nclang++ -arch arm64 -std=gnu++17 -I\"/Library/Frameworks/R.framework/Resources/include\" -DNDEBUG  -I'/Users/runner/work/_temp/Library/Rcpp/include' -I/opt/R/arm64/include    -fPIC  -falign-functions=64 -Wall -g -O2   -c sampling.cpp -o sampling.o\nclang++ -arch arm64 -std=gnu++17 -I\"/Library/Frameworks/R.framework/Resources/include\" -DNDEBUG  -I'/Users/runner/work/_temp/Library/Rcpp/include' -I/opt/R/arm64/include    -fPIC  -falign-functions=64 -Wall -g -O2   -c utils_classification.cpp -o utils_classification.o\nclang++ -arch arm64 -std=gnu++17 -dynamiclib -Wl,-headerpad_max_install_names -undefined dynamic_lookup -L/Library/Frameworks/R.framework/Resources/lib -L/opt/R/arm64/lib -o learningmachine.so RcppExports.o compute_probs.o matern32.o sampling.o utils_classification.o -F/Library/Frameworks/R.framework/.. -framework R -Wl,-framework -Wl,CoreFoundation\ninstalling to /Users/runner/work/_temp/Library/00LOCK-learningmachine/00new/learningmachine/libs\n** R\n** byte-compile and prepare package for lazy loading\n** help\n*** installing help indices\n** building package indices\n** installing vignettes\n** testing if installed package can be loaded from temporary location\n** checking absolute paths in shared objects and dynamic libraries\n** testing if installed package can be loaded from final location\n** testing if installed package keeps a record of temporary installation path\n* creating tarball\npackaged installation of ‘learningmachine’ as ‘learningmachine_2.7.2.tgz’\n* DONE (learningmachine)",
      "build_time": "2025-02-23 23:53:32"
    },
    "misc": {
      "package": "misc",
      "status": "SUCCESS",
      "error_message": {},
      "build_output": "* installing to library ‘/Users/runner/work/_temp/Library’\n* installing *source* package ‘misc’ ...\n** using staged installation\n** R\n** byte-compile and prepare package for lazy loading\n** help\n*** installing help indices\n** building package indices\n** installing vignettes\n** testing if installed package can be loaded from temporary location\n** testing if installed package can be loaded from final location\n** testing if installed package keeps a record of temporary installation path\n* creating tarball\npackaged installation of ‘misc’ as ‘misc_0.4.0.tgz’\n* DONE (misc)",
      "build_time": "2025-02-23 23:53:44"
    },
    "mlsauce": {
      "package": "mlsauce",
      "status": "SUCCESS",
      "error_message": {},
      "build_output": "* installing to library ‘/Users/runner/work/_temp/Library’\n* installing *source* package ‘mlsauce’ ...\n** using staged installation\n** R\n** byte-compile and prepare package for lazy loading\n** help\n*** installing help indices\n** building package indices\n** testing if installed package can be loaded from temporary location\nInstalling package into ‘/Users/runner/work/_temp/Library/00LOCK-mlsauce/00new’\n(as ‘lib’ is unspecified)\ntrying URL 'https://cloud.r-project.org/bin/macosx/big-sur-arm64/contrib/4.4/reticulate_1.40.0.tgz'\nContent type 'application/x-gzip' length 2773003 bytes (2.6 MB)\n==================================================\ndownloaded 2.6 MB\n\n\nThe downloaded binary packages are in\n\t/var/folders/2s/h6hvv9ps03xgz_krkkstvq_r0000gn/T//Rtmp2HkaFx/downloaded_packages\nUsing Python: /Library/Frameworks/Python.framework/Versions/3.13/bin/python3.13\nCreating virtual environment '~/.virtualenvs/r-reticulate' ... \n+ /Library/Frameworks/Python.framework/Versions/3.13/bin/python3.13 -m venv /Users/runner/.virtualenvs/r-reticulate\nDone!\nInstalling packages: pip, wheel, setuptools\n+ /Users/runner/.virtualenvs/r-reticulate/bin/python -m pip install --upgrade pip wheel setuptools\nRequirement already satisfied: pip in /Users/runner/.virtualenvs/r-reticulate/lib/python3.13/site-packages (24.3.1)\nCollecting pip\n  Downloading pip-25.0.1-py3-none-any.whl.metadata (3.7 kB)\nCollecting wheel\n  Downloading wheel-0.45.1-py3-none-any.whl.metadata (2.3 kB)\nCollecting setuptools\n  Downloading setuptools-75.8.0-py3-none-any.whl.metadata (6.7 kB)\nDownloading pip-25.0.1-py3-none-any.whl (1.8 MB)\n   ━━━━━━━━━━━━━━━━━━━━━━━━━━━━━━━━━━━━━━━━ 1.8/1.8 MB 42.8 MB/s eta 0:00:00\nDownloading wheel-0.45.1-py3-none-any.whl (72 kB)\nDownloading setuptools-75.8.0-py3-none-any.whl (1.2 MB)\n   ━━━━━━━━━━━━━━━━━━━━━━━━━━━━━━━━━━━━━━━━ 1.2/1.2 MB 194.5 MB/s eta 0:00:00\nInstalling collected packages: wheel, setuptools, pip\n  Attempting uninstall: pip\n    Found existing installation: pip 24.3.1\n    Uninstalling pip-24.3.1:\n      Successfully uninstalled pip-24.3.1\nSuccessfully installed pip-25.0.1 setuptools-75.8.0 wheel-0.45.1\nVirtual environment '~/.virtualenvs/r-reticulate' successfully created.\nUsing virtual environment '~/.virtualenvs/r-reticulate' ...\n+ /Users/runner/.virtualenvs/r-reticulate/bin/python -m pip install --upgrade --no-user --ignore-installed --upgrade setuptools\nCollecting setuptools\n  Using cached setuptools-75.8.0-py3-none-any.whl.metadata (6.7 kB)\nUsing cached setuptools-75.8.0-py3-none-any.whl (1.2 MB)\nInstalling collected packages: setuptools\nSuccessfully installed setuptools-75.8.0\nUsing virtual environment '/Users/runner/.virtualenvs/r-reticulate' ...\n+ /Users/runner/.virtualenvs/r-reticulate/bin/python -m pip install --upgrade --no-user --ignore-installed --upgrade wheel\nCollecting wheel\n  Using cached wheel-0.45.1-py3-none-any.whl.metadata (2.3 kB)\nUsing cached wheel-0.45.1-py3-none-any.whl (72 kB)\nInstalling collected packages: wheel\nSuccessfully installed wheel-0.45.1\nUsing virtual environment '/Users/runner/.virtualenvs/r-reticulate' ...\n+ /Users/runner/.virtualenvs/r-reticulate/bin/python -m pip install --upgrade --no-user --ignore-installed --upgrade Cython\nCollecting Cython\n  Downloading Cython-3.0.12-py2.py3-none-any.whl.metadata (3.3 kB)\nDownloading Cython-3.0.12-py2.py3-none-any.whl (1.2 MB)\n   ━━━━━━━━━━━━━━━━━━━━━━━━━━━━━━━━━━━━━━━━ 1.2/1.2 MB 41.9 MB/s eta 0:00:00\nInstalling collected packages: Cython\nSuccessfully installed Cython-3.0.12\nUsing virtual environment '/Users/runner/.virtualenvs/r-reticulate' ...\n+ /Users/runner/.virtualenvs/r-reticulate/bin/python -m pip install --upgrade --no-user --ignore-installed --upgrade scikit-learn\nCollecting scikit-learn\n  Downloading scikit_learn-1.6.1-cp313-cp313-macosx_12_0_arm64.whl.metadata (31 kB)\nCollecting numpy>=1.19.5 (from scikit-learn)\n  Downloading numpy-2.2.3-cp313-cp313-macosx_14_0_arm64.whl.metadata (62 kB)\nCollecting scipy>=1.6.0 (from scikit-learn)\n  Downloading scipy-1.15.2-cp313-cp313-macosx_14_0_arm64.whl.metadata (61 kB)\nCollecting joblib>=1.2.0 (from scikit-learn)\n  Downloading joblib-1.4.2-py3-none-any.whl.metadata (5.4 kB)\nCollecting threadpoolctl>=3.1.0 (from scikit-learn)\n  Downloading threadpoolctl-3.5.0-py3-none-any.whl.metadata (13 kB)\nDownloading scikit_learn-1.6.1-cp313-cp313-macosx_12_0_arm64.whl (11.1 MB)\n   ━━━━━━━━━━━━━━━━━━━━━━━━━━━━━━━━━━━━━━━━ 11.1/11.1 MB 148.0 MB/s eta 0:00:00\nDownloading joblib-1.4.2-py3-none-any.whl (301 kB)\nDownloading numpy-2.2.3-cp313-cp313-macosx_14_0_arm64.whl (5.1 MB)\n   ━━━━━━━━━━━━━━━━━━━━━━━━━━━━━━━━━━━━━━━━ 5.1/5.1 MB 149.0 MB/s eta 0:00:00\nDownloading scipy-1.15.2-cp313-cp313-macosx_14_0_arm64.whl (22.4 MB)\n   ━━━━━━━━━━━━━━━━━━━━━━━━━━━━━━━━━━━━━━━━ 22.4/22.4 MB 151.6 MB/s eta 0:00:00\nDownloading threadpoolctl-3.5.0-py3-none-any.whl (18 kB)\nInstalling collected packages: threadpoolctl, numpy, joblib, scipy, scikit-learn\nSuccessfully installed joblib-1.4.2 numpy-2.2.3 scikit-learn-1.6.1 scipy-1.15.2 threadpoolctl-3.5.0\nUsing virtual environment '/Users/runner/.virtualenvs/r-reticulate' ...\n+ /Users/runner/.virtualenvs/r-reticulate/bin/python -m pip install --upgrade --no-user --ignore-installed --upgrade --verbose 'git+https://github.com/Techtonique/mlsauce.git'\nUsing pip 25.0.1 from /Users/runner/.virtualenvs/r-reticulate/lib/python3.13/site-packages/pip (python 3.13)\nCollecting git+https://github.com/Techtonique/mlsauce.git\n  Cloning https://github.com/Techtonique/mlsauce.git to /private/var/folders/2s/h6hvv9ps03xgz_krkkstvq_r0000gn/T/pip-req-build-fp6zqqg3\n  Running command git version\n  git version 2.48.1\n  Running command git clone --filter=blob:none https://github.com/Techtonique/mlsauce.git /private/var/folders/2s/h6hvv9ps03xgz_krkkstvq_r0000gn/T/pip-req-build-fp6zqqg3\n  Cloning into '/private/var/folders/2s/h6hvv9ps03xgz_krkkstvq_r0000gn/T/pip-req-build-fp6zqqg3'...\n  Running command git rev-parse HEAD\n  017c735f8e37d0744721a30f5d7859244fc7935f\n  Resolved https://github.com/Techtonique/mlsauce.git to commit 017c735f8e37d0744721a30f5d7859244fc7935f\n  Running command git rev-parse HEAD\n  017c735f8e37d0744721a30f5d7859244fc7935f\n  Preparing metadata (setup.py): started\n  Running command python setup.py egg_info\n  Collecting numpy\n    Using cached numpy-2.2.3-cp313-cp313-macosx_14_0_arm64.whl.metadata (62 kB)\n  Using cached numpy-2.2.3-cp313-cp313-macosx_14_0_arm64.whl (5.1 MB)\n  Installing collected packages: numpy\n  Successfully installed numpy-2.2.3\n\n  [notice] A new release of pip is available: 24.3.1 -> 25.0.1\n  [notice] To update, run: python -m pip install --upgrade pip\n  Collecting scipy\n    Using cached scipy-1.15.2-cp313-cp313-macosx_14_0_arm64.whl.metadata (61 kB)\n  Requirement already satisfied: numpy<2.5,>=1.23.5 in /Library/Frameworks/Python.framework/Versions/3.13/lib/python3.13/site-packages (from scipy) (2.2.3)\n  Using cached scipy-1.15.2-cp313-cp313-macosx_14_0_arm64.whl (22.4 MB)\n  Installing collected packages: scipy\n  Successfully installed scipy-1.15.2\n\n  [notice] A new release of pip is available: 24.3.1 -> 25.0.1\n  [notice] To update, run: python -m pip install --upgrade pip\n  Collecting requests\n    Downloading requests-2.32.3-py3-none-any.whl.metadata (4.6 kB)\n  Collecting charset-normalizer<4,>=2 (from requests)\n    Downloading charset_normalizer-3.4.1-cp313-cp313-macosx_10_13_universal2.whl.metadata (35 kB)\n  Collecting idna<4,>=2.5 (from requests)\n    Downloading idna-3.10-py3-none-any.whl.metadata (10 kB)\n  Collecting urllib3<3,>=1.21.1 (from requests)\n    Downloading urllib3-2.3.0-py3-none-any.whl.metadata (6.5 kB)\n  Requirement already satisfied: certifi>=2017.4.17 in /Library/Frameworks/Python.framework/Versions/3.13/lib/python3.13/site-packages (from requests) (2024.12.14)\n  Downloading requests-2.32.3-py3-none-any.whl (64 kB)\n  Downloading charset_normalizer-3.4.1-cp313-cp313-macosx_10_13_universal2.whl (195 kB)\n  Downloading idna-3.10-py3-none-any.whl (70 kB)\n  Downloading urllib3-2.3.0-py3-none-any.whl (128 kB)\n  Installing collected packages: urllib3, idna, charset-normalizer, requests\n  Successfully installed charset-normalizer-3.4.1 idna-3.10 requests-2.32.3 urllib3-2.3.0\n\n  [notice] A new release of pip is available: 24.3.1 -> 25.0.1\n  [notice] To update, run: python -m pip install --upgrade pip\n  Collecting Cython\n    Using cached Cython-3.0.12-py2.py3-none-any.whl.metadata (3.3 kB)\n  Using cached Cython-3.0.12-py2.py3-none-any.whl (1.2 MB)\n  Installing collected packages: Cython\n  Successfully installed Cython-3.0.12\n\n  [notice] A new release of pip is available: 24.3.1 -> 25.0.1\n  [notice] To update, run: python -m pip install --upgrade pip\n  /Users/runner/.virtualenvs/r-reticulate/lib/python3.13/site-packages/Cython/Compiler/Main.py:381: FutureWarning: Cython directive 'language_level' not set, using '3str' for now (Py3). This has changed from earlier releases! File: /private/var/folders/2s/h6hvv9ps03xgz_krkkstvq_r0000gn/T/pip-req-build-fp6zqqg3/mlsauce/adaopt/_adaoptc.pyx\n    tree = Parsing.p_module(s, pxd, full_module_name)\n  /Users/runner/.virtualenvs/r-reticulate/lib/python3.13/site-packages/Cython/Compiler/Main.py:381: FutureWarning: Cython directive 'language_level' not set, using '3str' for now (Py3). This has changed from earlier releases! File: /private/var/folders/2s/h6hvv9ps03xgz_krkkstvq_r0000gn/T/pip-req-build-fp6zqqg3/mlsauce/booster/_boosterc.pyx\n    tree = Parsing.p_module(s, pxd, full_module_name)\n  /Users/runner/.virtualenvs/r-reticulate/lib/python3.13/site-packages/Cython/Compiler/Main.py:381: FutureWarning: Cython directive 'language_level' not set, using '3str' for now (Py3). This has changed from earlier releases! File: /private/var/folders/2s/h6hvv9ps03xgz_krkkstvq_r0000gn/T/pip-req-build-fp6zqqg3/mlsauce/lasso/_lassoc.pyx\n    tree = Parsing.p_module(s, pxd, full_module_name)\n  warning: mlsauce/lasso/_lassoc.pyx:216:40: the result of using negative indices inside of code sections marked as 'wraparound=False' is undefined\n  warning: mlsauce/lasso/_lassoc.pyx:222:42: the result of using negative indices inside of code sections marked as 'wraparound=False' is undefined\n  warning: mlsauce/lasso/_lassoc.pyx:224:41: the result of using negative indices inside of code sections marked as 'wraparound=False' is undefined\n  /Users/runner/.virtualenvs/r-reticulate/lib/python3.13/site-packages/Cython/Compiler/Main.py:381: FutureWarning: Cython directive 'language_level' not set, using '3str' for now (Py3). This has changed from earlier releases! File: /private/var/folders/2s/h6hvv9ps03xgz_krkkstvq_r0000gn/T/pip-req-build-fp6zqqg3/mlsauce/ridge/_ridgec.pyx\n    tree = Parsing.p_module(s, pxd, full_module_name)\n  warning: mlsauce/ridge/_ridgec.pyx:149:40: the result of using negative indices inside of code sections marked as 'wraparound=False' is undefined\n  warning: mlsauce/ridge/_ridgec.pyx:155:42: the result of using negative indices inside of code sections marked as 'wraparound=False' is undefined\n  warning: mlsauce/ridge/_ridgec.pyx:157:41: the result of using negative indices inside of code sections marked as 'wraparound=False' is undefined\n  /Users/runner/.virtualenvs/r-reticulate/lib/python3.13/site-packages/Cython/Compiler/Main.py:381: FutureWarning: Cython directive 'language_level' not set, using '3str' for now (Py3). This has changed from earlier releases! File: /private/var/folders/2s/h6hvv9ps03xgz_krkkstvq_r0000gn/T/pip-req-build-fp6zqqg3/mlsauce/stump/_stumpc.pyx\n    tree = Parsing.p_module(s, pxd, full_module_name)\n  Compiling mlsauce/adaopt/_adaoptc.pyx because it changed.\n  Compiling mlsauce/booster/_boosterc.pyx because it changed.\n  Compiling mlsauce/lasso/_lassoc.pyx because it changed.\n  Compiling mlsauce/ridge/_ridgec.pyx because it changed.\n  Compiling mlsauce/stump/_stumpc.pyx because it changed.\n  [1/5] Cythonizing mlsauce/adaopt/_adaoptc.pyx\n  [2/5] Cythonizing mlsauce/booster/_boosterc.pyx\n  [3/5] Cythonizing mlsauce/lasso/_lassoc.pyx\n  [4/5] Cythonizing mlsauce/ridge/_ridgec.pyx\n  [5/5] Cythonizing mlsauce/stump/_stumpc.pyx\n  /Users/runner/.virtualenvs/r-reticulate/lib/python3.13/site-packages/setuptools/__init__.py:94: _DeprecatedInstaller: setuptools.installer and fetch_build_eggs are deprecated.\n  !!\n\n          ********************************************************************************\n          Requirements should be satisfied by a PEP 517 installer.\n          If you are using pip, you can try `pip install --use-pep517`.\n          ********************************************************************************\n\n  !!\n    dist.fetch_build_eggs(dist.setup_requires)\n  running egg_info\n  creating /private/var/folders/2s/h6hvv9ps03xgz_krkkstvq_r0000gn/T/pip-pip-egg-info-_qvi079r/mlsauce.egg-info\n  writing /private/var/folders/2s/h6hvv9ps03xgz_krkkstvq_r0000gn/T/pip-pip-egg-info-_qvi079r/mlsauce.egg-info/PKG-INFO\n  writing dependency_links to /private/var/folders/2s/h6hvv9ps03xgz_krkkstvq_r0000gn/T/pip-pip-egg-info-_qvi079r/mlsauce.egg-info/dependency_links.txt\n  writing requirements to /private/var/folders/2s/h6hvv9ps03xgz_krkkstvq_r0000gn/T/pip-pip-egg-info-_qvi079r/mlsauce.egg-info/requires.txt\n  writing top-level names to /private/var/folders/2s/h6hvv9ps03xgz_krkkstvq_r0000gn/T/pip-pip-egg-info-_qvi079r/mlsauce.egg-info/top_level.txt\n  writing manifest file '/private/var/folders/2s/h6hvv9ps03xgz_krkkstvq_r0000gn/T/pip-pip-egg-info-_qvi079r/mlsauce.egg-info/SOURCES.txt'\n  dependency /Users/runner/.virtualenvs/r-reticulate/lib/python3.13/site-packages/numpy/_core/include/numpy/arrayobject.h won't be automatically included in the manifest: the path must be relative\n  dependency /Users/runner/.virtualenvs/r-reticulate/lib/python3.13/site-packages/numpy/_core/include/numpy/arrayscalars.h won't be automatically included in the manifest: the path must be relative\n  dependency /Users/runner/.virtualenvs/r-reticulate/lib/python3.13/site-packages/numpy/_core/include/numpy/ndarrayobject.h won't be automatically included in the manifest: the path must be relative\n  dependency /Users/runner/.virtualenvs/r-reticulate/lib/python3.13/site-packages/numpy/_core/include/numpy/ndarraytypes.h won't be automatically included in the manifest: the path must be relative\n  dependency /Users/runner/.virtualenvs/r-reticulate/lib/python3.13/site-packages/numpy/_core/include/numpy/ufuncobject.h won't be automatically included in the manifest: the path must be relative\n  dependency /Users/runner/.virtualenvs/r-reticulate/lib/python3.13/site-packages/numpy/_core/include/numpy/arrayobject.h won't be automatically included in the manifest: the path must be relative\n  dependency /Users/runner/.virtualenvs/r-reticulate/lib/python3.13/site-packages/numpy/_core/include/numpy/arrayscalars.h won't be automatically included in the manifest: the path must be relative\n  dependency /Users/runner/.virtualenvs/r-reticulate/lib/python3.13/site-packages/numpy/_core/include/numpy/ndarrayobject.h won't be automatically included in the manifest: the path must be relative\n  dependency /Users/runner/.virtualenvs/r-reticulate/lib/python3.13/site-packages/numpy/_core/include/numpy/ndarraytypes.h won't be automatically included in the manifest: the path must be relative\n  dependency /Users/runner/.virtualenvs/r-reticulate/lib/python3.13/site-packages/numpy/_core/include/numpy/ufuncobject.h won't be automatically included in the manifest: the path must be relative\n  dependency /Users/runner/.virtualenvs/r-reticulate/lib/python3.13/site-packages/numpy/_core/include/numpy/arrayobject.h won't be automatically included in the manifest: the path must be relative\n  dependency /Users/runner/.virtualenvs/r-reticulate/lib/python3.13/site-packages/numpy/_core/include/numpy/arrayscalars.h won't be automatically included in the manifest: the path must be relative\n  dependency /Users/runner/.virtualenvs/r-reticulate/lib/python3.13/site-packages/numpy/_core/include/numpy/ndarrayobject.h won't be automatically included in the manifest: the path must be relative\n  dependency /Users/runner/.virtualenvs/r-reticulate/lib/python3.13/site-packages/numpy/_core/include/numpy/ndarraytypes.h won't be automatically included in the manifest: the path must be relative\n  dependency /Users/runner/.virtualenvs/r-reticulate/lib/python3.13/site-packages/numpy/_core/include/numpy/ufuncobject.h won't be automatically included in the manifest: the path must be relative\n  dependency /Users/runner/.virtualenvs/r-reticulate/lib/python3.13/site-packages/numpy/_core/include/numpy/arrayobject.h won't be automatically included in the manifest: the path must be relative\n  dependency /Users/runner/.virtualenvs/r-reticulate/lib/python3.13/site-packages/numpy/_core/include/numpy/arrayscalars.h won't be automatically included in the manifest: the path must be relative\n  dependency /Users/runner/.virtualenvs/r-reticulate/lib/python3.13/site-packages/numpy/_core/include/numpy/ndarrayobject.h won't be automatically included in the manifest: the path must be relative\n  dependency /Users/runner/.virtualenvs/r-reticulate/lib/python3.13/site-packages/numpy/_core/include/numpy/ndarraytypes.h won't be automatically included in the manifest: the path must be relative\n  dependency /Users/runner/.virtualenvs/r-reticulate/lib/python3.13/site-packages/numpy/_core/include/numpy/ufuncobject.h won't be automatically included in the manifest: the path must be relative\n  dependency /Users/runner/.virtualenvs/r-reticulate/lib/python3.13/site-packages/numpy/_core/include/numpy/arrayobject.h won't be automatically included in the manifest: the path must be relative\n  dependency /Users/runner/.virtualenvs/r-reticulate/lib/python3.13/site-packages/numpy/_core/include/numpy/arrayscalars.h won't be automatically included in the manifest: the path must be relative\n  dependency /Users/runner/.virtualenvs/r-reticulate/lib/python3.13/site-packages/numpy/_core/include/numpy/ndarrayobject.h won't be automatically included in the manifest: the path must be relative\n  dependency /Users/runner/.virtualenvs/r-reticulate/lib/python3.13/site-packages/numpy/_core/include/numpy/ndarraytypes.h won't be automatically included in the manifest: the path must be relative\n  dependency /Users/runner/.virtualenvs/r-reticulate/lib/python3.13/site-packages/numpy/_core/include/numpy/ufuncobject.h won't be automatically included in the manifest: the path must be relative\n  reading manifest file '/private/var/folders/2s/h6hvv9ps03xgz_krkkstvq_r0000gn/T/pip-pip-egg-info-_qvi079r/mlsauce.egg-info/SOURCES.txt'\n  adding license file 'LICENSE'\n  writing manifest file '/private/var/folders/2s/h6hvv9ps03xgz_krkkstvq_r0000gn/T/pip-pip-egg-info-_qvi079r/mlsauce.egg-info/SOURCES.txt'\n  Traceback (most recent call last):\n    File \"/private/var/folders/2s/h6hvv9ps03xgz_krkkstvq_r0000gn/T/pip-req-build-fp6zqqg3/mlsauce/adaopt/setup2.py\", line 2, in <module>\n      from setuptools import setup\n  ModuleNotFoundError: No module named 'setuptools'\n  Traceback (most recent call last):\n    File \"/private/var/folders/2s/h6hvv9ps03xgz_krkkstvq_r0000gn/T/pip-req-build-fp6zqqg3/mlsauce/booster/setup2.py\", line 2, in <module>\n      from distutils.core import setup\n  ModuleNotFoundError: No module named 'distutils'\n  /opt/homebrew/Cellar/python@3.13/3.13.1/Frameworks/Python.framework/Versions/3.13/Resources/Python.app/Contents/MacOS/Python: can't open file '/private/var/folders/2s/h6hvv9ps03xgz_krkkstvq_r0000gn/T/pip-req-build-fp6zqqg3/mlsauce/elasticnet/setup2.py': [Errno 2] No such file or directory\n  Traceback (most recent call last):\n    File \"/private/var/folders/2s/h6hvv9ps03xgz_krkkstvq_r0000gn/T/pip-req-build-fp6zqqg3/mlsauce/lasso/setup2.py\", line 2, in <module>\n      from setuptools import setup\n  ModuleNotFoundError: No module named 'setuptools'\n  Traceback (most recent call last):\n    File \"/private/var/folders/2s/h6hvv9ps03xgz_krkkstvq_r0000gn/T/pip-req-build-fp6zqqg3/mlsauce/ridge/setup2.py\", line 2, in <module>\n      from setuptools import setup\n  ModuleNotFoundError: No module named 'setuptools'\n  Traceback (most recent call last):\n    File \"/private/var/folders/2s/h6hvv9ps03xgz_krkkstvq_r0000gn/T/pip-req-build-fp6zqqg3/mlsauce/stump/setup2.py\", line 2, in <module>\n      from setuptools import setup\n  ModuleNotFoundError: No module named 'setuptools'\n  Preparing metadata (setup.py): finished with status 'done'\n  Link requires a different Python (3.13.1 not in: '>=3.7,<3.11'): https://files.pythonhosted.org/packages/3a/be/650f9c091ef71cb01d735775d554e068752d3ff63d7943b26316dc401749/numpy-1.21.2.zip (from https://pypi.org/simple/numpy/) (requires-python:>=3.7,<3.11)\n  Link requires a different Python (3.13.1 not in: '>=3.7,<3.11'): https://files.pythonhosted.org/packages/5f/d6/ad58ded26556eaeaa8c971e08b6466f17c4ac4d786cd3d800e26ce59cc01/numpy-1.21.3.zip (from https://pypi.org/simple/numpy/) (requires-python:>=3.7,<3.11)\n  Link requires a different Python (3.13.1 not in: '>=3.7,<3.11'): https://files.pythonhosted.org/packages/fb/48/b0708ebd7718a8933f0d3937513ef8ef2f4f04529f1f66ca86d873043921/numpy-1.21.4.zip (from https://pypi.org/simple/numpy/) (requires-python:>=3.7,<3.11)\n  Link requires a different Python (3.13.1 not in: '>=3.7,<3.11'): https://files.pythonhosted.org/packages/c2/a8/a924a09492bdfee8c2ec3094d0a13f2799800b4fdc9c890738aeeb12c72e/numpy-1.21.5.zip (from https://pypi.org/simple/numpy/) (requires-python:>=3.7,<3.11)\n  Link requires a different Python (3.13.1 not in: '>=3.7,<3.11'): https://files.pythonhosted.org/packages/45/b7/de7b8e67f2232c26af57c205aaad29fe17754f793404f59c8a730c7a191a/numpy-1.21.6.zip (from https://pypi.org/simple/numpy/) (requires-python:>=3.7,<3.11)\n  Link requires a different Python (3.13.1 not in: '<3.13,>=3.9'): https://files.pythonhosted.org/packages/55/b3/b13bce39ba82b7398c06d10446f5ffd5c07db39b09bd37370dc720c7951c/numpy-1.26.0.tar.gz (from https://pypi.org/simple/numpy/) (requires-python:<3.13,>=3.9)\n  Link requires a different Python (3.13.1 not in: '<3.13,>=3.9'): https://files.pythonhosted.org/packages/78/23/f78fd8311e0f710fe1d065d50b92ce0057fe877b8ed7fd41b28ad6865bfc/numpy-1.26.1.tar.gz (from https://pypi.org/simple/numpy/) (requires-python:<3.13,>=3.9)\nCollecting numpy (from mlsauce==0.24.0)\n  Obtaining dependency information for numpy from https://files.pythonhosted.org/packages/20/60/70af0acc86495b25b672d403e12cb25448d79a2b9658f4fc45e845c397a8/numpy-2.2.3-cp313-cp313-macosx_14_0_arm64.whl.metadata\n  Using cached numpy-2.2.3-cp313-cp313-macosx_14_0_arm64.whl.metadata (62 kB)\nCollecting Cython (from mlsauce==0.24.0)\n  Obtaining dependency information for Cython from https://files.pythonhosted.org/packages/27/6b/7c87867d255cbce8167ed99fc65635e9395d2af0f0c915428f5b17ec412d/Cython-3.0.12-py2.py3-none-any.whl.metadata\n  Using cached Cython-3.0.12-py2.py3-none-any.whl.metadata (3.3 kB)\nCollecting joblib (from mlsauce==0.24.0)\n  Obtaining dependency information for joblib from https://files.pythonhosted.org/packages/91/29/df4b9b42f2be0b623cbd5e2140cafcaa2bef0759a00b7b70104dcfe2fb51/joblib-1.4.2-py3-none-any.whl.metadata\n  Using cached joblib-1.4.2-py3-none-any.whl.metadata (5.4 kB)\nCollecting matplotlib (from mlsauce==0.24.0)\n  Obtaining dependency information for matplotlib from https://files.pythonhosted.org/packages/0d/c4/87b6ad2723070511a411ea719f9c70fde64605423b184face4e94986de9d/matplotlib-3.10.0-cp313-cp313-macosx_11_0_arm64.whl.metadata\n  Downloading matplotlib-3.10.0-cp313-cp313-macosx_11_0_arm64.whl.metadata (11 kB)\nCollecting nnetsauce (from mlsauce==0.24.0)\n  Obtaining dependency information for nnetsauce from https://files.pythonhosted.org/packages/a6/6f/fa7145dcb1e73bce12e0085af8a92d721c98e923271da2151ecec7d59702/nnetsauce-0.30.4-py3-none-any.whl.metadata\n  Downloading nnetsauce-0.30.4-py3-none-any.whl.metadata (978 bytes)\nCollecting pandas (from mlsauce==0.24.0)\n  Obtaining dependency information for pandas from https://files.pythonhosted.org/packages/e4/93/b3f5d1838500e22c8d793625da672f3eec046b1a99257666c94446969282/pandas-2.2.3-cp313-cp313-macosx_11_0_arm64.whl.metadata\n  Downloading pandas-2.2.3-cp313-cp313-macosx_11_0_arm64.whl.metadata (89 kB)\nCollecting requests (from mlsauce==0.24.0)\n  Obtaining dependency information for requests from https://files.pythonhosted.org/packages/f9/9b/335f9764261e915ed497fcdeb11df5dfd6f7bf257d4a6a2a686d80da4d54/requests-2.32.3-py3-none-any.whl.metadata\n  Using cached requests-2.32.3-py3-none-any.whl.metadata (4.6 kB)\nCollecting scikit-learn (from mlsauce==0.24.0)\n  Obtaining dependency information for scikit-learn from https://files.pythonhosted.org/packages/9d/05/f2fc4effc5b32e525408524c982c468c29d22f828834f0625c5ef3d601be/scikit_learn-1.6.1-cp313-cp313-macosx_12_0_arm64.whl.metadata\n  Using cached scikit_learn-1.6.1-cp313-cp313-macosx_12_0_arm64.whl.metadata (31 kB)\n  Link requires a different Python (3.13.1 not in: '>=3.7,<3.10'): https://files.pythonhosted.org/packages/99/f1/c00d6be56e1a718a3068079e3ec8ce044d7179345280f6a3f5066068af0d/scipy-1.6.2.tar.gz (from https://pypi.org/simple/scipy/) (requires-python:>=3.7,<3.10)\n  Link requires a different Python (3.13.1 not in: '>=3.7,<3.10'): https://files.pythonhosted.org/packages/fe/fd/8704c7b7b34cdac850485e638346025ca57c5a859934b9aa1be5399b33b7/scipy-1.6.3.tar.gz (from https://pypi.org/simple/scipy/) (requires-python:>=3.7,<3.10)\n  Link requires a different Python (3.13.1 not in: '>=3.7,<3.10'): https://files.pythonhosted.org/packages/bb/bb/944f559d554df6c9adf037aa9fc982a9706ee0e96c0d5beac701cb158900/scipy-1.7.0.tar.gz (from https://pypi.org/simple/scipy/) (requires-python:>=3.7,<3.10)\n  Link requires a different Python (3.13.1 not in: '>=3.7,<3.10'): https://files.pythonhosted.org/packages/47/33/a24aec22b7be7fdb10ec117a95e1e4099890d8bbc6646902f443fc7719d1/scipy-1.7.1.tar.gz (from https://pypi.org/simple/scipy/) (requires-python:>=3.7,<3.10)\n  Link requires a different Python (3.13.1 not in: '>=3.7,<3.11'): https://files.pythonhosted.org/packages/0e/23/58c4f995475a2a97cb5f4a032aedaf881ad87cd976a7180c55118d105a1d/scipy-1.7.2.tar.gz (from https://pypi.org/simple/scipy/) (requires-python:>=3.7,<3.11)\n  Link requires a different Python (3.13.1 not in: '>=3.7,<3.11'): https://files.pythonhosted.org/packages/61/67/1a654b96309c991762ee9bc39c363fc618076b155fe52d295211cf2536c7/scipy-1.7.3.tar.gz (from https://pypi.org/simple/scipy/) (requires-python:>=3.7,<3.11)\n  Link requires a different Python (3.13.1 not in: '>=3.8,<3.11'): https://files.pythonhosted.org/packages/c0/ad/e3c052ed4e0027a8abef0a5e8441a044427d252d17d9aee06d56e62fc698/scipy-1.8.0rc1.tar.gz (from https://pypi.org/simple/scipy/) (requires-python:>=3.8,<3.11)\n  Link requires a different Python (3.13.1 not in: '>=3.8,<3.11'): https://files.pythonhosted.org/packages/29/d2/151a54944b333e465f98804dced31dab1284f3c37b752b9cefa710b64681/scipy-1.8.0rc2.tar.gz (from https://pypi.org/simple/scipy/) (requires-python:>=3.8,<3.11)\n  Link requires a different Python (3.13.1 not in: '>=3.8,<3.11'): https://files.pythonhosted.org/packages/e4/26/83dd1c6378513a6241d984bda9f08c512b6e35fff13fba3acc1b3c195f02/scipy-1.8.0rc3.tar.gz (from https://pypi.org/simple/scipy/) (requires-python:>=3.8,<3.11)\n  Link requires a different Python (3.13.1 not in: '>=3.8,<3.11'): https://files.pythonhosted.org/packages/22/78/056cc43e7737811b6f50886788a940f852773dd9804f5365952805db9648/scipy-1.8.0rc4.tar.gz (from https://pypi.org/simple/scipy/) (requires-python:>=3.8,<3.11)\n  Link requires a different Python (3.13.1 not in: '>=3.8,<3.11'): https://files.pythonhosted.org/packages/b4/a2/4faa34bf0cdbefd5c706625f1234987795f368eb4e97bde9d6f46860843e/scipy-1.8.0.tar.gz (from https://pypi.org/simple/scipy/) (requires-python:>=3.8,<3.11)\n  Link requires a different Python (3.13.1 not in: '>=3.8,<3.11'): https://files.pythonhosted.org/packages/26/b5/9330f004b9a3b2b6a31f59f46f1617ce9ca15c0e7fe64288c20385a05c9d/scipy-1.8.1.tar.gz (from https://pypi.org/simple/scipy/) (requires-python:>=3.8,<3.11)\n  Link requires a different Python (3.13.1 not in: '>=3.8,<3.12'): https://files.pythonhosted.org/packages/87/82/8b9bf8bb8030f1eef281ad2af87cc648e06e4a4974c2b9201a57d991b12c/scipy-1.9.0rc1.tar.gz (from https://pypi.org/simple/scipy/) (requires-python:>=3.8,<3.12)\n  Link requires a different Python (3.13.1 not in: '>=3.8,<3.12'): https://files.pythonhosted.org/packages/5a/87/27f9ee75c32138d6eaabff2b91744c97a3fdbbbdd78948372dac93e0079f/scipy-1.9.0rc2.tar.gz (from https://pypi.org/simple/scipy/) (requires-python:>=3.8,<3.12)\n  Link requires a different Python (3.13.1 not in: '>=3.8,<3.12'): https://files.pythonhosted.org/packages/57/72/484c38e5b814b48b41ac6432ef69077f2e7c8094925d3ce17bc3d61359b0/scipy-1.9.0rc3.tar.gz (from https://pypi.org/simple/scipy/) (requires-python:>=3.8,<3.12)\n  Link requires a different Python (3.13.1 not in: '>=3.8,<3.12'): https://files.pythonhosted.org/packages/a8/e3/4ec401f609d34162b7023a09165da491630879e4cfa2336667fe2102cd06/scipy-1.9.0.tar.gz (from https://pypi.org/simple/scipy/) (requires-python:>=3.8,<3.12)\n  Link requires a different Python (3.13.1 not in: '>=3.8,<3.12'): https://files.pythonhosted.org/packages/db/af/16906139f52bc6866c43401869ce247662739ad71afa11c6f18505eb0546/scipy-1.9.1.tar.gz (from https://pypi.org/simple/scipy/) (requires-python:>=3.8,<3.12)\n  Link requires a different Python (3.13.1 not in: '<3.12,>=3.8'): https://files.pythonhosted.org/packages/a2/ce/2592c3b550cf8f68879d4ff2159f3c689ee6f032f8fc9059022074f7bd75/scipy-1.10.0rc1.tar.gz (from https://pypi.org/simple/scipy/) (requires-python:<3.12,>=3.8)\n  Link requires a different Python (3.13.1 not in: '<3.12,>=3.8'): https://files.pythonhosted.org/packages/6b/a3/7de758a32569e06877a6b298bdf7b529ce97a33c55deb2b1637b0162fd9d/scipy-1.10.0rc2.tar.gz (from https://pypi.org/simple/scipy/) (requires-python:<3.12,>=3.8)\n  Link requires a different Python (3.13.1 not in: '<3.12,>=3.8'): https://files.pythonhosted.org/packages/d6/bd/2d13a273d95f7b7d9903c906c486040b0aebb85e008f93a5dd0891f21f1f/scipy-1.10.0.tar.gz (from https://pypi.org/simple/scipy/) (requires-python:<3.12,>=3.8)\n  Link requires a different Python (3.13.1 not in: '<3.12,>=3.8'): https://files.pythonhosted.org/packages/84/a9/2bf119f3f9cff1f376f924e39cfae18dec92a1514784046d185731301281/scipy-1.10.1.tar.gz (from https://pypi.org/simple/scipy/) (requires-python:<3.12,>=3.8)\n  Link requires a different Python (3.13.1 not in: '<3.13,>=3.9'): https://files.pythonhosted.org/packages/8c/95/61cf1d8453b2de242991b5371b31d51d53dde38dc99b9b43c0d2b1933fac/scipy-1.11.0rc1.tar.gz (from https://pypi.org/simple/scipy/) (requires-python:<3.13,>=3.9)\n  Link requires a different Python (3.13.1 not in: '<3.13,>=3.9'): https://files.pythonhosted.org/packages/8a/56/d9cc5fa64b8083d495bf1db0a2b10923acda3a105eca7f28765f47564be0/scipy-1.11.0rc2.tar.gz (from https://pypi.org/simple/scipy/) (requires-python:<3.13,>=3.9)\n  Link requires a different Python (3.13.1 not in: '<3.13,>=3.9'): https://files.pythonhosted.org/packages/fa/d0/724c8204f87b6f807e3e67de32b8b4922d579154a448ce94e89129064bf1/scipy-1.11.0.tar.gz (from https://pypi.org/simple/scipy/) (requires-python:<3.13,>=3.9)\n  Link requires a different Python (3.13.1 not in: '<3.13,>=3.9'): https://files.pythonhosted.org/packages/a6/98/fceb84466a74b8fe74ce2dcc3a0a89cb7b4a689d4775e0fb4c95f335ef6a/scipy-1.11.1.tar.gz (from https://pypi.org/simple/scipy/) (requires-python:<3.13,>=3.9)\n  Link requires a different Python (3.13.1 not in: '<3.13,>=3.9'): https://files.pythonhosted.org/packages/9c/ef/87a5565907645998d7c62e76b84b0ca9f0b7c25cd433f5617a968051cec3/scipy-1.11.2.tar.gz (from https://pypi.org/simple/scipy/) (requires-python:<3.13,>=3.9)\n  Link requires a different Python (3.13.1 not in: '<3.13,>=3.9'): https://files.pythonhosted.org/packages/39/7b/9f265b7f074195392e893a5cdc66116c2f7a31fd5f3d9cceff661ec6df82/scipy-1.11.3.tar.gz (from https://pypi.org/simple/scipy/) (requires-python:<3.13,>=3.9)\nCollecting scipy (from mlsauce==0.24.0)\n  Obtaining dependency information for scipy from https://files.pythonhosted.org/packages/dd/b1/f9fe6e3c828cb5930b5fe74cb479de5f3d66d682fa8adb77249acaf545b8/scipy-1.15.2-cp313-cp313-macosx_14_0_arm64.whl.metadata\n  Using cached scipy-1.15.2-cp313-cp313-macosx_14_0_arm64.whl.metadata (61 kB)\nCollecting tqdm (from mlsauce==0.24.0)\n  Obtaining dependency information for tqdm from https://files.pythonhosted.org/packages/d0/30/dc54f88dd4a2b5dc8a0279bdd7270e735851848b762aeb1c1184ed1f6b14/tqdm-4.67.1-py3-none-any.whl.metadata\n  Downloading tqdm-4.67.1-py3-none-any.whl.metadata (57 kB)\nCollecting contourpy>=1.0.1 (from matplotlib->mlsauce==0.24.0)\n  Obtaining dependency information for contourpy>=1.0.1 from https://files.pythonhosted.org/packages/78/4d/c2a09ae014ae984c6bdd29c11e74d3121b25eaa117eca0bb76340efd7e1c/contourpy-1.3.1-cp313-cp313-macosx_11_0_arm64.whl.metadata\n  Downloading contourpy-1.3.1-cp313-cp313-macosx_11_0_arm64.whl.metadata (5.4 kB)\nCollecting cycler>=0.10 (from matplotlib->mlsauce==0.24.0)\n  Obtaining dependency information for cycler>=0.10 from https://files.pythonhosted.org/packages/e7/05/c19819d5e3d95294a6f5947fb9b9629efb316b96de511b418c53d245aae6/cycler-0.12.1-py3-none-any.whl.metadata\n  Downloading cycler-0.12.1-py3-none-any.whl.metadata (3.8 kB)\nCollecting fonttools>=4.22.0 (from matplotlib->mlsauce==0.24.0)\n  Obtaining dependency information for fonttools>=4.22.0 from https://files.pythonhosted.org/packages/a5/55/f06b48d48e0b4ec3a3489efafe9bd4d81b6e0802ac51026e3ee4634e89ba/fonttools-4.56.0-cp313-cp313-macosx_10_13_universal2.whl.metadata\n  Downloading fonttools-4.56.0-cp313-cp313-macosx_10_13_universal2.whl.metadata (101 kB)\nCollecting kiwisolver>=1.3.1 (from matplotlib->mlsauce==0.24.0)\n  Obtaining dependency information for kiwisolver>=1.3.1 from https://files.pythonhosted.org/packages/59/e3/b8bd14b0a54998a9fd1e8da591c60998dc003618cb19a3f94cb233ec1511/kiwisolver-1.4.8-cp313-cp313-macosx_11_0_arm64.whl.metadata\n  Downloading kiwisolver-1.4.8-cp313-cp313-macosx_11_0_arm64.whl.metadata (6.2 kB)\nCollecting packaging>=20.0 (from matplotlib->mlsauce==0.24.0)\n  Obtaining dependency information for packaging>=20.0 from https://files.pythonhosted.org/packages/88/ef/eb23f262cca3c0c4eb7ab1933c3b1f03d021f2c48f54763065b6f0e321be/packaging-24.2-py3-none-any.whl.metadata\n  Downloading packaging-24.2-py3-none-any.whl.metadata (3.2 kB)\nCollecting pillow>=8 (from matplotlib->mlsauce==0.24.0)\n  Obtaining dependency information for pillow>=8 from https://files.pythonhosted.org/packages/ac/0f/ff07ad45a1f172a497aa393b13a9d81a32e1477ef0e869d030e3c1532521/pillow-11.1.0-cp313-cp313-macosx_11_0_arm64.whl.metadata\n  Downloading pillow-11.1.0-cp313-cp313-macosx_11_0_arm64.whl.metadata (9.1 kB)\nCollecting pyparsing>=2.3.1 (from matplotlib->mlsauce==0.24.0)\n  Obtaining dependency information for pyparsing>=2.3.1 from https://files.pythonhosted.org/packages/1c/a7/c8a2d361bf89c0d9577c934ebb7421b25dc84bf3a8e3ac0a40aed9acc547/pyparsing-3.2.1-py3-none-any.whl.metadata\n  Downloading pyparsing-3.2.1-py3-none-any.whl.metadata (5.0 kB)\nCollecting python-dateutil>=2.7 (from matplotlib->mlsauce==0.24.0)\n  Obtaining dependency information for python-dateutil>=2.7 from https://files.pythonhosted.org/packages/ec/57/56b9bcc3c9c6a792fcbaf139543cee77261f3651ca9da0c93f5c1221264b/python_dateutil-2.9.0.post0-py2.py3-none-any.whl.metadata\n  Downloading python_dateutil-2.9.0.post0-py2.py3-none-any.whl.metadata (8.4 kB)\nCollecting statsmodels (from nnetsauce->mlsauce==0.24.0)\n  Obtaining dependency information for statsmodels from https://files.pythonhosted.org/packages/fa/c0/ee6e8ed35fc1ca9c7538c592f4974547bf72274bc98db1ae4a6e87481a83/statsmodels-0.14.4-cp313-cp313-macosx_11_0_arm64.whl.metadata\n  Downloading statsmodels-0.14.4-cp313-cp313-macosx_11_0_arm64.whl.metadata (9.2 kB)\nCollecting threadpoolctl (from nnetsauce->mlsauce==0.24.0)\n  Obtaining dependency information for threadpoolctl from https://files.pythonhosted.org/packages/4b/2c/ffbf7a134b9ab11a67b0cf0726453cedd9c5043a4fe7a35d1cefa9a1bcfb/threadpoolctl-3.5.0-py3-none-any.whl.metadata\n  Using cached threadpoolctl-3.5.0-py3-none-any.whl.metadata (13 kB)\nCollecting pytz>=2020.1 (from pandas->mlsauce==0.24.0)\n  Obtaining dependency information for pytz>=2020.1 from https://files.pythonhosted.org/packages/eb/38/ac33370d784287baa1c3d538978b5e2ea064d4c1b93ffbd12826c190dd10/pytz-2025.1-py2.py3-none-any.whl.metadata\n  Downloading pytz-2025.1-py2.py3-none-any.whl.metadata (22 kB)\nCollecting tzdata>=2022.7 (from pandas->mlsauce==0.24.0)\n  Obtaining dependency information for tzdata>=2022.7 from https://files.pythonhosted.org/packages/0f/dd/84f10e23edd882c6f968c21c2434fe67bd4a528967067515feca9e611e5e/tzdata-2025.1-py2.py3-none-any.whl.metadata\n  Downloading tzdata-2025.1-py2.py3-none-any.whl.metadata (1.4 kB)\nCollecting charset-normalizer<4,>=2 (from requests->mlsauce==0.24.0)\n  Obtaining dependency information for charset-normalizer<4,>=2 from https://files.pythonhosted.org/packages/38/94/ce8e6f63d18049672c76d07d119304e1e2d7c6098f0841b51c666e9f44a0/charset_normalizer-3.4.1-cp313-cp313-macosx_10_13_universal2.whl.metadata\n  Using cached charset_normalizer-3.4.1-cp313-cp313-macosx_10_13_universal2.whl.metadata (35 kB)\nCollecting idna<4,>=2.5 (from requests->mlsauce==0.24.0)\n  Obtaining dependency information for idna<4,>=2.5 from https://files.pythonhosted.org/packages/76/c6/c88e154df9c4e1a2a66ccf0005a88dfb2650c1dffb6f5ce603dfbd452ce3/idna-3.10-py3-none-any.whl.metadata\n  Using cached idna-3.10-py3-none-any.whl.metadata (10 kB)\nCollecting urllib3<3,>=1.21.1 (from requests->mlsauce==0.24.0)\n  Obtaining dependency information for urllib3<3,>=1.21.1 from https://files.pythonhosted.org/packages/c8/19/4ec628951a74043532ca2cf5d97b7b14863931476d117c471e8e2b1eb39f/urllib3-2.3.0-py3-none-any.whl.metadata\n  Using cached urllib3-2.3.0-py3-none-any.whl.metadata (6.5 kB)\nCollecting certifi>=2017.4.17 (from requests->mlsauce==0.24.0)\n  Obtaining dependency information for certifi>=2017.4.17 from https://files.pythonhosted.org/packages/38/fc/bce832fd4fd99766c04d1ee0eead6b0ec6486fb100ae5e74c1d91292b982/certifi-2025.1.31-py3-none-any.whl.metadata\n  Downloading certifi-2025.1.31-py3-none-any.whl.metadata (2.5 kB)\nCollecting six>=1.5 (from python-dateutil>=2.7->matplotlib->mlsauce==0.24.0)\n  Obtaining dependency information for six>=1.5 from https://files.pythonhosted.org/packages/b7/ce/149a00dd41f10bc29e5921b496af8b574d8413afcd5e30dfa0ed46c2cc5e/six-1.17.0-py2.py3-none-any.whl.metadata\n  Downloading six-1.17.0-py2.py3-none-any.whl.metadata (1.7 kB)\nCollecting patsy>=0.5.6 (from statsmodels->nnetsauce->mlsauce==0.24.0)\n  Obtaining dependency information for patsy>=0.5.6 from https://files.pythonhosted.org/packages/87/2b/b50d3d08ea0fc419c183a84210571eba005328efa62b6b98bc28e9ead32a/patsy-1.0.1-py2.py3-none-any.whl.metadata\n  Downloading patsy-1.0.1-py2.py3-none-any.whl.metadata (3.3 kB)\nUsing cached Cython-3.0.12-py2.py3-none-any.whl (1.2 MB)\nUsing cached joblib-1.4.2-py3-none-any.whl (301 kB)\nDownloading matplotlib-3.10.0-cp313-cp313-macosx_11_0_arm64.whl (8.0 MB)\n   ━━━━━━━━━━━━━━━━━━━━━━━━━━━━━━━━━━━━━━━━ 8.0/8.0 MB 137.3 MB/s eta 0:00:00\nUsing cached numpy-2.2.3-cp313-cp313-macosx_14_0_arm64.whl (5.1 MB)\nDownloading nnetsauce-0.30.4-py3-none-any.whl (189 kB)\nDownloading pandas-2.2.3-cp313-cp313-macosx_11_0_arm64.whl (11.3 MB)\n   ━━━━━━━━━━━━━━━━━━━━━━━━━━━━━━━━━━━━━━━━ 11.3/11.3 MB 145.0 MB/s eta 0:00:00\nUsing cached requests-2.32.3-py3-none-any.whl (64 kB)\nUsing cached scikit_learn-1.6.1-cp313-cp313-macosx_12_0_arm64.whl (11.1 MB)\nUsing cached scipy-1.15.2-cp313-cp313-macosx_14_0_arm64.whl (22.4 MB)\nDownloading tqdm-4.67.1-py3-none-any.whl (78 kB)\nDownloading certifi-2025.1.31-py3-none-any.whl (166 kB)\nUsing cached charset_normalizer-3.4.1-cp313-cp313-macosx_10_13_universal2.whl (195 kB)\nDownloading contourpy-1.3.1-cp313-cp313-macosx_11_0_arm64.whl (255 kB)\nDownloading cycler-0.12.1-py3-none-any.whl (8.3 kB)\nDownloading fonttools-4.56.0-cp313-cp313-macosx_10_13_universal2.whl (2.7 MB)\n   ━━━━━━━━━━━━━━━━━━━━━━━━━━━━━━━━━━━━━━━━ 2.7/2.7 MB 184.3 MB/s eta 0:00:00\nUsing cached idna-3.10-py3-none-any.whl (70 kB)\nDownloading kiwisolver-1.4.8-cp313-cp313-macosx_11_0_arm64.whl (65 kB)\nDownloading packaging-24.2-py3-none-any.whl (65 kB)\nDownloading pillow-11.1.0-cp313-cp313-macosx_11_0_arm64.whl (3.1 MB)\n   ━━━━━━━━━━━━━━━━━━━━━━━━━━━━━━━━━━━━━━━━ 3.1/3.1 MB 193.5 MB/s eta 0:00:00\nDownloading pyparsing-3.2.1-py3-none-any.whl (107 kB)\nDownloading python_dateutil-2.9.0.post0-py2.py3-none-any.whl (229 kB)\nDownloading pytz-2025.1-py2.py3-none-any.whl (507 kB)\nUsing cached threadpoolctl-3.5.0-py3-none-any.whl (18 kB)\nDownloading tzdata-2025.1-py2.py3-none-any.whl (346 kB)\nUsing cached urllib3-2.3.0-py3-none-any.whl (128 kB)\nDownloading statsmodels-0.14.4-cp313-cp313-macosx_11_0_arm64.whl (9.9 MB)\n   ━━━━━━━━━━━━━━━━━━━━━━━━━━━━━━━━━━━━━━━━ 9.9/9.9 MB 200.7 MB/s eta 0:00:00\nDownloading patsy-1.0.1-py2.py3-none-any.whl (232 kB)\nDownloading six-1.17.0-py2.py3-none-any.whl (11 kB)\nBuilding wheels for collected packages: mlsauce\n  Building wheel for mlsauce (setup.py): started\n  Running command python setup.py bdist_wheel\n  Requirement already satisfied: numpy in /Library/Frameworks/Python.framework/Versions/3.13/lib/python3.13/site-packages (2.2.3)\n\n  [notice] A new release of pip is available: 24.3.1 -> 25.0.1\n  [notice] To update, run: python -m pip install --upgrade pip\n  Requirement already satisfied: scipy in /Library/Frameworks/Python.framework/Versions/3.13/lib/python3.13/site-packages (1.15.2)\n  Requirement already satisfied: numpy<2.5,>=1.23.5 in /Library/Frameworks/Python.framework/Versions/3.13/lib/python3.13/site-packages (from scipy) (2.2.3)\n\n  [notice] A new release of pip is available: 24.3.1 -> 25.0.1\n  [notice] To update, run: python -m pip install --upgrade pip\n  Requirement already satisfied: requests in /Library/Frameworks/Python.framework/Versions/3.13/lib/python3.13/site-packages (2.32.3)\n  Requirement already satisfied: charset-normalizer<4,>=2 in /Library/Frameworks/Python.framework/Versions/3.13/lib/python3.13/site-packages (from requests) (3.4.1)\n  Requirement already satisfied: idna<4,>=2.5 in /Library/Frameworks/Python.framework/Versions/3.13/lib/python3.13/site-packages (from requests) (3.10)\n  Requirement already satisfied: urllib3<3,>=1.21.1 in /Library/Frameworks/Python.framework/Versions/3.13/lib/python3.13/site-packages (from requests) (2.3.0)\n  Requirement already satisfied: certifi>=2017.4.17 in /Library/Frameworks/Python.framework/Versions/3.13/lib/python3.13/site-packages (from requests) (2024.12.14)\n\n  [notice] A new release of pip is available: 24.3.1 -> 25.0.1\n  [notice] To update, run: python -m pip install --upgrade pip\n  Requirement already satisfied: Cython in /Library/Frameworks/Python.framework/Versions/3.13/lib/python3.13/site-packages (3.0.12)\n\n  [notice] A new release of pip is available: 24.3.1 -> 25.0.1\n  [notice] To update, run: python -m pip install --upgrade pip\n  /Users/runner/.virtualenvs/r-reticulate/lib/python3.13/site-packages/setuptools/__init__.py:94: _DeprecatedInstaller: setuptools.installer and fetch_build_eggs are deprecated.\n  !!\n\n          ********************************************************************************\n          Requirements should be satisfied by a PEP 517 installer.\n          If you are using pip, you can try `pip install --use-pep517`.\n          ********************************************************************************\n\n  !!\n    dist.fetch_build_eggs(dist.setup_requires)\n  running bdist_wheel\n  /Users/runner/.virtualenvs/r-reticulate/lib/python3.13/site-packages/setuptools/_distutils/cmd.py:124: SetuptoolsDeprecationWarning: bdist_wheel.universal is deprecated\n  !!\n\n          ********************************************************************************\n          With Python 2.7 end-of-life, support for building universal wheels\n          (i.e., wheels that support both Python 2 and Python 3)\n          is being obviated.\n          Please discontinue using this option, or if you still need it,\n          file an issue with pypa/setuptools describing your use case.\n\n          By 2025-Aug-30, you need to update your project and remove deprecated calls\n          or your builds will no longer be supported.\n          ********************************************************************************\n\n  !!\n    self.finalize_options()\n  running build\n  running build_py\n  creating build/lib.macosx-10.13-universal2-cpython-313/mlsauce\n  copying mlsauce/__init__.py -> build/lib.macosx-10.13-universal2-cpython-313/mlsauce\n  copying mlsauce/setup.py -> build/lib.macosx-10.13-universal2-cpython-313/mlsauce\n  copying mlsauce/_config.py -> build/lib.macosx-10.13-universal2-cpython-313/mlsauce\n  creating build/lib.macosx-10.13-universal2-cpython-313/mlsauce/stump\n  copying mlsauce/stump/utils_stump.py -> build/lib.macosx-10.13-universal2-cpython-313/mlsauce/stump\n  copying mlsauce/stump/__init__.py -> build/lib.macosx-10.13-universal2-cpython-313/mlsauce/stump\n  copying mlsauce/stump/setup.py -> build/lib.macosx-10.13-universal2-cpython-313/mlsauce/stump\n  copying mlsauce/stump/setup2.py -> build/lib.macosx-10.13-universal2-cpython-313/mlsauce/stump\n  copying mlsauce/stump/_stump_classifier.py -> build/lib.macosx-10.13-universal2-cpython-313/mlsauce/stump\n  creating build/lib.macosx-10.13-universal2-cpython-313/mlsauce/nonconformist\n  copying mlsauce/nonconformist/icp.py -> build/lib.macosx-10.13-universal2-cpython-313/mlsauce/nonconformist\n  copying mlsauce/nonconformist/util.py -> build/lib.macosx-10.13-universal2-cpython-313/mlsauce/nonconformist\n  copying mlsauce/nonconformist/evaluation.py -> build/lib.macosx-10.13-universal2-cpython-313/mlsauce/nonconformist\n  copying mlsauce/nonconformist/__init__.py -> build/lib.macosx-10.13-universal2-cpython-313/mlsauce/nonconformist\n  copying mlsauce/nonconformist/cp.py -> build/lib.macosx-10.13-universal2-cpython-313/mlsauce/nonconformist\n  copying mlsauce/nonconformist/acp.py -> build/lib.macosx-10.13-universal2-cpython-313/mlsauce/nonconformist\n  copying mlsauce/nonconformist/base.py -> build/lib.macosx-10.13-universal2-cpython-313/mlsauce/nonconformist\n  copying mlsauce/nonconformist/nc.py -> build/lib.macosx-10.13-universal2-cpython-313/mlsauce/nonconformist\n  creating build/lib.macosx-10.13-universal2-cpython-313/mlsauce/predictioninterval\n  copying mlsauce/predictioninterval/__init__.py -> build/lib.macosx-10.13-universal2-cpython-313/mlsauce/predictioninterval\n  copying mlsauce/predictioninterval/predictioninterval.py -> build/lib.macosx-10.13-universal2-cpython-313/mlsauce/predictioninterval\n  creating build/lib.macosx-10.13-universal2-cpython-313/mlsauce/ridge\n  copying mlsauce/ridge/utils_ridge.py -> build/lib.macosx-10.13-universal2-cpython-313/mlsauce/ridge\n  copying mlsauce/ridge/__init__.py -> build/lib.macosx-10.13-universal2-cpython-313/mlsauce/ridge\n  copying mlsauce/ridge/setup.py -> build/lib.macosx-10.13-universal2-cpython-313/mlsauce/ridge\n  copying mlsauce/ridge/setup2.py -> build/lib.macosx-10.13-universal2-cpython-313/mlsauce/ridge\n  copying mlsauce/ridge/_ridge.py -> build/lib.macosx-10.13-universal2-cpython-313/mlsauce/ridge\n  creating build/lib.macosx-10.13-universal2-cpython-313/mlsauce/booster\n  copying mlsauce/booster/_booster_regressor.py -> build/lib.macosx-10.13-universal2-cpython-313/mlsauce/booster\n  copying mlsauce/booster/utils_booster.py -> build/lib.macosx-10.13-universal2-cpython-313/mlsauce/booster\n  copying mlsauce/booster/__init__.py -> build/lib.macosx-10.13-universal2-cpython-313/mlsauce/booster\n  copying mlsauce/booster/setup.py -> build/lib.macosx-10.13-universal2-cpython-313/mlsauce/booster\n  copying mlsauce/booster/setup2.py -> build/lib.macosx-10.13-universal2-cpython-313/mlsauce/booster\n  copying mlsauce/booster/_booster_classifier.py -> build/lib.macosx-10.13-universal2-cpython-313/mlsauce/booster\n  creating build/lib.macosx-10.13-universal2-cpython-313/mlsauce/datasets\n  copying mlsauce/datasets/dowload.py -> build/lib.macosx-10.13-universal2-cpython-313/mlsauce/datasets\n  copying mlsauce/datasets/__init__.py -> build/lib.macosx-10.13-universal2-cpython-313/mlsauce/datasets\n  creating build/lib.macosx-10.13-universal2-cpython-313/mlsauce/utils\n  copying mlsauce/utils/__init__.py -> build/lib.macosx-10.13-universal2-cpython-313/mlsauce/utils\n  copying mlsauce/utils/progress_bar.py -> build/lib.macosx-10.13-universal2-cpython-313/mlsauce/utils\n  copying mlsauce/utils/get_beta.py -> build/lib.macosx-10.13-universal2-cpython-313/mlsauce/utils\n  creating build/lib.macosx-10.13-universal2-cpython-313/mlsauce/lazybooster\n  copying mlsauce/lazybooster/lazyboosterregression.py -> build/lib.macosx-10.13-universal2-cpython-313/mlsauce/lazybooster\n  copying mlsauce/lazybooster/config.py -> build/lib.macosx-10.13-universal2-cpython-313/mlsauce/lazybooster\n  copying mlsauce/lazybooster/lazyboostermts.py -> build/lib.macosx-10.13-universal2-cpython-313/mlsauce/lazybooster\n  copying mlsauce/lazybooster/__init__.py -> build/lib.macosx-10.13-universal2-cpython-313/mlsauce/lazybooster\n  copying mlsauce/lazybooster/lazyboosterclassif.py -> build/lib.macosx-10.13-universal2-cpython-313/mlsauce/lazybooster\n  creating build/lib.macosx-10.13-universal2-cpython-313/mlsauce/multitaskregressor\n  copying mlsauce/multitaskregressor/__init__.py -> build/lib.macosx-10.13-universal2-cpython-313/mlsauce/multitaskregressor\n  copying mlsauce/multitaskregressor/mtaskregr.py -> build/lib.macosx-10.13-universal2-cpython-313/mlsauce/multitaskregressor\n  creating build/lib.macosx-10.13-universal2-cpython-313/mlsauce/lasso\n  copying mlsauce/lasso/utils_lasso.py -> build/lib.macosx-10.13-universal2-cpython-313/mlsauce/lasso\n  copying mlsauce/lasso/__init__.py -> build/lib.macosx-10.13-universal2-cpython-313/mlsauce/lasso\n  copying mlsauce/lasso/setup.py -> build/lib.macosx-10.13-universal2-cpython-313/mlsauce/lasso\n  copying mlsauce/lasso/setup2.py -> build/lib.macosx-10.13-universal2-cpython-313/mlsauce/lasso\n  copying mlsauce/lasso/_lasso.py -> build/lib.macosx-10.13-universal2-cpython-313/mlsauce/lasso\n  creating build/lib.macosx-10.13-universal2-cpython-313/mlsauce/adaopt\n  copying mlsauce/adaopt/__init__.py -> build/lib.macosx-10.13-universal2-cpython-313/mlsauce/adaopt\n  copying mlsauce/adaopt/setup.py -> build/lib.macosx-10.13-universal2-cpython-313/mlsauce/adaopt\n  copying mlsauce/adaopt/setup2.py -> build/lib.macosx-10.13-universal2-cpython-313/mlsauce/adaopt\n  copying mlsauce/adaopt/_adaopt.py -> build/lib.macosx-10.13-universal2-cpython-313/mlsauce/adaopt\n  copying mlsauce/adaopt/utils_adaopt.py -> build/lib.macosx-10.13-universal2-cpython-313/mlsauce/adaopt\n  creating build/lib.macosx-10.13-universal2-cpython-313/mlsauce/elasticnet\n  copying mlsauce/elasticnet/_enet.py -> build/lib.macosx-10.13-universal2-cpython-313/mlsauce/elasticnet\n  copying mlsauce/elasticnet/__init__.py -> build/lib.macosx-10.13-universal2-cpython-313/mlsauce/elasticnet\n  copying mlsauce/elasticnet/utils_enet.py -> build/lib.macosx-10.13-universal2-cpython-313/mlsauce/elasticnet\n  copying mlsauce/elasticnet/enet.py -> build/lib.macosx-10.13-universal2-cpython-313/mlsauce/elasticnet\n  creating build/lib.macosx-10.13-universal2-cpython-313/mlsauce/kernelridge\n  copying mlsauce/kernelridge/krr.py -> build/lib.macosx-10.13-universal2-cpython-313/mlsauce/kernelridge\n  copying mlsauce/kernelridge/__init__.py -> build/lib.macosx-10.13-universal2-cpython-313/mlsauce/kernelridge\n  creating build/lib.macosx-10.13-universal2-cpython-313/mlsauce/utils/misc\n  copying mlsauce/utils/misc/misc.py -> build/lib.macosx-10.13-universal2-cpython-313/mlsauce/utils/misc\n  copying mlsauce/utils/misc/__init__.py -> build/lib.macosx-10.13-universal2-cpython-313/mlsauce/utils/misc\n  creating build/lib.macosx-10.13-universal2-cpython-313/mlsauce/utils/metrics\n  copying mlsauce/utils/metrics/metrics.py -> build/lib.macosx-10.13-universal2-cpython-313/mlsauce/utils/metrics\n  copying mlsauce/utils/metrics/__init__.py -> build/lib.macosx-10.13-universal2-cpython-313/mlsauce/utils/metrics\n  creating build/lib.macosx-10.13-universal2-cpython-313/mlsauce/utils/histofeatures\n  copying mlsauce/utils/histofeatures/__init__.py -> build/lib.macosx-10.13-universal2-cpython-313/mlsauce/utils/histofeatures\n  copying mlsauce/utils/histofeatures/gethistofeatures.py -> build/lib.macosx-10.13-universal2-cpython-313/mlsauce/utils/histofeatures\n  creating build/lib.macosx-10.13-universal2-cpython-313/mlsauce/utils/sampling\n  copying mlsauce/utils/sampling/__init__.py -> build/lib.macosx-10.13-universal2-cpython-313/mlsauce/utils/sampling\n  copying mlsauce/utils/sampling/rowsubsampling.py -> build/lib.macosx-10.13-universal2-cpython-313/mlsauce/utils/sampling\n  creating build/lib.macosx-10.13-universal2-cpython-313/mlsauce/utils/memoryuse\n  copying mlsauce/utils/memoryuse/__init__.py -> build/lib.macosx-10.13-universal2-cpython-313/mlsauce/utils/memoryuse\n  copying mlsauce/utils/memoryuse/mem_usage.py -> build/lib.macosx-10.13-universal2-cpython-313/mlsauce/utils/memoryuse\n  creating build/lib.macosx-10.13-universal2-cpython-313/mlsauce/utils/matrixops\n  copying mlsauce/utils/matrixops/matrixops.py -> build/lib.macosx-10.13-universal2-cpython-313/mlsauce/utils/matrixops\n  copying mlsauce/utils/matrixops/__init__.py -> build/lib.macosx-10.13-universal2-cpython-313/mlsauce/utils/matrixops\n  running egg_info\n  creating mlsauce.egg-info\n  writing mlsauce.egg-info/PKG-INFO\n  writing dependency_links to mlsauce.egg-info/dependency_links.txt\n  writing requirements to mlsauce.egg-info/requires.txt\n  writing top-level names to mlsauce.egg-info/top_level.txt\n  writing manifest file 'mlsauce.egg-info/SOURCES.txt'\n  dependency /Users/runner/.virtualenvs/r-reticulate/lib/python3.13/site-packages/numpy/_core/include/numpy/arrayobject.h won't be automatically included in the manifest: the path must be relative\n  dependency /Users/runner/.virtualenvs/r-reticulate/lib/python3.13/site-packages/numpy/_core/include/numpy/arrayscalars.h won't be automatically included in the manifest: the path must be relative\n  dependency /Users/runner/.virtualenvs/r-reticulate/lib/python3.13/site-packages/numpy/_core/include/numpy/ndarrayobject.h won't be automatically included in the manifest: the path must be relative\n  dependency /Users/runner/.virtualenvs/r-reticulate/lib/python3.13/site-packages/numpy/_core/include/numpy/ndarraytypes.h won't be automatically included in the manifest: the path must be relative\n  dependency /Users/runner/.virtualenvs/r-reticulate/lib/python3.13/site-packages/numpy/_core/include/numpy/ufuncobject.h won't be automatically included in the manifest: the path must be relative\n  dependency /Users/runner/.virtualenvs/r-reticulate/lib/python3.13/site-packages/numpy/_core/include/numpy/arrayobject.h won't be automatically included in the manifest: the path must be relative\n  dependency /Users/runner/.virtualenvs/r-reticulate/lib/python3.13/site-packages/numpy/_core/include/numpy/arrayscalars.h won't be automatically included in the manifest: the path must be relative\n  dependency /Users/runner/.virtualenvs/r-reticulate/lib/python3.13/site-packages/numpy/_core/include/numpy/ndarrayobject.h won't be automatically included in the manifest: the path must be relative\n  dependency /Users/runner/.virtualenvs/r-reticulate/lib/python3.13/site-packages/numpy/_core/include/numpy/ndarraytypes.h won't be automatically included in the manifest: the path must be relative\n  dependency /Users/runner/.virtualenvs/r-reticulate/lib/python3.13/site-packages/numpy/_core/include/numpy/ufuncobject.h won't be automatically included in the manifest: the path must be relative\n  dependency /Users/runner/.virtualenvs/r-reticulate/lib/python3.13/site-packages/numpy/_core/include/numpy/arrayobject.h won't be automatically included in the manifest: the path must be relative\n  dependency /Users/runner/.virtualenvs/r-reticulate/lib/python3.13/site-packages/numpy/_core/include/numpy/arrayscalars.h won't be automatically included in the manifest: the path must be relative\n  dependency /Users/runner/.virtualenvs/r-reticulate/lib/python3.13/site-packages/numpy/_core/include/numpy/ndarrayobject.h won't be automatically included in the manifest: the path must be relative\n  dependency /Users/runner/.virtualenvs/r-reticulate/lib/python3.13/site-packages/numpy/_core/include/numpy/ndarraytypes.h won't be automatically included in the manifest: the path must be relative\n  dependency /Users/runner/.virtualenvs/r-reticulate/lib/python3.13/site-packages/numpy/_core/include/numpy/ufuncobject.h won't be automatically included in the manifest: the path must be relative\n  dependency /Users/runner/.virtualenvs/r-reticulate/lib/python3.13/site-packages/numpy/_core/include/numpy/arrayobject.h won't be automatically included in the manifest: the path must be relative\n  dependency /Users/runner/.virtualenvs/r-reticulate/lib/python3.13/site-packages/numpy/_core/include/numpy/arrayscalars.h won't be automatically included in the manifest: the path must be relative\n  dependency /Users/runner/.virtualenvs/r-reticulate/lib/python3.13/site-packages/numpy/_core/include/numpy/ndarrayobject.h won't be automatically included in the manifest: the path must be relative\n  dependency /Users/runner/.virtualenvs/r-reticulate/lib/python3.13/site-packages/numpy/_core/include/numpy/ndarraytypes.h won't be automatically included in the manifest: the path must be relative\n  dependency /Users/runner/.virtualenvs/r-reticulate/lib/python3.13/site-packages/numpy/_core/include/numpy/ufuncobject.h won't be automatically included in the manifest: the path must be relative\n  dependency /Users/runner/.virtualenvs/r-reticulate/lib/python3.13/site-packages/numpy/_core/include/numpy/arrayobject.h won't be automatically included in the manifest: the path must be relative\n  dependency /Users/runner/.virtualenvs/r-reticulate/lib/python3.13/site-packages/numpy/_core/include/numpy/arrayscalars.h won't be automatically included in the manifest: the path must be relative\n  dependency /Users/runner/.virtualenvs/r-reticulate/lib/python3.13/site-packages/numpy/_core/include/numpy/ndarrayobject.h won't be automatically included in the manifest: the path must be relative\n  dependency /Users/runner/.virtualenvs/r-reticulate/lib/python3.13/site-packages/numpy/_core/include/numpy/ndarraytypes.h won't be automatically included in the manifest: the path must be relative\n  dependency /Users/runner/.virtualenvs/r-reticulate/lib/python3.13/site-packages/numpy/_core/include/numpy/ufuncobject.h won't be automatically included in the manifest: the path must be relative\n  reading manifest file 'mlsauce.egg-info/SOURCES.txt'\n  adding license file 'LICENSE'\n  writing manifest file 'mlsauce.egg-info/SOURCES.txt'\n  copying mlsauce/stump/_stumpc.c -> build/lib.macosx-10.13-universal2-cpython-313/mlsauce/stump\n  copying mlsauce/ridge/_ridgec.c -> build/lib.macosx-10.13-universal2-cpython-313/mlsauce/ridge\n  copying mlsauce/booster/_boosterc.c -> build/lib.macosx-10.13-universal2-cpython-313/mlsauce/booster\n  copying mlsauce/lasso/_lassoc.c -> build/lib.macosx-10.13-universal2-cpython-313/mlsauce/lasso\n  copying mlsauce/adaopt/_adaoptc.c -> build/lib.macosx-10.13-universal2-cpython-313/mlsauce/adaopt\n  running build_ext\n  building 'mlsauce.adaopt._adaoptc' extension\n  creating build/temp.macosx-10.13-universal2-cpython-313/mlsauce/adaopt\n  clang -fno-strict-overflow -Wsign-compare -Wunreachable-code -fno-common -dynamic -DNDEBUG -g -O3 -Wall -arch arm64 -arch x86_64 -I/Users/runner/.virtualenvs/r-reticulate/lib/python3.13/site-packages/numpy/_core/include -I/Users/runner/.virtualenvs/r-reticulate/include -I/Library/Frameworks/Python.framework/Versions/3.13/include/python3.13 -c mlsauce/adaopt/_adaoptc.c -o build/temp.macosx-10.13-universal2-cpython-313/mlsauce/adaopt/_adaoptc.o\n  In file included from mlsauce/adaopt/_adaoptc.c:1255:\n  In file included from /Users/runner/.virtualenvs/r-reticulate/lib/python3.13/site-packages/numpy/_core/include/numpy/arrayobject.h:5:\n  In file included from /Users/runner/.virtualenvs/r-reticulate/lib/python3.13/site-packages/numpy/_core/include/numpy/ndarrayobject.h:12:\n  In file included from /Users/runner/.virtualenvs/r-reticulate/lib/python3.13/site-packages/numpy/_core/include/numpy/ndarraytypes.h:1913:\n  /Users/runner/.virtualenvs/r-reticulate/lib/python3.13/site-packages/numpy/_core/include/numpy/npy_1_7_deprecated_api.h:17:2: warning: \"Using deprecated NumPy API, disable it with \"          \"#define NPY_NO_DEPRECATED_API NPY_1_7_API_VERSION\" [-W#warnings]\n  #warning \"Using deprecated NumPy API, disable it with \" \\\n   ^\n  mlsauce/adaopt/_adaoptc.c:41064:13: warning: code will never be executed [-Wunreachable-code]\n              goto bad;\n              ^~~~~~~~\n  2 warnings generated.\n  In file included from mlsauce/adaopt/_adaoptc.c:1255:\n  In file included from /Users/runner/.virtualenvs/r-reticulate/lib/python3.13/site-packages/numpy/_core/include/numpy/arrayobject.h:5:\n  In file included from /Users/runner/.virtualenvs/r-reticulate/lib/python3.13/site-packages/numpy/_core/include/numpy/ndarrayobject.h:12:\n  In file included from /Users/runner/.virtualenvs/r-reticulate/lib/python3.13/site-packages/numpy/_core/include/numpy/ndarraytypes.h:1913:\n  /Users/runner/.virtualenvs/r-reticulate/lib/python3.13/site-packages/numpy/_core/include/numpy/npy_1_7_deprecated_api.h:17:2: warning: \"Using deprecated NumPy API, disable it with \"          \"#define NPY_NO_DEPRECATED_API NPY_1_7_API_VERSION\" [-W#warnings]\n  #warning \"Using deprecated NumPy API, disable it with \" \\\n   ^\n  mlsauce/adaopt/_adaoptc.c:41064:13: warning: code will never be executed [-Wunreachable-code]\n              goto bad;\n              ^~~~~~~~\n  2 warnings generated.\n  clang -bundle -undefined dynamic_lookup -arch arm64 -arch x86_64 build/temp.macosx-10.13-universal2-cpython-313/mlsauce/adaopt/_adaoptc.o -Lmlsauce/adaopt/ -Wl,-rpath,mlsauce/adaopt/ -o build/lib.macosx-10.13-universal2-cpython-313/mlsauce/adaopt/_adaoptc.cpython-313-darwin.so\n  building 'mlsauce.booster._boosterc' extension\n  creating build/temp.macosx-10.13-universal2-cpython-313/mlsauce/booster\n  clang -fno-strict-overflow -Wsign-compare -Wunreachable-code -fno-common -dynamic -DNDEBUG -g -O3 -Wall -arch arm64 -arch x86_64 -I/Users/runner/.virtualenvs/r-reticulate/lib/python3.13/site-packages/numpy/_core/include -I/Users/runner/.virtualenvs/r-reticulate/include -I/Library/Frameworks/Python.framework/Versions/3.13/include/python3.13 -c mlsauce/booster/_boosterc.c -o build/temp.macosx-10.13-universal2-cpython-313/mlsauce/booster/_boosterc.o\n  In file included from mlsauce/booster/_boosterc.c:1255:\n  In file included from /Users/runner/.virtualenvs/r-reticulate/lib/python3.13/site-packages/numpy/_core/include/numpy/arrayobject.h:5:\n  In file included from /Users/runner/.virtualenvs/r-reticulate/lib/python3.13/site-packages/numpy/_core/include/numpy/ndarrayobject.h:12:\n  In file included from /Users/runner/.virtualenvs/r-reticulate/lib/python3.13/site-packages/numpy/_core/include/numpy/ndarraytypes.h:1913:\n  /Users/runner/.virtualenvs/r-reticulate/lib/python3.13/site-packages/numpy/_core/include/numpy/npy_1_7_deprecated_api.h:17:2: warning: \"Using deprecated NumPy API, disable it with \"          \"#define NPY_NO_DEPRECATED_API NPY_1_7_API_VERSION\" [-W#warnings]\n  #warning \"Using deprecated NumPy API, disable it with \" \\\n   ^\n  mlsauce/booster/_boosterc.c:37238:13: warning: code will never be executed [-Wunreachable-code]\n              goto bad;\n              ^~~~~~~~\n  mlsauce/booster/_boosterc.c:38486:21: warning: fallthrough annotation in unreachable code [-Wunreachable-code-fallthrough]\n                      CYTHON_FALLTHROUGH;\n                      ^\n  mlsauce/booster/_boosterc.c:572:34: note: expanded from macro 'CYTHON_FALLTHROUGH'\n        #define CYTHON_FALLTHROUGH __attribute__((fallthrough))\n                                   ^\n  mlsauce/booster/_boosterc.c:38497:21: warning: fallthrough annotation in unreachable code [-Wunreachable-code-fallthrough]\n                      CYTHON_FALLTHROUGH;\n                      ^\n  mlsauce/booster/_boosterc.c:572:34: note: expanded from macro 'CYTHON_FALLTHROUGH'\n        #define CYTHON_FALLTHROUGH __attribute__((fallthrough))\n                                   ^\n  mlsauce/booster/_boosterc.c:38619:21: warning: fallthrough annotation in unreachable code [-Wunreachable-code-fallthrough]\n                      CYTHON_FALLTHROUGH;\n                      ^\n  mlsauce/booster/_boosterc.c:572:34: note: expanded from macro 'CYTHON_FALLTHROUGH'\n        #define CYTHON_FALLTHROUGH __attribute__((fallthrough))\n                                   ^\n  mlsauce/booster/_boosterc.c:38630:21: warning: fallthrough annotation in unreachable code [-Wunreachable-code-fallthrough]\n                      CYTHON_FALLTHROUGH;\n                      ^\n  mlsauce/booster/_boosterc.c:572:34: note: expanded from macro 'CYTHON_FALLTHROUGH'\n        #define CYTHON_FALLTHROUGH __attribute__((fallthrough))\n                                   ^\n  6 warnings generated.\n  In file included from mlsauce/booster/_boosterc.c:1255:\n  In file included from /Users/runner/.virtualenvs/r-reticulate/lib/python3.13/site-packages/numpy/_core/include/numpy/arrayobject.h:5:\n  In file included from /Users/runner/.virtualenvs/r-reticulate/lib/python3.13/site-packages/numpy/_core/include/numpy/ndarrayobject.h:12:\n  In file included from /Users/runner/.virtualenvs/r-reticulate/lib/python3.13/site-packages/numpy/_core/include/numpy/ndarraytypes.h:1913:\n  /Users/runner/.virtualenvs/r-reticulate/lib/python3.13/site-packages/numpy/_core/include/numpy/npy_1_7_deprecated_api.h:17:2: warning: \"Using deprecated NumPy API, disable it with \"          \"#define NPY_NO_DEPRECATED_API NPY_1_7_API_VERSION\" [-W#warnings]\n  #warning \"Using deprecated NumPy API, disable it with \" \\\n   ^\n  mlsauce/booster/_boosterc.c:37238:13: warning: code will never be executed [-Wunreachable-code]\n              goto bad;\n              ^~~~~~~~\n  mlsauce/booster/_boosterc.c:38486:21: warning: fallthrough annotation in unreachable code [-Wunreachable-code-fallthrough]\n                      CYTHON_FALLTHROUGH;\n                      ^\n  mlsauce/booster/_boosterc.c:572:34: note: expanded from macro 'CYTHON_FALLTHROUGH'\n        #define CYTHON_FALLTHROUGH __attribute__((fallthrough))\n                                   ^\n  mlsauce/booster/_boosterc.c:38497:21: warning: fallthrough annotation in unreachable code [-Wunreachable-code-fallthrough]\n                      CYTHON_FALLTHROUGH;\n                      ^\n  mlsauce/booster/_boosterc.c:572:34: note: expanded from macro 'CYTHON_FALLTHROUGH'\n        #define CYTHON_FALLTHROUGH __attribute__((fallthrough))\n                                   ^\n  mlsauce/booster/_boosterc.c:38619:21: warning: fallthrough annotation in unreachable code [-Wunreachable-code-fallthrough]\n                      CYTHON_FALLTHROUGH;\n                      ^\n  mlsauce/booster/_boosterc.c:572:34: note: expanded from macro 'CYTHON_FALLTHROUGH'\n        #define CYTHON_FALLTHROUGH __attribute__((fallthrough))\n                                   ^\n  mlsauce/booster/_boosterc.c:38630:21: warning: fallthrough annotation in unreachable code [-Wunreachable-code-fallthrough]\n                      CYTHON_FALLTHROUGH;\n                      ^\n  mlsauce/booster/_boosterc.c:572:34: note: expanded from macro 'CYTHON_FALLTHROUGH'\n        #define CYTHON_FALLTHROUGH __attribute__((fallthrough))\n                                   ^\n  6 warnings generated.\n  clang -bundle -undefined dynamic_lookup -arch arm64 -arch x86_64 build/temp.macosx-10.13-universal2-cpython-313/mlsauce/booster/_boosterc.o -Lmlsauce/booster/ -Wl,-rpath,mlsauce/booster/ -o build/lib.macosx-10.13-universal2-cpython-313/mlsauce/booster/_boosterc.cpython-313-darwin.so\n  building 'mlsauce.lasso._lassoc' extension\n  creating build/temp.macosx-10.13-universal2-cpython-313/mlsauce/lasso\n  clang -fno-strict-overflow -Wsign-compare -Wunreachable-code -fno-common -dynamic -DNDEBUG -g -O3 -Wall -arch arm64 -arch x86_64 -I/Users/runner/.virtualenvs/r-reticulate/lib/python3.13/site-packages/numpy/_core/include -I/Users/runner/.virtualenvs/r-reticulate/include -I/Library/Frameworks/Python.framework/Versions/3.13/include/python3.13 -c mlsauce/lasso/_lassoc.c -o build/temp.macosx-10.13-universal2-cpython-313/mlsauce/lasso/_lassoc.o\n  In file included from mlsauce/lasso/_lassoc.c:1255:\n  In file included from /Users/runner/.virtualenvs/r-reticulate/lib/python3.13/site-packages/numpy/_core/include/numpy/arrayobject.h:5:\n  In file included from /Users/runner/.virtualenvs/r-reticulate/lib/python3.13/site-packages/numpy/_core/include/numpy/ndarrayobject.h:12:\n  In file included from /Users/runner/.virtualenvs/r-reticulate/lib/python3.13/site-packages/numpy/_core/include/numpy/ndarraytypes.h:1913:\n  /Users/runner/.virtualenvs/r-reticulate/lib/python3.13/site-packages/numpy/_core/include/numpy/npy_1_7_deprecated_api.h:17:2: warning: \"Using deprecated NumPy API, disable it with \"          \"#define NPY_NO_DEPRECATED_API NPY_1_7_API_VERSION\" [-W#warnings]\n  #warning \"Using deprecated NumPy API, disable it with \" \\\n   ^\n  mlsauce/lasso/_lassoc.c:15950:21: warning: fallthrough annotation in unreachable code [-Wunreachable-code-fallthrough]\n                      CYTHON_FALLTHROUGH;\n                      ^\n  mlsauce/lasso/_lassoc.c:572:34: note: expanded from macro 'CYTHON_FALLTHROUGH'\n        #define CYTHON_FALLTHROUGH __attribute__((fallthrough))\n                                   ^\n  mlsauce/lasso/_lassoc.c:15961:21: warning: fallthrough annotation in unreachable code [-Wunreachable-code-fallthrough]\n                      CYTHON_FALLTHROUGH;\n                      ^\n  mlsauce/lasso/_lassoc.c:572:34: note: expanded from macro 'CYTHON_FALLTHROUGH'\n        #define CYTHON_FALLTHROUGH __attribute__((fallthrough))\n                                   ^\n  3 warnings generated.\n  In file included from mlsauce/lasso/_lassoc.c:1255:\n  In file included from /Users/runner/.virtualenvs/r-reticulate/lib/python3.13/site-packages/numpy/_core/include/numpy/arrayobject.h:5:\n  In file included from /Users/runner/.virtualenvs/r-reticulate/lib/python3.13/site-packages/numpy/_core/include/numpy/ndarrayobject.h:12:\n  In file included from /Users/runner/.virtualenvs/r-reticulate/lib/python3.13/site-packages/numpy/_core/include/numpy/ndarraytypes.h:1913:\n  /Users/runner/.virtualenvs/r-reticulate/lib/python3.13/site-packages/numpy/_core/include/numpy/npy_1_7_deprecated_api.h:17:2: warning: \"Using deprecated NumPy API, disable it with \"          \"#define NPY_NO_DEPRECATED_API NPY_1_7_API_VERSION\" [-W#warnings]\n  #warning \"Using deprecated NumPy API, disable it with \" \\\n   ^\n  mlsauce/lasso/_lassoc.c:15950:21: warning: fallthrough annotation in unreachable code [-Wunreachable-code-fallthrough]\n                      CYTHON_FALLTHROUGH;\n                      ^\n  mlsauce/lasso/_lassoc.c:572:34: note: expanded from macro 'CYTHON_FALLTHROUGH'\n        #define CYTHON_FALLTHROUGH __attribute__((fallthrough))\n                                   ^\n  mlsauce/lasso/_lassoc.c:15961:21: warning: fallthrough annotation in unreachable code [-Wunreachable-code-fallthrough]\n                      CYTHON_FALLTHROUGH;\n                      ^\n  mlsauce/lasso/_lassoc.c:572:34: note: expanded from macro 'CYTHON_FALLTHROUGH'\n        #define CYTHON_FALLTHROUGH __attribute__((fallthrough))\n                                   ^\n  3 warnings generated.\n  clang -bundle -undefined dynamic_lookup -arch arm64 -arch x86_64 build/temp.macosx-10.13-universal2-cpython-313/mlsauce/lasso/_lassoc.o -Lmlsauce/lasso/ -Wl,-rpath,mlsauce/lasso/ -o build/lib.macosx-10.13-universal2-cpython-313/mlsauce/lasso/_lassoc.cpython-313-darwin.so\n  building 'mlsauce.ridge._ridgec' extension\n  creating build/temp.macosx-10.13-universal2-cpython-313/mlsauce/ridge\n  clang -fno-strict-overflow -Wsign-compare -Wunreachable-code -fno-common -dynamic -DNDEBUG -g -O3 -Wall -arch arm64 -arch x86_64 -I/Users/runner/.virtualenvs/r-reticulate/lib/python3.13/site-packages/numpy/_core/include -I/Users/runner/.virtualenvs/r-reticulate/include -I/Library/Frameworks/Python.framework/Versions/3.13/include/python3.13 -c mlsauce/ridge/_ridgec.c -o build/temp.macosx-10.13-universal2-cpython-313/mlsauce/ridge/_ridgec.o\n  In file included from mlsauce/ridge/_ridgec.c:1255:\n  In file included from /Users/runner/.virtualenvs/r-reticulate/lib/python3.13/site-packages/numpy/_core/include/numpy/arrayobject.h:5:\n  In file included from /Users/runner/.virtualenvs/r-reticulate/lib/python3.13/site-packages/numpy/_core/include/numpy/ndarrayobject.h:12:\n  In file included from /Users/runner/.virtualenvs/r-reticulate/lib/python3.13/site-packages/numpy/_core/include/numpy/ndarraytypes.h:1913:\n  /Users/runner/.virtualenvs/r-reticulate/lib/python3.13/site-packages/numpy/_core/include/numpy/npy_1_7_deprecated_api.h:17:2: warning: \"Using deprecated NumPy API, disable it with \"          \"#define NPY_NO_DEPRECATED_API NPY_1_7_API_VERSION\" [-W#warnings]\n  #warning \"Using deprecated NumPy API, disable it with \" \\\n   ^\n  mlsauce/ridge/_ridgec.c:13359:21: warning: fallthrough annotation in unreachable code [-Wunreachable-code-fallthrough]\n                      CYTHON_FALLTHROUGH;\n                      ^\n  mlsauce/ridge/_ridgec.c:572:34: note: expanded from macro 'CYTHON_FALLTHROUGH'\n        #define CYTHON_FALLTHROUGH __attribute__((fallthrough))\n                                   ^\n  mlsauce/ridge/_ridgec.c:13370:21: warning: fallthrough annotation in unreachable code [-Wunreachable-code-fallthrough]\n                      CYTHON_FALLTHROUGH;\n                      ^\n  mlsauce/ridge/_ridgec.c:572:34: note: expanded from macro 'CYTHON_FALLTHROUGH'\n        #define CYTHON_FALLTHROUGH __attribute__((fallthrough))\n                                   ^\n  3 warnings generated.\n  In file included from mlsauce/ridge/_ridgec.c:1255:\n  In file included from /Users/runner/.virtualenvs/r-reticulate/lib/python3.13/site-packages/numpy/_core/include/numpy/arrayobject.h:5:\n  In file included from /Users/runner/.virtualenvs/r-reticulate/lib/python3.13/site-packages/numpy/_core/include/numpy/ndarrayobject.h:12:\n  In file included from /Users/runner/.virtualenvs/r-reticulate/lib/python3.13/site-packages/numpy/_core/include/numpy/ndarraytypes.h:1913:\n  /Users/runner/.virtualenvs/r-reticulate/lib/python3.13/site-packages/numpy/_core/include/numpy/npy_1_7_deprecated_api.h:17:2: warning: \"Using deprecated NumPy API, disable it with \"          \"#define NPY_NO_DEPRECATED_API NPY_1_7_API_VERSION\" [-W#warnings]\n  #warning \"Using deprecated NumPy API, disable it with \" \\\n   ^\n  mlsauce/ridge/_ridgec.c:13359:21: warning: fallthrough annotation in unreachable code [-Wunreachable-code-fallthrough]\n                      CYTHON_FALLTHROUGH;\n                      ^\n  mlsauce/ridge/_ridgec.c:572:34: note: expanded from macro 'CYTHON_FALLTHROUGH'\n        #define CYTHON_FALLTHROUGH __attribute__((fallthrough))\n                                   ^\n  mlsauce/ridge/_ridgec.c:13370:21: warning: fallthrough annotation in unreachable code [-Wunreachable-code-fallthrough]\n                      CYTHON_FALLTHROUGH;\n                      ^\n  mlsauce/ridge/_ridgec.c:572:34: note: expanded from macro 'CYTHON_FALLTHROUGH'\n        #define CYTHON_FALLTHROUGH __attribute__((fallthrough))\n                                   ^\n  3 warnings generated.\n  clang -bundle -undefined dynamic_lookup -arch arm64 -arch x86_64 build/temp.macosx-10.13-universal2-cpython-313/mlsauce/ridge/_ridgec.o -Lmlsauce/ridge/ -Wl,-rpath,mlsauce/ridge/ -o build/lib.macosx-10.13-universal2-cpython-313/mlsauce/ridge/_ridgec.cpython-313-darwin.so\n  building 'mlsauce.stump._stumpc' extension\n  creating build/temp.macosx-10.13-universal2-cpython-313/mlsauce/stump\n  clang -fno-strict-overflow -Wsign-compare -Wunreachable-code -fno-common -dynamic -DNDEBUG -g -O3 -Wall -arch arm64 -arch x86_64 -I/Users/runner/.virtualenvs/r-reticulate/lib/python3.13/site-packages/numpy/_core/include -I/Users/runner/.virtualenvs/r-reticulate/include -I/Library/Frameworks/Python.framework/Versions/3.13/include/python3.13 -c mlsauce/stump/_stumpc.c -o build/temp.macosx-10.13-universal2-cpython-313/mlsauce/stump/_stumpc.o\n  In file included from mlsauce/stump/_stumpc.c:1255:\n  In file included from /Users/runner/.virtualenvs/r-reticulate/lib/python3.13/site-packages/numpy/_core/include/numpy/arrayobject.h:5:\n  In file included from /Users/runner/.virtualenvs/r-reticulate/lib/python3.13/site-packages/numpy/_core/include/numpy/ndarrayobject.h:12:\n  In file included from /Users/runner/.virtualenvs/r-reticulate/lib/python3.13/site-packages/numpy/_core/include/numpy/ndarraytypes.h:1913:\n  /Users/runner/.virtualenvs/r-reticulate/lib/python3.13/site-packages/numpy/_core/include/numpy/npy_1_7_deprecated_api.h:17:2: warning: \"Using deprecated NumPy API, disable it with \"          \"#define NPY_NO_DEPRECATED_API NPY_1_7_API_VERSION\" [-W#warnings]\n  #warning \"Using deprecated NumPy API, disable it with \" \\\n   ^\n  mlsauce/stump/_stumpc.c:27891:13: warning: code will never be executed [-Wunreachable-code]\n              goto bad;\n              ^~~~~~~~\n  mlsauce/stump/_stumpc.c:20073:15: warning: unused function '__pyx_f_7mlsauce_5stump_7_stumpc_min_c' [-Wunused-function]\n  static double __pyx_f_7mlsauce_5stump_7_stumpc_min_c(double __pyx_v_x, double __pyx_v_y) {\n                ^\n  mlsauce/stump/_stumpc.c:20137:15: warning: unused function '__pyx_f_7mlsauce_5stump_7_stumpc_max_c' [-Wunused-function]\n  static double __pyx_f_7mlsauce_5stump_7_stumpc_max_c(double __pyx_v_x, double __pyx_v_y) {\n                ^\n  4 warnings generated.\n  In file included from mlsauce/stump/_stumpc.c:1255:\n  In file included from /Users/runner/.virtualenvs/r-reticulate/lib/python3.13/site-packages/numpy/_core/include/numpy/arrayobject.h:5:\n  In file included from /Users/runner/.virtualenvs/r-reticulate/lib/python3.13/site-packages/numpy/_core/include/numpy/ndarrayobject.h:12:\n  In file included from /Users/runner/.virtualenvs/r-reticulate/lib/python3.13/site-packages/numpy/_core/include/numpy/ndarraytypes.h:1913:\n  /Users/runner/.virtualenvs/r-reticulate/lib/python3.13/site-packages/numpy/_core/include/numpy/npy_1_7_deprecated_api.h:17:2: warning: \"Using deprecated NumPy API, disable it with \"          \"#define NPY_NO_DEPRECATED_API NPY_1_7_API_VERSION\" [-W#warnings]\n  #warning \"Using deprecated NumPy API, disable it with \" \\\n   ^\n  mlsauce/stump/_stumpc.c:27891:13: warning: code will never be executed [-Wunreachable-code]\n              goto bad;\n              ^~~~~~~~\n  mlsauce/stump/_stumpc.c:20073:15: warning: unused function '__pyx_f_7mlsauce_5stump_7_stumpc_min_c' [-Wunused-function]\n  static double __pyx_f_7mlsauce_5stump_7_stumpc_min_c(double __pyx_v_x, double __pyx_v_y) {\n                ^\n  mlsauce/stump/_stumpc.c:20137:15: warning: unused function '__pyx_f_7mlsauce_5stump_7_stumpc_max_c' [-Wunused-function]\n  static double __pyx_f_7mlsauce_5stump_7_stumpc_max_c(double __pyx_v_x, double __pyx_v_y) {\n                ^\n  4 warnings generated.\n  clang -bundle -undefined dynamic_lookup -arch arm64 -arch x86_64 build/temp.macosx-10.13-universal2-cpython-313/mlsauce/stump/_stumpc.o -Lmlsauce/stump/ -Wl,-rpath,mlsauce/stump/ -o build/lib.macosx-10.13-universal2-cpython-313/mlsauce/stump/_stumpc.cpython-313-darwin.so\n  /Users/runner/.virtualenvs/r-reticulate/lib/python3.13/site-packages/setuptools/_distutils/cmd.py:79: SetuptoolsDeprecationWarning: setup.py install is deprecated.\n  !!\n\n          ********************************************************************************\n          Please avoid running ``setup.py`` directly.\n          Instead, use pypa/build, pypa/installer or other\n          standards-based tools.\n\n          See https://blog.ganssle.io/articles/2021/10/setup-py-deprecated.html for details.\n          ********************************************************************************\n\n  !!\n    self.initialize_options()\n  installing to build/bdist.macosx-10.13-universal2/wheel\n  running install\n  running install_lib\n  creating build/bdist.macosx-10.13-universal2/wheel\n  creating build/bdist.macosx-10.13-universal2/wheel/mlsauce\n  creating build/bdist.macosx-10.13-universal2/wheel/mlsauce/stump\n  copying build/lib.macosx-10.13-universal2-cpython-313/mlsauce/stump/utils_stump.py -> build/bdist.macosx-10.13-universal2/wheel/./mlsauce/stump\n  copying build/lib.macosx-10.13-universal2-cpython-313/mlsauce/stump/__init__.py -> build/bdist.macosx-10.13-universal2/wheel/./mlsauce/stump\n  copying build/lib.macosx-10.13-universal2-cpython-313/mlsauce/stump/_stumpc.c -> build/bdist.macosx-10.13-universal2/wheel/./mlsauce/stump\n  copying build/lib.macosx-10.13-universal2-cpython-313/mlsauce/stump/setup.py -> build/bdist.macosx-10.13-universal2/wheel/./mlsauce/stump\n  copying build/lib.macosx-10.13-universal2-cpython-313/mlsauce/stump/setup2.py -> build/bdist.macosx-10.13-universal2/wheel/./mlsauce/stump\n  copying build/lib.macosx-10.13-universal2-cpython-313/mlsauce/stump/_stump_classifier.py -> build/bdist.macosx-10.13-universal2/wheel/./mlsauce/stump\n  copying build/lib.macosx-10.13-universal2-cpython-313/mlsauce/stump/_stumpc.cpython-313-darwin.so -> build/bdist.macosx-10.13-universal2/wheel/./mlsauce/stump\n  creating build/bdist.macosx-10.13-universal2/wheel/mlsauce/nonconformist\n  copying build/lib.macosx-10.13-universal2-cpython-313/mlsauce/nonconformist/icp.py -> build/bdist.macosx-10.13-universal2/wheel/./mlsauce/nonconformist\n  copying build/lib.macosx-10.13-universal2-cpython-313/mlsauce/nonconformist/util.py -> build/bdist.macosx-10.13-universal2/wheel/./mlsauce/nonconformist\n  copying build/lib.macosx-10.13-universal2-cpython-313/mlsauce/nonconformist/evaluation.py -> build/bdist.macosx-10.13-universal2/wheel/./mlsauce/nonconformist\n  copying build/lib.macosx-10.13-universal2-cpython-313/mlsauce/nonconformist/__init__.py -> build/bdist.macosx-10.13-universal2/wheel/./mlsauce/nonconformist\n  copying build/lib.macosx-10.13-universal2-cpython-313/mlsauce/nonconformist/cp.py -> build/bdist.macosx-10.13-universal2/wheel/./mlsauce/nonconformist\n  copying build/lib.macosx-10.13-universal2-cpython-313/mlsauce/nonconformist/acp.py -> build/bdist.macosx-10.13-universal2/wheel/./mlsauce/nonconformist\n  copying build/lib.macosx-10.13-universal2-cpython-313/mlsauce/nonconformist/base.py -> build/bdist.macosx-10.13-universal2/wheel/./mlsauce/nonconformist\n  copying build/lib.macosx-10.13-universal2-cpython-313/mlsauce/nonconformist/nc.py -> build/bdist.macosx-10.13-universal2/wheel/./mlsauce/nonconformist\n  creating build/bdist.macosx-10.13-universal2/wheel/mlsauce/predictioninterval\n  copying build/lib.macosx-10.13-universal2-cpython-313/mlsauce/predictioninterval/__init__.py -> build/bdist.macosx-10.13-universal2/wheel/./mlsauce/predictioninterval\n  copying build/lib.macosx-10.13-universal2-cpython-313/mlsauce/predictioninterval/predictioninterval.py -> build/bdist.macosx-10.13-universal2/wheel/./mlsauce/predictioninterval\n  creating build/bdist.macosx-10.13-universal2/wheel/mlsauce/ridge\n  copying build/lib.macosx-10.13-universal2-cpython-313/mlsauce/ridge/utils_ridge.py -> build/bdist.macosx-10.13-universal2/wheel/./mlsauce/ridge\n  copying build/lib.macosx-10.13-universal2-cpython-313/mlsauce/ridge/__init__.py -> build/bdist.macosx-10.13-universal2/wheel/./mlsauce/ridge\n  copying build/lib.macosx-10.13-universal2-cpython-313/mlsauce/ridge/_ridgec.cpython-313-darwin.so -> build/bdist.macosx-10.13-universal2/wheel/./mlsauce/ridge\n  copying build/lib.macosx-10.13-universal2-cpython-313/mlsauce/ridge/setup.py -> build/bdist.macosx-10.13-universal2/wheel/./mlsauce/ridge\n  copying build/lib.macosx-10.13-universal2-cpython-313/mlsauce/ridge/setup2.py -> build/bdist.macosx-10.13-universal2/wheel/./mlsauce/ridge\n  copying build/lib.macosx-10.13-universal2-cpython-313/mlsauce/ridge/_ridge.py -> build/bdist.macosx-10.13-universal2/wheel/./mlsauce/ridge\n  copying build/lib.macosx-10.13-universal2-cpython-313/mlsauce/ridge/_ridgec.c -> build/bdist.macosx-10.13-universal2/wheel/./mlsauce/ridge\n  creating build/bdist.macosx-10.13-universal2/wheel/mlsauce/booster\n  copying build/lib.macosx-10.13-universal2-cpython-313/mlsauce/booster/_booster_regressor.py -> build/bdist.macosx-10.13-universal2/wheel/./mlsauce/booster\n  copying build/lib.macosx-10.13-universal2-cpython-313/mlsauce/booster/utils_booster.py -> build/bdist.macosx-10.13-universal2/wheel/./mlsauce/booster\n  copying build/lib.macosx-10.13-universal2-cpython-313/mlsauce/booster/_boosterc.cpython-313-darwin.so -> build/bdist.macosx-10.13-universal2/wheel/./mlsauce/booster\n  copying build/lib.macosx-10.13-universal2-cpython-313/mlsauce/booster/__init__.py -> build/bdist.macosx-10.13-universal2/wheel/./mlsauce/booster\n  copying build/lib.macosx-10.13-universal2-cpython-313/mlsauce/booster/_boosterc.c -> build/bdist.macosx-10.13-universal2/wheel/./mlsauce/booster\n  copying build/lib.macosx-10.13-universal2-cpython-313/mlsauce/booster/setup.py -> build/bdist.macosx-10.13-universal2/wheel/./mlsauce/booster\n  copying build/lib.macosx-10.13-universal2-cpython-313/mlsauce/booster/setup2.py -> build/bdist.macosx-10.13-universal2/wheel/./mlsauce/booster\n  copying build/lib.macosx-10.13-universal2-cpython-313/mlsauce/booster/_booster_classifier.py -> build/bdist.macosx-10.13-universal2/wheel/./mlsauce/booster\n  creating build/bdist.macosx-10.13-universal2/wheel/mlsauce/datasets\n  copying build/lib.macosx-10.13-universal2-cpython-313/mlsauce/datasets/dowload.py -> build/bdist.macosx-10.13-universal2/wheel/./mlsauce/datasets\n  copying build/lib.macosx-10.13-universal2-cpython-313/mlsauce/datasets/__init__.py -> build/bdist.macosx-10.13-universal2/wheel/./mlsauce/datasets\n  copying build/lib.macosx-10.13-universal2-cpython-313/mlsauce/__init__.py -> build/bdist.macosx-10.13-universal2/wheel/./mlsauce\n  creating build/bdist.macosx-10.13-universal2/wheel/mlsauce/utils\n  creating build/bdist.macosx-10.13-universal2/wheel/mlsauce/utils/misc\n  copying build/lib.macosx-10.13-universal2-cpython-313/mlsauce/utils/misc/misc.py -> build/bdist.macosx-10.13-universal2/wheel/./mlsauce/utils/misc\n  copying build/lib.macosx-10.13-universal2-cpython-313/mlsauce/utils/misc/__init__.py -> build/bdist.macosx-10.13-universal2/wheel/./mlsauce/utils/misc\n  creating build/bdist.macosx-10.13-universal2/wheel/mlsauce/utils/metrics\n  copying build/lib.macosx-10.13-universal2-cpython-313/mlsauce/utils/metrics/metrics.py -> build/bdist.macosx-10.13-universal2/wheel/./mlsauce/utils/metrics\n  copying build/lib.macosx-10.13-universal2-cpython-313/mlsauce/utils/metrics/__init__.py -> build/bdist.macosx-10.13-universal2/wheel/./mlsauce/utils/metrics\n  creating build/bdist.macosx-10.13-universal2/wheel/mlsauce/utils/histofeatures\n  copying build/lib.macosx-10.13-universal2-cpython-313/mlsauce/utils/histofeatures/__init__.py -> build/bdist.macosx-10.13-universal2/wheel/./mlsauce/utils/histofeatures\n  copying build/lib.macosx-10.13-universal2-cpython-313/mlsauce/utils/histofeatures/gethistofeatures.py -> build/bdist.macosx-10.13-universal2/wheel/./mlsauce/utils/histofeatures\n  creating build/bdist.macosx-10.13-universal2/wheel/mlsauce/utils/sampling\n  copying build/lib.macosx-10.13-universal2-cpython-313/mlsauce/utils/sampling/__init__.py -> build/bdist.macosx-10.13-universal2/wheel/./mlsauce/utils/sampling\n  copying build/lib.macosx-10.13-universal2-cpython-313/mlsauce/utils/sampling/rowsubsampling.py -> build/bdist.macosx-10.13-universal2/wheel/./mlsauce/utils/sampling\n  copying build/lib.macosx-10.13-universal2-cpython-313/mlsauce/utils/__init__.py -> build/bdist.macosx-10.13-universal2/wheel/./mlsauce/utils\n  copying build/lib.macosx-10.13-universal2-cpython-313/mlsauce/utils/progress_bar.py -> build/bdist.macosx-10.13-universal2/wheel/./mlsauce/utils\n  copying build/lib.macosx-10.13-universal2-cpython-313/mlsauce/utils/get_beta.py -> build/bdist.macosx-10.13-universal2/wheel/./mlsauce/utils\n  creating build/bdist.macosx-10.13-universal2/wheel/mlsauce/utils/memoryuse\n  copying build/lib.macosx-10.13-universal2-cpython-313/mlsauce/utils/memoryuse/__init__.py -> build/bdist.macosx-10.13-universal2/wheel/./mlsauce/utils/memoryuse\n  copying build/lib.macosx-10.13-universal2-cpython-313/mlsauce/utils/memoryuse/mem_usage.py -> build/bdist.macosx-10.13-universal2/wheel/./mlsauce/utils/memoryuse\n  creating build/bdist.macosx-10.13-universal2/wheel/mlsauce/utils/matrixops\n  copying build/lib.macosx-10.13-universal2-cpython-313/mlsauce/utils/matrixops/matrixops.py -> build/bdist.macosx-10.13-universal2/wheel/./mlsauce/utils/matrixops\n  copying build/lib.macosx-10.13-universal2-cpython-313/mlsauce/utils/matrixops/__init__.py -> build/bdist.macosx-10.13-universal2/wheel/./mlsauce/utils/matrixops\n  creating build/bdist.macosx-10.13-universal2/wheel/mlsauce/lazybooster\n  copying build/lib.macosx-10.13-universal2-cpython-313/mlsauce/lazybooster/lazyboosterregression.py -> build/bdist.macosx-10.13-universal2/wheel/./mlsauce/lazybooster\n  copying build/lib.macosx-10.13-universal2-cpython-313/mlsauce/lazybooster/config.py -> build/bdist.macosx-10.13-universal2/wheel/./mlsauce/lazybooster\n  copying build/lib.macosx-10.13-universal2-cpython-313/mlsauce/lazybooster/lazyboostermts.py -> build/bdist.macosx-10.13-universal2/wheel/./mlsauce/lazybooster\n  copying build/lib.macosx-10.13-universal2-cpython-313/mlsauce/lazybooster/__init__.py -> build/bdist.macosx-10.13-universal2/wheel/./mlsauce/lazybooster\n  copying build/lib.macosx-10.13-universal2-cpython-313/mlsauce/lazybooster/lazyboosterclassif.py -> build/bdist.macosx-10.13-universal2/wheel/./mlsauce/lazybooster\n  copying build/lib.macosx-10.13-universal2-cpython-313/mlsauce/setup.py -> build/bdist.macosx-10.13-universal2/wheel/./mlsauce\n  creating build/bdist.macosx-10.13-universal2/wheel/mlsauce/multitaskregressor\n  copying build/lib.macosx-10.13-universal2-cpython-313/mlsauce/multitaskregressor/__init__.py -> build/bdist.macosx-10.13-universal2/wheel/./mlsauce/multitaskregressor\n  copying build/lib.macosx-10.13-universal2-cpython-313/mlsauce/multitaskregressor/mtaskregr.py -> build/bdist.macosx-10.13-universal2/wheel/./mlsauce/multitaskregressor\n  creating build/bdist.macosx-10.13-universal2/wheel/mlsauce/lasso\n  copying build/lib.macosx-10.13-universal2-cpython-313/mlsauce/lasso/utils_lasso.py -> build/bdist.macosx-10.13-universal2/wheel/./mlsauce/lasso\n  copying build/lib.macosx-10.13-universal2-cpython-313/mlsauce/lasso/__init__.py -> build/bdist.macosx-10.13-universal2/wheel/./mlsauce/lasso\n  copying build/lib.macosx-10.13-universal2-cpython-313/mlsauce/lasso/_lassoc.cpython-313-darwin.so -> build/bdist.macosx-10.13-universal2/wheel/./mlsauce/lasso\n  copying build/lib.macosx-10.13-universal2-cpython-313/mlsauce/lasso/setup.py -> build/bdist.macosx-10.13-universal2/wheel/./mlsauce/lasso\n  copying build/lib.macosx-10.13-universal2-cpython-313/mlsauce/lasso/setup2.py -> build/bdist.macosx-10.13-universal2/wheel/./mlsauce/lasso\n  copying build/lib.macosx-10.13-universal2-cpython-313/mlsauce/lasso/_lasso.py -> build/bdist.macosx-10.13-universal2/wheel/./mlsauce/lasso\n  copying build/lib.macosx-10.13-universal2-cpython-313/mlsauce/lasso/_lassoc.c -> build/bdist.macosx-10.13-universal2/wheel/./mlsauce/lasso\n  copying build/lib.macosx-10.13-universal2-cpython-313/mlsauce/_config.py -> build/bdist.macosx-10.13-universal2/wheel/./mlsauce\n  creating build/bdist.macosx-10.13-universal2/wheel/mlsauce/adaopt\n  copying build/lib.macosx-10.13-universal2-cpython-313/mlsauce/adaopt/__init__.py -> build/bdist.macosx-10.13-universal2/wheel/./mlsauce/adaopt\n  copying build/lib.macosx-10.13-universal2-cpython-313/mlsauce/adaopt/_adaoptc.c -> build/bdist.macosx-10.13-universal2/wheel/./mlsauce/adaopt\n  copying build/lib.macosx-10.13-universal2-cpython-313/mlsauce/adaopt/setup.py -> build/bdist.macosx-10.13-universal2/wheel/./mlsauce/adaopt\n  copying build/lib.macosx-10.13-universal2-cpython-313/mlsauce/adaopt/setup2.py -> build/bdist.macosx-10.13-universal2/wheel/./mlsauce/adaopt\n  copying build/lib.macosx-10.13-universal2-cpython-313/mlsauce/adaopt/_adaoptc.cpython-313-darwin.so -> build/bdist.macosx-10.13-universal2/wheel/./mlsauce/adaopt\n  copying build/lib.macosx-10.13-universal2-cpython-313/mlsauce/adaopt/_adaopt.py -> build/bdist.macosx-10.13-universal2/wheel/./mlsauce/adaopt\n  copying build/lib.macosx-10.13-universal2-cpython-313/mlsauce/adaopt/utils_adaopt.py -> build/bdist.macosx-10.13-universal2/wheel/./mlsauce/adaopt\n  creating build/bdist.macosx-10.13-universal2/wheel/mlsauce/elasticnet\n  copying build/lib.macosx-10.13-universal2-cpython-313/mlsauce/elasticnet/_enet.py -> build/bdist.macosx-10.13-universal2/wheel/./mlsauce/elasticnet\n  copying build/lib.macosx-10.13-universal2-cpython-313/mlsauce/elasticnet/__init__.py -> build/bdist.macosx-10.13-universal2/wheel/./mlsauce/elasticnet\n  copying build/lib.macosx-10.13-universal2-cpython-313/mlsauce/elasticnet/utils_enet.py -> build/bdist.macosx-10.13-universal2/wheel/./mlsauce/elasticnet\n  copying build/lib.macosx-10.13-universal2-cpython-313/mlsauce/elasticnet/enet.py -> build/bdist.macosx-10.13-universal2/wheel/./mlsauce/elasticnet\n  creating build/bdist.macosx-10.13-universal2/wheel/mlsauce/kernelridge\n  copying build/lib.macosx-10.13-universal2-cpython-313/mlsauce/kernelridge/krr.py -> build/bdist.macosx-10.13-universal2/wheel/./mlsauce/kernelridge\n  copying build/lib.macosx-10.13-universal2-cpython-313/mlsauce/kernelridge/__init__.py -> build/bdist.macosx-10.13-universal2/wheel/./mlsauce/kernelridge\n  running install_egg_info\n  Copying mlsauce.egg-info to build/bdist.macosx-10.13-universal2/wheel/./mlsauce-0.24.0-py3.13.egg-info\n  running install_scripts\n  creating build/bdist.macosx-10.13-universal2/wheel/mlsauce-0.24.0.dist-info/WHEEL\n  creating '/private/var/folders/2s/h6hvv9ps03xgz_krkkstvq_r0000gn/T/pip-wheel-4a8dy4y6/mlsauce-0.24.0-cp313-cp313-macosx_10_13_universal2.whl' and adding 'build/bdist.macosx-10.13-universal2/wheel' to it\n  adding 'mlsauce/__init__.py'\n  adding 'mlsauce/_config.py'\n  adding 'mlsauce/setup.py'\n  adding 'mlsauce/adaopt/__init__.py'\n  adding 'mlsauce/adaopt/_adaopt.py'\n  adding 'mlsauce/adaopt/_adaoptc.c'\n  adding 'mlsauce/adaopt/_adaoptc.cpython-313-darwin.so'\n  adding 'mlsauce/adaopt/setup.py'\n  adding 'mlsauce/adaopt/setup2.py'\n  adding 'mlsauce/adaopt/utils_adaopt.py'\n  adding 'mlsauce/booster/__init__.py'\n  adding 'mlsauce/booster/_booster_classifier.py'\n  adding 'mlsauce/booster/_booster_regressor.py'\n  adding 'mlsauce/booster/_boosterc.c'\n  adding 'mlsauce/booster/_boosterc.cpython-313-darwin.so'\n  adding 'mlsauce/booster/setup.py'\n  adding 'mlsauce/booster/setup2.py'\n  adding 'mlsauce/booster/utils_booster.py'\n  adding 'mlsauce/datasets/__init__.py'\n  adding 'mlsauce/datasets/dowload.py'\n  adding 'mlsauce/elasticnet/__init__.py'\n  adding 'mlsauce/elasticnet/_enet.py'\n  adding 'mlsauce/elasticnet/enet.py'\n  adding 'mlsauce/elasticnet/utils_enet.py'\n  adding 'mlsauce/kernelridge/__init__.py'\n  adding 'mlsauce/kernelridge/krr.py'\n  adding 'mlsauce/lasso/__init__.py'\n  adding 'mlsauce/lasso/_lasso.py'\n  adding 'mlsauce/lasso/_lassoc.c'\n  adding 'mlsauce/lasso/_lassoc.cpython-313-darwin.so'\n  adding 'mlsauce/lasso/setup.py'\n  adding 'mlsauce/lasso/setup2.py'\n  adding 'mlsauce/lasso/utils_lasso.py'\n  adding 'mlsauce/lazybooster/__init__.py'\n  adding 'mlsauce/lazybooster/config.py'\n  adding 'mlsauce/lazybooster/lazyboosterclassif.py'\n  adding 'mlsauce/lazybooster/lazyboostermts.py'\n  adding 'mlsauce/lazybooster/lazyboosterregression.py'\n  adding 'mlsauce/multitaskregressor/__init__.py'\n  adding 'mlsauce/multitaskregressor/mtaskregr.py'\n  adding 'mlsauce/nonconformist/__init__.py'\n  adding 'mlsauce/nonconformist/acp.py'\n  adding 'mlsauce/nonconformist/base.py'\n  adding 'mlsauce/nonconformist/cp.py'\n  adding 'mlsauce/nonconformist/evaluation.py'\n  adding 'mlsauce/nonconformist/icp.py'\n  adding 'mlsauce/nonconformist/nc.py'\n  adding 'mlsauce/nonconformist/util.py'\n  adding 'mlsauce/predictioninterval/__init__.py'\n  adding 'mlsauce/predictioninterval/predictioninterval.py'\n  adding 'mlsauce/ridge/__init__.py'\n  adding 'mlsauce/ridge/_ridge.py'\n  adding 'mlsauce/ridge/_ridgec.c'\n  adding 'mlsauce/ridge/_ridgec.cpython-313-darwin.so'\n  adding 'mlsauce/ridge/setup.py'\n  adding 'mlsauce/ridge/setup2.py'\n  adding 'mlsauce/ridge/utils_ridge.py'\n  adding 'mlsauce/stump/__init__.py'\n  adding 'mlsauce/stump/_stump_classifier.py'\n  adding 'mlsauce/stump/_stumpc.c'\n  adding 'mlsauce/stump/_stumpc.cpython-313-darwin.so'\n  adding 'mlsauce/stump/setup.py'\n  adding 'mlsauce/stump/setup2.py'\n  adding 'mlsauce/stump/utils_stump.py'\n  adding 'mlsauce/utils/__init__.py'\n  adding 'mlsauce/utils/get_beta.py'\n  adding 'mlsauce/utils/progress_bar.py'\n  adding 'mlsauce/utils/histofeatures/__init__.py'\n  adding 'mlsauce/utils/histofeatures/gethistofeatures.py'\n  adding 'mlsauce/utils/matrixops/__init__.py'\n  adding 'mlsauce/utils/matrixops/matrixops.py'\n  adding 'mlsauce/utils/memoryuse/__init__.py'\n  adding 'mlsauce/utils/memoryuse/mem_usage.py'\n  adding 'mlsauce/utils/metrics/__init__.py'\n  adding 'mlsauce/utils/metrics/metrics.py'\n  adding 'mlsauce/utils/misc/__init__.py'\n  adding 'mlsauce/utils/misc/misc.py'\n  adding 'mlsauce/utils/sampling/__init__.py'\n  adding 'mlsauce/utils/sampling/rowsubsampling.py'\n  adding 'mlsauce-0.24.0.dist-info/LICENSE'\n  adding 'mlsauce-0.24.0.dist-info/METADATA'\n  adding 'mlsauce-0.24.0.dist-info/WHEEL'\n  adding 'mlsauce-0.24.0.dist-info/top_level.txt'\n  adding 'mlsauce-0.24.0.dist-info/RECORD'\n  removing build/bdist.macosx-10.13-universal2/wheel\n  Traceback (most recent call last):\n    File \"/private/var/folders/2s/h6hvv9ps03xgz_krkkstvq_r0000gn/T/pip-req-build-fp6zqqg3/mlsauce/adaopt/setup2.py\", line 2, in <module>\n      from setuptools import setup\n  ModuleNotFoundError: No module named 'setuptools'\n  Traceback (most recent call last):\n    File \"/private/var/folders/2s/h6hvv9ps03xgz_krkkstvq_r0000gn/T/pip-req-build-fp6zqqg3/mlsauce/booster/setup2.py\", line 2, in <module>\n      from distutils.core import setup\n  ModuleNotFoundError: No module named 'distutils'\n  /opt/homebrew/Cellar/python@3.13/3.13.1/Frameworks/Python.framework/Versions/3.13/Resources/Python.app/Contents/MacOS/Python: can't open file '/private/var/folders/2s/h6hvv9ps03xgz_krkkstvq_r0000gn/T/pip-req-build-fp6zqqg3/mlsauce/elasticnet/setup2.py': [Errno 2] No such file or directory\n  Traceback (most recent call last):\n    File \"/private/var/folders/2s/h6hvv9ps03xgz_krkkstvq_r0000gn/T/pip-req-build-fp6zqqg3/mlsauce/lasso/setup2.py\", line 2, in <module>\n      from setuptools import setup\n  ModuleNotFoundError: No module named 'setuptools'\n  Traceback (most recent call last):\n    File \"/private/var/folders/2s/h6hvv9ps03xgz_krkkstvq_r0000gn/T/pip-req-build-fp6zqqg3/mlsauce/ridge/setup2.py\", line 2, in <module>\n      from setuptools import setup\n  ModuleNotFoundError: No module named 'setuptools'\n  Traceback (most recent call last):\n    File \"/private/var/folders/2s/h6hvv9ps03xgz_krkkstvq_r0000gn/T/pip-req-build-fp6zqqg3/mlsauce/stump/setup2.py\", line 2, in <module>\n      from setuptools import setup\n  ModuleNotFoundError: No module named 'setuptools'\n  Building wheel for mlsauce (setup.py): finished with status 'done'\n  Created wheel for mlsauce: filename=mlsauce-0.24.0-cp313-cp313-macosx_10_13_universal2.whl size=2026327 sha256=d43e4b9755d147bdb323beca222d04c49ca7530da1d7b2cc57792b6afc649624\n  Stored in directory: /private/var/folders/2s/h6hvv9ps03xgz_krkkstvq_r0000gn/T/pip-ephem-wheel-cache-uii31ss4/wheels/33/f1/a3/911a4fc9b1bacbc01665c35467d2f9ce2224bdd9224334bbae\nSuccessfully built mlsauce\nInstalling collected packages: pytz, urllib3, tzdata, tqdm, threadpoolctl, six, pyparsing, pillow, packaging, numpy, kiwisolver, joblib, idna, fonttools, Cython, cycler, charset-normalizer, certifi, scipy, requests, python-dateutil, patsy, contourpy, scikit-learn, pandas, matplotlib, statsmodels, nnetsauce, mlsauce\n  changing mode of /Users/runner/.virtualenvs/r-reticulate/bin/tqdm to 755\n  changing mode of /Users/runner/.virtualenvs/r-reticulate/bin/f2py to 755\n  changing mode of /Users/runner/.virtualenvs/r-reticulate/bin/numpy-config to 755\n  changing mode of /Users/runner/.virtualenvs/r-reticulate/bin/fonttools to 755\n  changing mode of /Users/runner/.virtualenvs/r-reticulate/bin/pyftmerge to 755\n  changing mode of /Users/runner/.virtualenvs/r-reticulate/bin/pyftsubset to 755\n  changing mode of /Users/runner/.virtualenvs/r-reticulate/bin/ttx to 755\n  changing mode of /Users/runner/.virtualenvs/r-reticulate/bin/cygdb to 755\n  changing mode of /Users/runner/.virtualenvs/r-reticulate/bin/cython to 755\n  changing mode of /Users/runner/.virtualenvs/r-reticulate/bin/cythonize to 755\n  changing mode of /Users/runner/.virtualenvs/r-reticulate/bin/normalizer to 755\nSuccessfully installed Cython-3.0.12 certifi-2025.1.31 charset-normalizer-3.4.1 contourpy-1.3.1 cycler-0.12.1 fonttools-4.56.0 idna-3.10 joblib-1.4.2 kiwisolver-1.4.8 matplotlib-3.10.0 mlsauce-0.24.0 nnetsauce-0.30.4 numpy-2.2.3 packaging-24.2 pandas-2.2.3 patsy-1.0.1 pillow-11.1.0 pyparsing-3.2.1 python-dateutil-2.9.0.post0 pytz-2025.1 requests-2.32.3 scikit-learn-1.6.1 scipy-1.15.2 six-1.17.0 statsmodels-0.14.4 threadpoolctl-3.5.0 tqdm-4.67.1 tzdata-2025.1 urllib3-2.3.0\n** testing if installed package can be loaded from final location\nInstalling package into ‘/Users/runner/work/_temp/Library’\n(as ‘lib’ is unspecified)\ntrying URL 'https://cloud.r-project.org/bin/macosx/big-sur-arm64/contrib/4.4/reticulate_1.40.0.tgz'\nContent type 'application/x-gzip' length 2773003 bytes (2.6 MB)\n==================================================\ndownloaded 2.6 MB\n\n\nThe downloaded binary packages are in\n\t/var/folders/2s/h6hvv9ps03xgz_krkkstvq_r0000gn/T//RtmprqfrJP/downloaded_packages\nUsing virtual environment '/Users/runner/.virtualenvs/r-reticulate' ...\n+ /Users/runner/.virtualenvs/r-reticulate/bin/python -m pip install --upgrade --no-user --ignore-installed --upgrade setuptools\nCollecting setuptools\n  Using cached setuptools-75.8.0-py3-none-any.whl.metadata (6.7 kB)\nUsing cached setuptools-75.8.0-py3-none-any.whl (1.2 MB)\nInstalling collected packages: setuptools\nSuccessfully installed setuptools-75.8.0\nUsing virtual environment '/Users/runner/.virtualenvs/r-reticulate' ...\n+ /Users/runner/.virtualenvs/r-reticulate/bin/python -m pip install --upgrade --no-user --ignore-installed --upgrade wheel\nCollecting wheel\n  Using cached wheel-0.45.1-py3-none-any.whl.metadata (2.3 kB)\nUsing cached wheel-0.45.1-py3-none-any.whl (72 kB)\nInstalling collected packages: wheel\nSuccessfully installed wheel-0.45.1\nUsing virtual environment '/Users/runner/.virtualenvs/r-reticulate' ...\n+ /Users/runner/.virtualenvs/r-reticulate/bin/python -m pip install --upgrade --no-user --ignore-installed --upgrade Cython\nCollecting Cython\n  Using cached Cython-3.0.12-py2.py3-none-any.whl.metadata (3.3 kB)\nUsing cached Cython-3.0.12-py2.py3-none-any.whl (1.2 MB)\nInstalling collected packages: Cython\nSuccessfully installed Cython-3.0.12\nUsing virtual environment '/Users/runner/.virtualenvs/r-reticulate' ...\n+ /Users/runner/.virtualenvs/r-reticulate/bin/python -m pip install --upgrade --no-user --ignore-installed --upgrade scikit-learn\nCollecting scikit-learn\n  Using cached scikit_learn-1.6.1-cp313-cp313-macosx_12_0_arm64.whl.metadata (31 kB)\nCollecting numpy>=1.19.5 (from scikit-learn)\n  Using cached numpy-2.2.3-cp313-cp313-macosx_14_0_arm64.whl.metadata (62 kB)\nCollecting scipy>=1.6.0 (from scikit-learn)\n  Using cached scipy-1.15.2-cp313-cp313-macosx_14_0_arm64.whl.metadata (61 kB)\nCollecting joblib>=1.2.0 (from scikit-learn)\n  Using cached joblib-1.4.2-py3-none-any.whl.metadata (5.4 kB)\nCollecting threadpoolctl>=3.1.0 (from scikit-learn)\n  Using cached threadpoolctl-3.5.0-py3-none-any.whl.metadata (13 kB)\nUsing cached scikit_learn-1.6.1-cp313-cp313-macosx_12_0_arm64.whl (11.1 MB)\nUsing cached joblib-1.4.2-py3-none-any.whl (301 kB)\nUsing cached numpy-2.2.3-cp313-cp313-macosx_14_0_arm64.whl (5.1 MB)\nUsing cached scipy-1.15.2-cp313-cp313-macosx_14_0_arm64.whl (22.4 MB)\nUsing cached threadpoolctl-3.5.0-py3-none-any.whl (18 kB)\nInstalling collected packages: threadpoolctl, numpy, joblib, scipy, scikit-learn\nSuccessfully installed joblib-1.4.2 numpy-2.2.3 scikit-learn-1.6.1 scipy-1.15.2 threadpoolctl-3.5.0\nUsing virtual environment '/Users/runner/.virtualenvs/r-reticulate' ...\n+ /Users/runner/.virtualenvs/r-reticulate/bin/python -m pip install --upgrade --no-user --ignore-installed --upgrade --verbose 'git+https://github.com/Techtonique/mlsauce.git'\nUsing pip 25.0.1 from /Users/runner/.virtualenvs/r-reticulate/lib/python3.13/site-packages/pip (python 3.13)\nCollecting git+https://github.com/Techtonique/mlsauce.git\n  Cloning https://github.com/Techtonique/mlsauce.git to /private/var/folders/2s/h6hvv9ps03xgz_krkkstvq_r0000gn/T/pip-req-build-4fw72q70\n  Running command git version\n  git version 2.48.1\n  Running command git clone --filter=blob:none https://github.com/Techtonique/mlsauce.git /private/var/folders/2s/h6hvv9ps03xgz_krkkstvq_r0000gn/T/pip-req-build-4fw72q70\n  Cloning into '/private/var/folders/2s/h6hvv9ps03xgz_krkkstvq_r0000gn/T/pip-req-build-4fw72q70'...\n  Running command git rev-parse HEAD\n  017c735f8e37d0744721a30f5d7859244fc7935f\n  Resolved https://github.com/Techtonique/mlsauce.git to commit 017c735f8e37d0744721a30f5d7859244fc7935f\n  Running command git rev-parse HEAD\n  017c735f8e37d0744721a30f5d7859244fc7935f\n  Preparing metadata (setup.py): started\n  Running command python setup.py egg_info\n  Requirement already satisfied: numpy in /Library/Frameworks/Python.framework/Versions/3.13/lib/python3.13/site-packages (2.2.3)\n\n  [notice] A new release of pip is available: 24.3.1 -> 25.0.1\n  [notice] To update, run: python -m pip install --upgrade pip\n  Requirement already satisfied: scipy in /Library/Frameworks/Python.framework/Versions/3.13/lib/python3.13/site-packages (1.15.2)\n  Requirement already satisfied: numpy<2.5,>=1.23.5 in /Library/Frameworks/Python.framework/Versions/3.13/lib/python3.13/site-packages (from scipy) (2.2.3)\n\n  [notice] A new release of pip is available: 24.3.1 -> 25.0.1\n  [notice] To update, run: python -m pip install --upgrade pip\n  Requirement already satisfied: requests in /Library/Frameworks/Python.framework/Versions/3.13/lib/python3.13/site-packages (2.32.3)\n  Requirement already satisfied: charset-normalizer<4,>=2 in /Library/Frameworks/Python.framework/Versions/3.13/lib/python3.13/site-packages (from requests) (3.4.1)\n  Requirement already satisfied: idna<4,>=2.5 in /Library/Frameworks/Python.framework/Versions/3.13/lib/python3.13/site-packages (from requests) (3.10)\n  Requirement already satisfied: urllib3<3,>=1.21.1 in /Library/Frameworks/Python.framework/Versions/3.13/lib/python3.13/site-packages (from requests) (2.3.0)\n  Requirement already satisfied: certifi>=2017.4.17 in /Library/Frameworks/Python.framework/Versions/3.13/lib/python3.13/site-packages (from requests) (2024.12.14)\n\n  [notice] A new release of pip is available: 24.3.1 -> 25.0.1\n  [notice] To update, run: python -m pip install --upgrade pip\n  Requirement already satisfied: Cython in /Library/Frameworks/Python.framework/Versions/3.13/lib/python3.13/site-packages (3.0.12)\n\n  [notice] A new release of pip is available: 24.3.1 -> 25.0.1\n  [notice] To update, run: python -m pip install --upgrade pip\n  /Users/runner/.virtualenvs/r-reticulate/lib/python3.13/site-packages/Cython/Compiler/Main.py:381: FutureWarning: Cython directive 'language_level' not set, using '3str' for now (Py3). This has changed from earlier releases! File: /private/var/folders/2s/h6hvv9ps03xgz_krkkstvq_r0000gn/T/pip-req-build-4fw72q70/mlsauce/adaopt/_adaoptc.pyx\n    tree = Parsing.p_module(s, pxd, full_module_name)\n  /Users/runner/.virtualenvs/r-reticulate/lib/python3.13/site-packages/Cython/Compiler/Main.py:381: FutureWarning: Cython directive 'language_level' not set, using '3str' for now (Py3). This has changed from earlier releases! File: /private/var/folders/2s/h6hvv9ps03xgz_krkkstvq_r0000gn/T/pip-req-build-4fw72q70/mlsauce/booster/_boosterc.pyx\n    tree = Parsing.p_module(s, pxd, full_module_name)\n  /Users/runner/.virtualenvs/r-reticulate/lib/python3.13/site-packages/Cython/Compiler/Main.py:381: FutureWarning: Cython directive 'language_level' not set, using '3str' for now (Py3). This has changed from earlier releases! File: /private/var/folders/2s/h6hvv9ps03xgz_krkkstvq_r0000gn/T/pip-req-build-4fw72q70/mlsauce/lasso/_lassoc.pyx\n    tree = Parsing.p_module(s, pxd, full_module_name)\n  warning: mlsauce/lasso/_lassoc.pyx:216:40: the result of using negative indices inside of code sections marked as 'wraparound=False' is undefined\n  warning: mlsauce/lasso/_lassoc.pyx:222:42: the result of using negative indices inside of code sections marked as 'wraparound=False' is undefined\n  warning: mlsauce/lasso/_lassoc.pyx:224:41: the result of using negative indices inside of code sections marked as 'wraparound=False' is undefined\n  /Users/runner/.virtualenvs/r-reticulate/lib/python3.13/site-packages/Cython/Compiler/Main.py:381: FutureWarning: Cython directive 'language_level' not set, using '3str' for now (Py3). This has changed from earlier releases! File: /private/var/folders/2s/h6hvv9ps03xgz_krkkstvq_r0000gn/T/pip-req-build-4fw72q70/mlsauce/ridge/_ridgec.pyx\n    tree = Parsing.p_module(s, pxd, full_module_name)\n  warning: mlsauce/ridge/_ridgec.pyx:149:40: the result of using negative indices inside of code sections marked as 'wraparound=False' is undefined\n  warning: mlsauce/ridge/_ridgec.pyx:155:42: the result of using negative indices inside of code sections marked as 'wraparound=False' is undefined\n  warning: mlsauce/ridge/_ridgec.pyx:157:41: the result of using negative indices inside of code sections marked as 'wraparound=False' is undefined\n  /Users/runner/.virtualenvs/r-reticulate/lib/python3.13/site-packages/Cython/Compiler/Main.py:381: FutureWarning: Cython directive 'language_level' not set, using '3str' for now (Py3). This has changed from earlier releases! File: /private/var/folders/2s/h6hvv9ps03xgz_krkkstvq_r0000gn/T/pip-req-build-4fw72q70/mlsauce/stump/_stumpc.pyx\n    tree = Parsing.p_module(s, pxd, full_module_name)\n  Compiling mlsauce/adaopt/_adaoptc.pyx because it changed.\n  Compiling mlsauce/booster/_boosterc.pyx because it changed.\n  Compiling mlsauce/lasso/_lassoc.pyx because it changed.\n  Compiling mlsauce/ridge/_ridgec.pyx because it changed.\n  Compiling mlsauce/stump/_stumpc.pyx because it changed.\n  [1/5] Cythonizing mlsauce/adaopt/_adaoptc.pyx\n  [2/5] Cythonizing mlsauce/booster/_boosterc.pyx\n  [3/5] Cythonizing mlsauce/lasso/_lassoc.pyx\n  [4/5] Cythonizing mlsauce/ridge/_ridgec.pyx\n  [5/5] Cythonizing mlsauce/stump/_stumpc.pyx\n  /Users/runner/.virtualenvs/r-reticulate/lib/python3.13/site-packages/setuptools/__init__.py:94: _DeprecatedInstaller: setuptools.installer and fetch_build_eggs are deprecated.\n  !!\n\n          ********************************************************************************\n          Requirements should be satisfied by a PEP 517 installer.\n          If you are using pip, you can try `pip install --use-pep517`.\n          ********************************************************************************\n\n  !!\n    dist.fetch_build_eggs(dist.setup_requires)\n  running egg_info\n  creating /private/var/folders/2s/h6hvv9ps03xgz_krkkstvq_r0000gn/T/pip-pip-egg-info-bfi7jwb2/mlsauce.egg-info\n  writing /private/var/folders/2s/h6hvv9ps03xgz_krkkstvq_r0000gn/T/pip-pip-egg-info-bfi7jwb2/mlsauce.egg-info/PKG-INFO\n  writing dependency_links to /private/var/folders/2s/h6hvv9ps03xgz_krkkstvq_r0000gn/T/pip-pip-egg-info-bfi7jwb2/mlsauce.egg-info/dependency_links.txt\n  writing requirements to /private/var/folders/2s/h6hvv9ps03xgz_krkkstvq_r0000gn/T/pip-pip-egg-info-bfi7jwb2/mlsauce.egg-info/requires.txt\n  writing top-level names to /private/var/folders/2s/h6hvv9ps03xgz_krkkstvq_r0000gn/T/pip-pip-egg-info-bfi7jwb2/mlsauce.egg-info/top_level.txt\n  writing manifest file '/private/var/folders/2s/h6hvv9ps03xgz_krkkstvq_r0000gn/T/pip-pip-egg-info-bfi7jwb2/mlsauce.egg-info/SOURCES.txt'\n  dependency /Users/runner/.virtualenvs/r-reticulate/lib/python3.13/site-packages/numpy/_core/include/numpy/arrayobject.h won't be automatically included in the manifest: the path must be relative\n  dependency /Users/runner/.virtualenvs/r-reticulate/lib/python3.13/site-packages/numpy/_core/include/numpy/arrayscalars.h won't be automatically included in the manifest: the path must be relative\n  dependency /Users/runner/.virtualenvs/r-reticulate/lib/python3.13/site-packages/numpy/_core/include/numpy/ndarrayobject.h won't be automatically included in the manifest: the path must be relative\n  dependency /Users/runner/.virtualenvs/r-reticulate/lib/python3.13/site-packages/numpy/_core/include/numpy/ndarraytypes.h won't be automatically included in the manifest: the path must be relative\n  dependency /Users/runner/.virtualenvs/r-reticulate/lib/python3.13/site-packages/numpy/_core/include/numpy/ufuncobject.h won't be automatically included in the manifest: the path must be relative\n  dependency /Users/runner/.virtualenvs/r-reticulate/lib/python3.13/site-packages/numpy/_core/include/numpy/arrayobject.h won't be automatically included in the manifest: the path must be relative\n  dependency /Users/runner/.virtualenvs/r-reticulate/lib/python3.13/site-packages/numpy/_core/include/numpy/arrayscalars.h won't be automatically included in the manifest: the path must be relative\n  dependency /Users/runner/.virtualenvs/r-reticulate/lib/python3.13/site-packages/numpy/_core/include/numpy/ndarrayobject.h won't be automatically included in the manifest: the path must be relative\n  dependency /Users/runner/.virtualenvs/r-reticulate/lib/python3.13/site-packages/numpy/_core/include/numpy/ndarraytypes.h won't be automatically included in the manifest: the path must be relative\n  dependency /Users/runner/.virtualenvs/r-reticulate/lib/python3.13/site-packages/numpy/_core/include/numpy/ufuncobject.h won't be automatically included in the manifest: the path must be relative\n  dependency /Users/runner/.virtualenvs/r-reticulate/lib/python3.13/site-packages/numpy/_core/include/numpy/arrayobject.h won't be automatically included in the manifest: the path must be relative\n  dependency /Users/runner/.virtualenvs/r-reticulate/lib/python3.13/site-packages/numpy/_core/include/numpy/arrayscalars.h won't be automatically included in the manifest: the path must be relative\n  dependency /Users/runner/.virtualenvs/r-reticulate/lib/python3.13/site-packages/numpy/_core/include/numpy/ndarrayobject.h won't be automatically included in the manifest: the path must be relative\n  dependency /Users/runner/.virtualenvs/r-reticulate/lib/python3.13/site-packages/numpy/_core/include/numpy/ndarraytypes.h won't be automatically included in the manifest: the path must be relative\n  dependency /Users/runner/.virtualenvs/r-reticulate/lib/python3.13/site-packages/numpy/_core/include/numpy/ufuncobject.h won't be automatically included in the manifest: the path must be relative\n  dependency /Users/runner/.virtualenvs/r-reticulate/lib/python3.13/site-packages/numpy/_core/include/numpy/arrayobject.h won't be automatically included in the manifest: the path must be relative\n  dependency /Users/runner/.virtualenvs/r-reticulate/lib/python3.13/site-packages/numpy/_core/include/numpy/arrayscalars.h won't be automatically included in the manifest: the path must be relative\n  dependency /Users/runner/.virtualenvs/r-reticulate/lib/python3.13/site-packages/numpy/_core/include/numpy/ndarrayobject.h won't be automatically included in the manifest: the path must be relative\n  dependency /Users/runner/.virtualenvs/r-reticulate/lib/python3.13/site-packages/numpy/_core/include/numpy/ndarraytypes.h won't be automatically included in the manifest: the path must be relative\n  dependency /Users/runner/.virtualenvs/r-reticulate/lib/python3.13/site-packages/numpy/_core/include/numpy/ufuncobject.h won't be automatically included in the manifest: the path must be relative\n  dependency /Users/runner/.virtualenvs/r-reticulate/lib/python3.13/site-packages/numpy/_core/include/numpy/arrayobject.h won't be automatically included in the manifest: the path must be relative\n  dependency /Users/runner/.virtualenvs/r-reticulate/lib/python3.13/site-packages/numpy/_core/include/numpy/arrayscalars.h won't be automatically included in the manifest: the path must be relative\n  dependency /Users/runner/.virtualenvs/r-reticulate/lib/python3.13/site-packages/numpy/_core/include/numpy/ndarrayobject.h won't be automatically included in the manifest: the path must be relative\n  dependency /Users/runner/.virtualenvs/r-reticulate/lib/python3.13/site-packages/numpy/_core/include/numpy/ndarraytypes.h won't be automatically included in the manifest: the path must be relative\n  dependency /Users/runner/.virtualenvs/r-reticulate/lib/python3.13/site-packages/numpy/_core/include/numpy/ufuncobject.h won't be automatically included in the manifest: the path must be relative\n  reading manifest file '/private/var/folders/2s/h6hvv9ps03xgz_krkkstvq_r0000gn/T/pip-pip-egg-info-bfi7jwb2/mlsauce.egg-info/SOURCES.txt'\n  adding license file 'LICENSE'\n  writing manifest file '/private/var/folders/2s/h6hvv9ps03xgz_krkkstvq_r0000gn/T/pip-pip-egg-info-bfi7jwb2/mlsauce.egg-info/SOURCES.txt'\n  Traceback (most recent call last):\n    File \"/private/var/folders/2s/h6hvv9ps03xgz_krkkstvq_r0000gn/T/pip-req-build-4fw72q70/mlsauce/adaopt/setup2.py\", line 2, in <module>\n      from setuptools import setup\n  ModuleNotFoundError: No module named 'setuptools'\n  Traceback (most recent call last):\n    File \"/private/var/folders/2s/h6hvv9ps03xgz_krkkstvq_r0000gn/T/pip-req-build-4fw72q70/mlsauce/booster/setup2.py\", line 2, in <module>\n      from distutils.core import setup\n  ModuleNotFoundError: No module named 'distutils'\n  /opt/homebrew/Cellar/python@3.13/3.13.1/Frameworks/Python.framework/Versions/3.13/Resources/Python.app/Contents/MacOS/Python: can't open file '/private/var/folders/2s/h6hvv9ps03xgz_krkkstvq_r0000gn/T/pip-req-build-4fw72q70/mlsauce/elasticnet/setup2.py': [Errno 2] No such file or directory\n  Traceback (most recent call last):\n    File \"/private/var/folders/2s/h6hvv9ps03xgz_krkkstvq_r0000gn/T/pip-req-build-4fw72q70/mlsauce/lasso/setup2.py\", line 2, in <module>\n      from setuptools import setup\n  ModuleNotFoundError: No module named 'setuptools'\n  Traceback (most recent call last):\n    File \"/private/var/folders/2s/h6hvv9ps03xgz_krkkstvq_r0000gn/T/pip-req-build-4fw72q70/mlsauce/ridge/setup2.py\", line 2, in <module>\n      from setuptools import setup\n  ModuleNotFoundError: No module named 'setuptools'\n  Traceback (most recent call last):\n    File \"/private/var/folders/2s/h6hvv9ps03xgz_krkkstvq_r0000gn/T/pip-req-build-4fw72q70/mlsauce/stump/setup2.py\", line 2, in <module>\n      from setuptools import setup\n  ModuleNotFoundError: No module named 'setuptools'\n  Preparing metadata (setup.py): finished with status 'done'\n  Link requires a different Python (3.13.1 not in: '>=3.7,<3.11'): https://files.pythonhosted.org/packages/3a/be/650f9c091ef71cb01d735775d554e068752d3ff63d7943b26316dc401749/numpy-1.21.2.zip (from https://pypi.org/simple/numpy/) (requires-python:>=3.7,<3.11)\n  Link requires a different Python (3.13.1 not in: '>=3.7,<3.11'): https://files.pythonhosted.org/packages/5f/d6/ad58ded26556eaeaa8c971e08b6466f17c4ac4d786cd3d800e26ce59cc01/numpy-1.21.3.zip (from https://pypi.org/simple/numpy/) (requires-python:>=3.7,<3.11)\n  Link requires a different Python (3.13.1 not in: '>=3.7,<3.11'): https://files.pythonhosted.org/packages/fb/48/b0708ebd7718a8933f0d3937513ef8ef2f4f04529f1f66ca86d873043921/numpy-1.21.4.zip (from https://pypi.org/simple/numpy/) (requires-python:>=3.7,<3.11)\n  Link requires a different Python (3.13.1 not in: '>=3.7,<3.11'): https://files.pythonhosted.org/packages/c2/a8/a924a09492bdfee8c2ec3094d0a13f2799800b4fdc9c890738aeeb12c72e/numpy-1.21.5.zip (from https://pypi.org/simple/numpy/) (requires-python:>=3.7,<3.11)\n  Link requires a different Python (3.13.1 not in: '>=3.7,<3.11'): https://files.pythonhosted.org/packages/45/b7/de7b8e67f2232c26af57c205aaad29fe17754f793404f59c8a730c7a191a/numpy-1.21.6.zip (from https://pypi.org/simple/numpy/) (requires-python:>=3.7,<3.11)\n  Link requires a different Python (3.13.1 not in: '<3.13,>=3.9'): https://files.pythonhosted.org/packages/55/b3/b13bce39ba82b7398c06d10446f5ffd5c07db39b09bd37370dc720c7951c/numpy-1.26.0.tar.gz (from https://pypi.org/simple/numpy/) (requires-python:<3.13,>=3.9)\n  Link requires a different Python (3.13.1 not in: '<3.13,>=3.9'): https://files.pythonhosted.org/packages/78/23/f78fd8311e0f710fe1d065d50b92ce0057fe877b8ed7fd41b28ad6865bfc/numpy-1.26.1.tar.gz (from https://pypi.org/simple/numpy/) (requires-python:<3.13,>=3.9)\nCollecting numpy (from mlsauce==0.24.0)\n  Obtaining dependency information for numpy from https://files.pythonhosted.org/packages/20/60/70af0acc86495b25b672d403e12cb25448d79a2b9658f4fc45e845c397a8/numpy-2.2.3-cp313-cp313-macosx_14_0_arm64.whl.metadata\n  Using cached numpy-2.2.3-cp313-cp313-macosx_14_0_arm64.whl.metadata (62 kB)\nCollecting Cython (from mlsauce==0.24.0)\n  Obtaining dependency information for Cython from https://files.pythonhosted.org/packages/27/6b/7c87867d255cbce8167ed99fc65635e9395d2af0f0c915428f5b17ec412d/Cython-3.0.12-py2.py3-none-any.whl.metadata\n  Using cached Cython-3.0.12-py2.py3-none-any.whl.metadata (3.3 kB)\nCollecting joblib (from mlsauce==0.24.0)\n  Obtaining dependency information for joblib from https://files.pythonhosted.org/packages/91/29/df4b9b42f2be0b623cbd5e2140cafcaa2bef0759a00b7b70104dcfe2fb51/joblib-1.4.2-py3-none-any.whl.metadata\n  Using cached joblib-1.4.2-py3-none-any.whl.metadata (5.4 kB)\nCollecting matplotlib (from mlsauce==0.24.0)\n  Obtaining dependency information for matplotlib from https://files.pythonhosted.org/packages/0d/c4/87b6ad2723070511a411ea719f9c70fde64605423b184face4e94986de9d/matplotlib-3.10.0-cp313-cp313-macosx_11_0_arm64.whl.metadata\n  Using cached matplotlib-3.10.0-cp313-cp313-macosx_11_0_arm64.whl.metadata (11 kB)\nCollecting nnetsauce (from mlsauce==0.24.0)\n  Obtaining dependency information for nnetsauce from https://files.pythonhosted.org/packages/a6/6f/fa7145dcb1e73bce12e0085af8a92d721c98e923271da2151ecec7d59702/nnetsauce-0.30.4-py3-none-any.whl.metadata\n  Using cached nnetsauce-0.30.4-py3-none-any.whl.metadata (978 bytes)\nCollecting pandas (from mlsauce==0.24.0)\n  Obtaining dependency information for pandas from https://files.pythonhosted.org/packages/e4/93/b3f5d1838500e22c8d793625da672f3eec046b1a99257666c94446969282/pandas-2.2.3-cp313-cp313-macosx_11_0_arm64.whl.metadata\n  Using cached pandas-2.2.3-cp313-cp313-macosx_11_0_arm64.whl.metadata (89 kB)\nCollecting requests (from mlsauce==0.24.0)\n  Obtaining dependency information for requests from https://files.pythonhosted.org/packages/f9/9b/335f9764261e915ed497fcdeb11df5dfd6f7bf257d4a6a2a686d80da4d54/requests-2.32.3-py3-none-any.whl.metadata\n  Using cached requests-2.32.3-py3-none-any.whl.metadata (4.6 kB)\nCollecting scikit-learn (from mlsauce==0.24.0)\n  Obtaining dependency information for scikit-learn from https://files.pythonhosted.org/packages/9d/05/f2fc4effc5b32e525408524c982c468c29d22f828834f0625c5ef3d601be/scikit_learn-1.6.1-cp313-cp313-macosx_12_0_arm64.whl.metadata\n  Using cached scikit_learn-1.6.1-cp313-cp313-macosx_12_0_arm64.whl.metadata (31 kB)\n  Link requires a different Python (3.13.1 not in: '>=3.7,<3.10'): https://files.pythonhosted.org/packages/99/f1/c00d6be56e1a718a3068079e3ec8ce044d7179345280f6a3f5066068af0d/scipy-1.6.2.tar.gz (from https://pypi.org/simple/scipy/) (requires-python:>=3.7,<3.10)\n  Link requires a different Python (3.13.1 not in: '>=3.7,<3.10'): https://files.pythonhosted.org/packages/fe/fd/8704c7b7b34cdac850485e638346025ca57c5a859934b9aa1be5399b33b7/scipy-1.6.3.tar.gz (from https://pypi.org/simple/scipy/) (requires-python:>=3.7,<3.10)\n  Link requires a different Python (3.13.1 not in: '>=3.7,<3.10'): https://files.pythonhosted.org/packages/bb/bb/944f559d554df6c9adf037aa9fc982a9706ee0e96c0d5beac701cb158900/scipy-1.7.0.tar.gz (from https://pypi.org/simple/scipy/) (requires-python:>=3.7,<3.10)\n  Link requires a different Python (3.13.1 not in: '>=3.7,<3.10'): https://files.pythonhosted.org/packages/47/33/a24aec22b7be7fdb10ec117a95e1e4099890d8bbc6646902f443fc7719d1/scipy-1.7.1.tar.gz (from https://pypi.org/simple/scipy/) (requires-python:>=3.7,<3.10)\n  Link requires a different Python (3.13.1 not in: '>=3.7,<3.11'): https://files.pythonhosted.org/packages/0e/23/58c4f995475a2a97cb5f4a032aedaf881ad87cd976a7180c55118d105a1d/scipy-1.7.2.tar.gz (from https://pypi.org/simple/scipy/) (requires-python:>=3.7,<3.11)\n  Link requires a different Python (3.13.1 not in: '>=3.7,<3.11'): https://files.pythonhosted.org/packages/61/67/1a654b96309c991762ee9bc39c363fc618076b155fe52d295211cf2536c7/scipy-1.7.3.tar.gz (from https://pypi.org/simple/scipy/) (requires-python:>=3.7,<3.11)\n  Link requires a different Python (3.13.1 not in: '>=3.8,<3.11'): https://files.pythonhosted.org/packages/c0/ad/e3c052ed4e0027a8abef0a5e8441a044427d252d17d9aee06d56e62fc698/scipy-1.8.0rc1.tar.gz (from https://pypi.org/simple/scipy/) (requires-python:>=3.8,<3.11)\n  Link requires a different Python (3.13.1 not in: '>=3.8,<3.11'): https://files.pythonhosted.org/packages/29/d2/151a54944b333e465f98804dced31dab1284f3c37b752b9cefa710b64681/scipy-1.8.0rc2.tar.gz (from https://pypi.org/simple/scipy/) (requires-python:>=3.8,<3.11)\n  Link requires a different Python (3.13.1 not in: '>=3.8,<3.11'): https://files.pythonhosted.org/packages/e4/26/83dd1c6378513a6241d984bda9f08c512b6e35fff13fba3acc1b3c195f02/scipy-1.8.0rc3.tar.gz (from https://pypi.org/simple/scipy/) (requires-python:>=3.8,<3.11)\n  Link requires a different Python (3.13.1 not in: '>=3.8,<3.11'): https://files.pythonhosted.org/packages/22/78/056cc43e7737811b6f50886788a940f852773dd9804f5365952805db9648/scipy-1.8.0rc4.tar.gz (from https://pypi.org/simple/scipy/) (requires-python:>=3.8,<3.11)\n  Link requires a different Python (3.13.1 not in: '>=3.8,<3.11'): https://files.pythonhosted.org/packages/b4/a2/4faa34bf0cdbefd5c706625f1234987795f368eb4e97bde9d6f46860843e/scipy-1.8.0.tar.gz (from https://pypi.org/simple/scipy/) (requires-python:>=3.8,<3.11)\n  Link requires a different Python (3.13.1 not in: '>=3.8,<3.11'): https://files.pythonhosted.org/packages/26/b5/9330f004b9a3b2b6a31f59f46f1617ce9ca15c0e7fe64288c20385a05c9d/scipy-1.8.1.tar.gz (from https://pypi.org/simple/scipy/) (requires-python:>=3.8,<3.11)\n  Link requires a different Python (3.13.1 not in: '>=3.8,<3.12'): https://files.pythonhosted.org/packages/87/82/8b9bf8bb8030f1eef281ad2af87cc648e06e4a4974c2b9201a57d991b12c/scipy-1.9.0rc1.tar.gz (from https://pypi.org/simple/scipy/) (requires-python:>=3.8,<3.12)\n  Link requires a different Python (3.13.1 not in: '>=3.8,<3.12'): https://files.pythonhosted.org/packages/5a/87/27f9ee75c32138d6eaabff2b91744c97a3fdbbbdd78948372dac93e0079f/scipy-1.9.0rc2.tar.gz (from https://pypi.org/simple/scipy/) (requires-python:>=3.8,<3.12)\n  Link requires a different Python (3.13.1 not in: '>=3.8,<3.12'): https://files.pythonhosted.org/packages/57/72/484c38e5b814b48b41ac6432ef69077f2e7c8094925d3ce17bc3d61359b0/scipy-1.9.0rc3.tar.gz (from https://pypi.org/simple/scipy/) (requires-python:>=3.8,<3.12)\n  Link requires a different Python (3.13.1 not in: '>=3.8,<3.12'): https://files.pythonhosted.org/packages/a8/e3/4ec401f609d34162b7023a09165da491630879e4cfa2336667fe2102cd06/scipy-1.9.0.tar.gz (from https://pypi.org/simple/scipy/) (requires-python:>=3.8,<3.12)\n  Link requires a different Python (3.13.1 not in: '>=3.8,<3.12'): https://files.pythonhosted.org/packages/db/af/16906139f52bc6866c43401869ce247662739ad71afa11c6f18505eb0546/scipy-1.9.1.tar.gz (from https://pypi.org/simple/scipy/) (requires-python:>=3.8,<3.12)\n  Link requires a different Python (3.13.1 not in: '<3.12,>=3.8'): https://files.pythonhosted.org/packages/a2/ce/2592c3b550cf8f68879d4ff2159f3c689ee6f032f8fc9059022074f7bd75/scipy-1.10.0rc1.tar.gz (from https://pypi.org/simple/scipy/) (requires-python:<3.12,>=3.8)\n  Link requires a different Python (3.13.1 not in: '<3.12,>=3.8'): https://files.pythonhosted.org/packages/6b/a3/7de758a32569e06877a6b298bdf7b529ce97a33c55deb2b1637b0162fd9d/scipy-1.10.0rc2.tar.gz (from https://pypi.org/simple/scipy/) (requires-python:<3.12,>=3.8)\n  Link requires a different Python (3.13.1 not in: '<3.12,>=3.8'): https://files.pythonhosted.org/packages/d6/bd/2d13a273d95f7b7d9903c906c486040b0aebb85e008f93a5dd0891f21f1f/scipy-1.10.0.tar.gz (from https://pypi.org/simple/scipy/) (requires-python:<3.12,>=3.8)\n  Link requires a different Python (3.13.1 not in: '<3.12,>=3.8'): https://files.pythonhosted.org/packages/84/a9/2bf119f3f9cff1f376f924e39cfae18dec92a1514784046d185731301281/scipy-1.10.1.tar.gz (from https://pypi.org/simple/scipy/) (requires-python:<3.12,>=3.8)\n  Link requires a different Python (3.13.1 not in: '<3.13,>=3.9'): https://files.pythonhosted.org/packages/8c/95/61cf1d8453b2de242991b5371b31d51d53dde38dc99b9b43c0d2b1933fac/scipy-1.11.0rc1.tar.gz (from https://pypi.org/simple/scipy/) (requires-python:<3.13,>=3.9)\n  Link requires a different Python (3.13.1 not in: '<3.13,>=3.9'): https://files.pythonhosted.org/packages/8a/56/d9cc5fa64b8083d495bf1db0a2b10923acda3a105eca7f28765f47564be0/scipy-1.11.0rc2.tar.gz (from https://pypi.org/simple/scipy/) (requires-python:<3.13,>=3.9)\n  Link requires a different Python (3.13.1 not in: '<3.13,>=3.9'): https://files.pythonhosted.org/packages/fa/d0/724c8204f87b6f807e3e67de32b8b4922d579154a448ce94e89129064bf1/scipy-1.11.0.tar.gz (from https://pypi.org/simple/scipy/) (requires-python:<3.13,>=3.9)\n  Link requires a different Python (3.13.1 not in: '<3.13,>=3.9'): https://files.pythonhosted.org/packages/a6/98/fceb84466a74b8fe74ce2dcc3a0a89cb7b4a689d4775e0fb4c95f335ef6a/scipy-1.11.1.tar.gz (from https://pypi.org/simple/scipy/) (requires-python:<3.13,>=3.9)\n  Link requires a different Python (3.13.1 not in: '<3.13,>=3.9'): https://files.pythonhosted.org/packages/9c/ef/87a5565907645998d7c62e76b84b0ca9f0b7c25cd433f5617a968051cec3/scipy-1.11.2.tar.gz (from https://pypi.org/simple/scipy/) (requires-python:<3.13,>=3.9)\n  Link requires a different Python (3.13.1 not in: '<3.13,>=3.9'): https://files.pythonhosted.org/packages/39/7b/9f265b7f074195392e893a5cdc66116c2f7a31fd5f3d9cceff661ec6df82/scipy-1.11.3.tar.gz (from https://pypi.org/simple/scipy/) (requires-python:<3.13,>=3.9)\nCollecting scipy (from mlsauce==0.24.0)\n  Obtaining dependency information for scipy from https://files.pythonhosted.org/packages/dd/b1/f9fe6e3c828cb5930b5fe74cb479de5f3d66d682fa8adb77249acaf545b8/scipy-1.15.2-cp313-cp313-macosx_14_0_arm64.whl.metadata\n  Using cached scipy-1.15.2-cp313-cp313-macosx_14_0_arm64.whl.metadata (61 kB)\nCollecting tqdm (from mlsauce==0.24.0)\n  Obtaining dependency information for tqdm from https://files.pythonhosted.org/packages/d0/30/dc54f88dd4a2b5dc8a0279bdd7270e735851848b762aeb1c1184ed1f6b14/tqdm-4.67.1-py3-none-any.whl.metadata\n  Using cached tqdm-4.67.1-py3-none-any.whl.metadata (57 kB)\nCollecting contourpy>=1.0.1 (from matplotlib->mlsauce==0.24.0)\n  Obtaining dependency information for contourpy>=1.0.1 from https://files.pythonhosted.org/packages/78/4d/c2a09ae014ae984c6bdd29c11e74d3121b25eaa117eca0bb76340efd7e1c/contourpy-1.3.1-cp313-cp313-macosx_11_0_arm64.whl.metadata\n  Using cached contourpy-1.3.1-cp313-cp313-macosx_11_0_arm64.whl.metadata (5.4 kB)\nCollecting cycler>=0.10 (from matplotlib->mlsauce==0.24.0)\n  Obtaining dependency information for cycler>=0.10 from https://files.pythonhosted.org/packages/e7/05/c19819d5e3d95294a6f5947fb9b9629efb316b96de511b418c53d245aae6/cycler-0.12.1-py3-none-any.whl.metadata\n  Using cached cycler-0.12.1-py3-none-any.whl.metadata (3.8 kB)\nCollecting fonttools>=4.22.0 (from matplotlib->mlsauce==0.24.0)\n  Obtaining dependency information for fonttools>=4.22.0 from https://files.pythonhosted.org/packages/a5/55/f06b48d48e0b4ec3a3489efafe9bd4d81b6e0802ac51026e3ee4634e89ba/fonttools-4.56.0-cp313-cp313-macosx_10_13_universal2.whl.metadata\n  Using cached fonttools-4.56.0-cp313-cp313-macosx_10_13_universal2.whl.metadata (101 kB)\nCollecting kiwisolver>=1.3.1 (from matplotlib->mlsauce==0.24.0)\n  Obtaining dependency information for kiwisolver>=1.3.1 from https://files.pythonhosted.org/packages/59/e3/b8bd14b0a54998a9fd1e8da591c60998dc003618cb19a3f94cb233ec1511/kiwisolver-1.4.8-cp313-cp313-macosx_11_0_arm64.whl.metadata\n  Using cached kiwisolver-1.4.8-cp313-cp313-macosx_11_0_arm64.whl.metadata (6.2 kB)\nCollecting packaging>=20.0 (from matplotlib->mlsauce==0.24.0)\n  Obtaining dependency information for packaging>=20.0 from https://files.pythonhosted.org/packages/88/ef/eb23f262cca3c0c4eb7ab1933c3b1f03d021f2c48f54763065b6f0e321be/packaging-24.2-py3-none-any.whl.metadata\n  Using cached packaging-24.2-py3-none-any.whl.metadata (3.2 kB)\nCollecting pillow>=8 (from matplotlib->mlsauce==0.24.0)\n  Obtaining dependency information for pillow>=8 from https://files.pythonhosted.org/packages/ac/0f/ff07ad45a1f172a497aa393b13a9d81a32e1477ef0e869d030e3c1532521/pillow-11.1.0-cp313-cp313-macosx_11_0_arm64.whl.metadata\n  Using cached pillow-11.1.0-cp313-cp313-macosx_11_0_arm64.whl.metadata (9.1 kB)\nCollecting pyparsing>=2.3.1 (from matplotlib->mlsauce==0.24.0)\n  Obtaining dependency information for pyparsing>=2.3.1 from https://files.pythonhosted.org/packages/1c/a7/c8a2d361bf89c0d9577c934ebb7421b25dc84bf3a8e3ac0a40aed9acc547/pyparsing-3.2.1-py3-none-any.whl.metadata\n  Using cached pyparsing-3.2.1-py3-none-any.whl.metadata (5.0 kB)\nCollecting python-dateutil>=2.7 (from matplotlib->mlsauce==0.24.0)\n  Obtaining dependency information for python-dateutil>=2.7 from https://files.pythonhosted.org/packages/ec/57/56b9bcc3c9c6a792fcbaf139543cee77261f3651ca9da0c93f5c1221264b/python_dateutil-2.9.0.post0-py2.py3-none-any.whl.metadata\n  Using cached python_dateutil-2.9.0.post0-py2.py3-none-any.whl.metadata (8.4 kB)\nCollecting statsmodels (from nnetsauce->mlsauce==0.24.0)\n  Obtaining dependency information for statsmodels from https://files.pythonhosted.org/packages/fa/c0/ee6e8ed35fc1ca9c7538c592f4974547bf72274bc98db1ae4a6e87481a83/statsmodels-0.14.4-cp313-cp313-macosx_11_0_arm64.whl.metadata\n  Using cached statsmodels-0.14.4-cp313-cp313-macosx_11_0_arm64.whl.metadata (9.2 kB)\nCollecting threadpoolctl (from nnetsauce->mlsauce==0.24.0)\n  Obtaining dependency information for threadpoolctl from https://files.pythonhosted.org/packages/4b/2c/ffbf7a134b9ab11a67b0cf0726453cedd9c5043a4fe7a35d1cefa9a1bcfb/threadpoolctl-3.5.0-py3-none-any.whl.metadata\n  Using cached threadpoolctl-3.5.0-py3-none-any.whl.metadata (13 kB)\nCollecting pytz>=2020.1 (from pandas->mlsauce==0.24.0)\n  Obtaining dependency information for pytz>=2020.1 from https://files.pythonhosted.org/packages/eb/38/ac33370d784287baa1c3d538978b5e2ea064d4c1b93ffbd12826c190dd10/pytz-2025.1-py2.py3-none-any.whl.metadata\n  Using cached pytz-2025.1-py2.py3-none-any.whl.metadata (22 kB)\nCollecting tzdata>=2022.7 (from pandas->mlsauce==0.24.0)\n  Obtaining dependency information for tzdata>=2022.7 from https://files.pythonhosted.org/packages/0f/dd/84f10e23edd882c6f968c21c2434fe67bd4a528967067515feca9e611e5e/tzdata-2025.1-py2.py3-none-any.whl.metadata\n  Using cached tzdata-2025.1-py2.py3-none-any.whl.metadata (1.4 kB)\nCollecting charset-normalizer<4,>=2 (from requests->mlsauce==0.24.0)\n  Obtaining dependency information for charset-normalizer<4,>=2 from https://files.pythonhosted.org/packages/38/94/ce8e6f63d18049672c76d07d119304e1e2d7c6098f0841b51c666e9f44a0/charset_normalizer-3.4.1-cp313-cp313-macosx_10_13_universal2.whl.metadata\n  Using cached charset_normalizer-3.4.1-cp313-cp313-macosx_10_13_universal2.whl.metadata (35 kB)\nCollecting idna<4,>=2.5 (from requests->mlsauce==0.24.0)\n  Obtaining dependency information for idna<4,>=2.5 from https://files.pythonhosted.org/packages/76/c6/c88e154df9c4e1a2a66ccf0005a88dfb2650c1dffb6f5ce603dfbd452ce3/idna-3.10-py3-none-any.whl.metadata\n  Using cached idna-3.10-py3-none-any.whl.metadata (10 kB)\nCollecting urllib3<3,>=1.21.1 (from requests->mlsauce==0.24.0)\n  Obtaining dependency information for urllib3<3,>=1.21.1 from https://files.pythonhosted.org/packages/c8/19/4ec628951a74043532ca2cf5d97b7b14863931476d117c471e8e2b1eb39f/urllib3-2.3.0-py3-none-any.whl.metadata\n  Using cached urllib3-2.3.0-py3-none-any.whl.metadata (6.5 kB)\nCollecting certifi>=2017.4.17 (from requests->mlsauce==0.24.0)\n  Obtaining dependency information for certifi>=2017.4.17 from https://files.pythonhosted.org/packages/38/fc/bce832fd4fd99766c04d1ee0eead6b0ec6486fb100ae5e74c1d91292b982/certifi-2025.1.31-py3-none-any.whl.metadata\n  Using cached certifi-2025.1.31-py3-none-any.whl.metadata (2.5 kB)\nCollecting six>=1.5 (from python-dateutil>=2.7->matplotlib->mlsauce==0.24.0)\n  Obtaining dependency information for six>=1.5 from https://files.pythonhosted.org/packages/b7/ce/149a00dd41f10bc29e5921b496af8b574d8413afcd5e30dfa0ed46c2cc5e/six-1.17.0-py2.py3-none-any.whl.metadata\n  Using cached six-1.17.0-py2.py3-none-any.whl.metadata (1.7 kB)\nCollecting patsy>=0.5.6 (from statsmodels->nnetsauce->mlsauce==0.24.0)\n  Obtaining dependency information for patsy>=0.5.6 from https://files.pythonhosted.org/packages/87/2b/b50d3d08ea0fc419c183a84210571eba005328efa62b6b98bc28e9ead32a/patsy-1.0.1-py2.py3-none-any.whl.metadata\n  Using cached patsy-1.0.1-py2.py3-none-any.whl.metadata (3.3 kB)\nUsing cached Cython-3.0.12-py2.py3-none-any.whl (1.2 MB)\nUsing cached joblib-1.4.2-py3-none-any.whl (301 kB)\nUsing cached matplotlib-3.10.0-cp313-cp313-macosx_11_0_arm64.whl (8.0 MB)\nUsing cached numpy-2.2.3-cp313-cp313-macosx_14_0_arm64.whl (5.1 MB)\nUsing cached nnetsauce-0.30.4-py3-none-any.whl (189 kB)\nUsing cached pandas-2.2.3-cp313-cp313-macosx_11_0_arm64.whl (11.3 MB)\nUsing cached requests-2.32.3-py3-none-any.whl (64 kB)\nUsing cached scikit_learn-1.6.1-cp313-cp313-macosx_12_0_arm64.whl (11.1 MB)\nUsing cached scipy-1.15.2-cp313-cp313-macosx_14_0_arm64.whl (22.4 MB)\nUsing cached tqdm-4.67.1-py3-none-any.whl (78 kB)\nUsing cached certifi-2025.1.31-py3-none-any.whl (166 kB)\nUsing cached charset_normalizer-3.4.1-cp313-cp313-macosx_10_13_universal2.whl (195 kB)\nUsing cached contourpy-1.3.1-cp313-cp313-macosx_11_0_arm64.whl (255 kB)\nUsing cached cycler-0.12.1-py3-none-any.whl (8.3 kB)\nUsing cached fonttools-4.56.0-cp313-cp313-macosx_10_13_universal2.whl (2.7 MB)\nUsing cached idna-3.10-py3-none-any.whl (70 kB)\nUsing cached kiwisolver-1.4.8-cp313-cp313-macosx_11_0_arm64.whl (65 kB)\nUsing cached packaging-24.2-py3-none-any.whl (65 kB)\nUsing cached pillow-11.1.0-cp313-cp313-macosx_11_0_arm64.whl (3.1 MB)\nUsing cached pyparsing-3.2.1-py3-none-any.whl (107 kB)\nUsing cached python_dateutil-2.9.0.post0-py2.py3-none-any.whl (229 kB)\nUsing cached pytz-2025.1-py2.py3-none-any.whl (507 kB)\nUsing cached threadpoolctl-3.5.0-py3-none-any.whl (18 kB)\nUsing cached tzdata-2025.1-py2.py3-none-any.whl (346 kB)\nUsing cached urllib3-2.3.0-py3-none-any.whl (128 kB)\nUsing cached statsmodels-0.14.4-cp313-cp313-macosx_11_0_arm64.whl (9.9 MB)\nUsing cached patsy-1.0.1-py2.py3-none-any.whl (232 kB)\nUsing cached six-1.17.0-py2.py3-none-any.whl (11 kB)\nBuilding wheels for collected packages: mlsauce\n  Building wheel for mlsauce (setup.py): started\n  Running command python setup.py bdist_wheel\n  Requirement already satisfied: numpy in /Library/Frameworks/Python.framework/Versions/3.13/lib/python3.13/site-packages (2.2.3)\n\n  [notice] A new release of pip is available: 24.3.1 -> 25.0.1\n  [notice] To update, run: python -m pip install --upgrade pip\n  Requirement already satisfied: scipy in /Library/Frameworks/Python.framework/Versions/3.13/lib/python3.13/site-packages (1.15.2)\n  Requirement already satisfied: numpy<2.5,>=1.23.5 in /Library/Frameworks/Python.framework/Versions/3.13/lib/python3.13/site-packages (from scipy) (2.2.3)\n\n  [notice] A new release of pip is available: 24.3.1 -> 25.0.1\n  [notice] To update, run: python -m pip install --upgrade pip\n  Requirement already satisfied: requests in /Library/Frameworks/Python.framework/Versions/3.13/lib/python3.13/site-packages (2.32.3)\n  Requirement already satisfied: charset-normalizer<4,>=2 in /Library/Frameworks/Python.framework/Versions/3.13/lib/python3.13/site-packages (from requests) (3.4.1)\n  Requirement already satisfied: idna<4,>=2.5 in /Library/Frameworks/Python.framework/Versions/3.13/lib/python3.13/site-packages (from requests) (3.10)\n  Requirement already satisfied: urllib3<3,>=1.21.1 in /Library/Frameworks/Python.framework/Versions/3.13/lib/python3.13/site-packages (from requests) (2.3.0)\n  Requirement already satisfied: certifi>=2017.4.17 in /Library/Frameworks/Python.framework/Versions/3.13/lib/python3.13/site-packages (from requests) (2024.12.14)\n\n  [notice] A new release of pip is available: 24.3.1 -> 25.0.1\n  [notice] To update, run: python -m pip install --upgrade pip\n  Requirement already satisfied: Cython in /Library/Frameworks/Python.framework/Versions/3.13/lib/python3.13/site-packages (3.0.12)\n\n  [notice] A new release of pip is available: 24.3.1 -> 25.0.1\n  [notice] To update, run: python -m pip install --upgrade pip\n  /Users/runner/.virtualenvs/r-reticulate/lib/python3.13/site-packages/setuptools/__init__.py:94: _DeprecatedInstaller: setuptools.installer and fetch_build_eggs are deprecated.\n  !!\n\n          ********************************************************************************\n          Requirements should be satisfied by a PEP 517 installer.\n          If you are using pip, you can try `pip install --use-pep517`.\n          ********************************************************************************\n\n  !!\n    dist.fetch_build_eggs(dist.setup_requires)\n  running bdist_wheel\n  /Users/runner/.virtualenvs/r-reticulate/lib/python3.13/site-packages/setuptools/_distutils/cmd.py:124: SetuptoolsDeprecationWarning: bdist_wheel.universal is deprecated\n  !!\n\n          ********************************************************************************\n          With Python 2.7 end-of-life, support for building universal wheels\n          (i.e., wheels that support both Python 2 and Python 3)\n          is being obviated.\n          Please discontinue using this option, or if you still need it,\n          file an issue with pypa/setuptools describing your use case.\n\n          By 2025-Aug-30, you need to update your project and remove deprecated calls\n          or your builds will no longer be supported.\n          ********************************************************************************\n\n  !!\n    self.finalize_options()\n  running build\n  running build_py\n  creating build/lib.macosx-10.13-universal2-cpython-313/mlsauce\n  copying mlsauce/__init__.py -> build/lib.macosx-10.13-universal2-cpython-313/mlsauce\n  copying mlsauce/setup.py -> build/lib.macosx-10.13-universal2-cpython-313/mlsauce\n  copying mlsauce/_config.py -> build/lib.macosx-10.13-universal2-cpython-313/mlsauce\n  creating build/lib.macosx-10.13-universal2-cpython-313/mlsauce/stump\n  copying mlsauce/stump/utils_stump.py -> build/lib.macosx-10.13-universal2-cpython-313/mlsauce/stump\n  copying mlsauce/stump/__init__.py -> build/lib.macosx-10.13-universal2-cpython-313/mlsauce/stump\n  copying mlsauce/stump/setup.py -> build/lib.macosx-10.13-universal2-cpython-313/mlsauce/stump\n  copying mlsauce/stump/setup2.py -> build/lib.macosx-10.13-universal2-cpython-313/mlsauce/stump\n  copying mlsauce/stump/_stump_classifier.py -> build/lib.macosx-10.13-universal2-cpython-313/mlsauce/stump\n  creating build/lib.macosx-10.13-universal2-cpython-313/mlsauce/nonconformist\n  copying mlsauce/nonconformist/icp.py -> build/lib.macosx-10.13-universal2-cpython-313/mlsauce/nonconformist\n  copying mlsauce/nonconformist/util.py -> build/lib.macosx-10.13-universal2-cpython-313/mlsauce/nonconformist\n  copying mlsauce/nonconformist/evaluation.py -> build/lib.macosx-10.13-universal2-cpython-313/mlsauce/nonconformist\n  copying mlsauce/nonconformist/__init__.py -> build/lib.macosx-10.13-universal2-cpython-313/mlsauce/nonconformist\n  copying mlsauce/nonconformist/cp.py -> build/lib.macosx-10.13-universal2-cpython-313/mlsauce/nonconformist\n  copying mlsauce/nonconformist/acp.py -> build/lib.macosx-10.13-universal2-cpython-313/mlsauce/nonconformist\n  copying mlsauce/nonconformist/base.py -> build/lib.macosx-10.13-universal2-cpython-313/mlsauce/nonconformist\n  copying mlsauce/nonconformist/nc.py -> build/lib.macosx-10.13-universal2-cpython-313/mlsauce/nonconformist\n  creating build/lib.macosx-10.13-universal2-cpython-313/mlsauce/predictioninterval\n  copying mlsauce/predictioninterval/__init__.py -> build/lib.macosx-10.13-universal2-cpython-313/mlsauce/predictioninterval\n  copying mlsauce/predictioninterval/predictioninterval.py -> build/lib.macosx-10.13-universal2-cpython-313/mlsauce/predictioninterval\n  creating build/lib.macosx-10.13-universal2-cpython-313/mlsauce/ridge\n  copying mlsauce/ridge/utils_ridge.py -> build/lib.macosx-10.13-universal2-cpython-313/mlsauce/ridge\n  copying mlsauce/ridge/__init__.py -> build/lib.macosx-10.13-universal2-cpython-313/mlsauce/ridge\n  copying mlsauce/ridge/setup.py -> build/lib.macosx-10.13-universal2-cpython-313/mlsauce/ridge\n  copying mlsauce/ridge/setup2.py -> build/lib.macosx-10.13-universal2-cpython-313/mlsauce/ridge\n  copying mlsauce/ridge/_ridge.py -> build/lib.macosx-10.13-universal2-cpython-313/mlsauce/ridge\n  creating build/lib.macosx-10.13-universal2-cpython-313/mlsauce/booster\n  copying mlsauce/booster/_booster_regressor.py -> build/lib.macosx-10.13-universal2-cpython-313/mlsauce/booster\n  copying mlsauce/booster/utils_booster.py -> build/lib.macosx-10.13-universal2-cpython-313/mlsauce/booster\n  copying mlsauce/booster/__init__.py -> build/lib.macosx-10.13-universal2-cpython-313/mlsauce/booster\n  copying mlsauce/booster/setup.py -> build/lib.macosx-10.13-universal2-cpython-313/mlsauce/booster\n  copying mlsauce/booster/setup2.py -> build/lib.macosx-10.13-universal2-cpython-313/mlsauce/booster\n  copying mlsauce/booster/_booster_classifier.py -> build/lib.macosx-10.13-universal2-cpython-313/mlsauce/booster\n  creating build/lib.macosx-10.13-universal2-cpython-313/mlsauce/datasets\n  copying mlsauce/datasets/dowload.py -> build/lib.macosx-10.13-universal2-cpython-313/mlsauce/datasets\n  copying mlsauce/datasets/__init__.py -> build/lib.macosx-10.13-universal2-cpython-313/mlsauce/datasets\n  creating build/lib.macosx-10.13-universal2-cpython-313/mlsauce/utils\n  copying mlsauce/utils/__init__.py -> build/lib.macosx-10.13-universal2-cpython-313/mlsauce/utils\n  copying mlsauce/utils/progress_bar.py -> build/lib.macosx-10.13-universal2-cpython-313/mlsauce/utils\n  copying mlsauce/utils/get_beta.py -> build/lib.macosx-10.13-universal2-cpython-313/mlsauce/utils\n  creating build/lib.macosx-10.13-universal2-cpython-313/mlsauce/lazybooster\n  copying mlsauce/lazybooster/lazyboosterregression.py -> build/lib.macosx-10.13-universal2-cpython-313/mlsauce/lazybooster\n  copying mlsauce/lazybooster/config.py -> build/lib.macosx-10.13-universal2-cpython-313/mlsauce/lazybooster\n  copying mlsauce/lazybooster/lazyboostermts.py -> build/lib.macosx-10.13-universal2-cpython-313/mlsauce/lazybooster\n  copying mlsauce/lazybooster/__init__.py -> build/lib.macosx-10.13-universal2-cpython-313/mlsauce/lazybooster\n  copying mlsauce/lazybooster/lazyboosterclassif.py -> build/lib.macosx-10.13-universal2-cpython-313/mlsauce/lazybooster\n  creating build/lib.macosx-10.13-universal2-cpython-313/mlsauce/multitaskregressor\n  copying mlsauce/multitaskregressor/__init__.py -> build/lib.macosx-10.13-universal2-cpython-313/mlsauce/multitaskregressor\n  copying mlsauce/multitaskregressor/mtaskregr.py -> build/lib.macosx-10.13-universal2-cpython-313/mlsauce/multitaskregressor\n  creating build/lib.macosx-10.13-universal2-cpython-313/mlsauce/lasso\n  copying mlsauce/lasso/utils_lasso.py -> build/lib.macosx-10.13-universal2-cpython-313/mlsauce/lasso\n  copying mlsauce/lasso/__init__.py -> build/lib.macosx-10.13-universal2-cpython-313/mlsauce/lasso\n  copying mlsauce/lasso/setup.py -> build/lib.macosx-10.13-universal2-cpython-313/mlsauce/lasso\n  copying mlsauce/lasso/setup2.py -> build/lib.macosx-10.13-universal2-cpython-313/mlsauce/lasso\n  copying mlsauce/lasso/_lasso.py -> build/lib.macosx-10.13-universal2-cpython-313/mlsauce/lasso\n  creating build/lib.macosx-10.13-universal2-cpython-313/mlsauce/adaopt\n  copying mlsauce/adaopt/__init__.py -> build/lib.macosx-10.13-universal2-cpython-313/mlsauce/adaopt\n  copying mlsauce/adaopt/setup.py -> build/lib.macosx-10.13-universal2-cpython-313/mlsauce/adaopt\n  copying mlsauce/adaopt/setup2.py -> build/lib.macosx-10.13-universal2-cpython-313/mlsauce/adaopt\n  copying mlsauce/adaopt/_adaopt.py -> build/lib.macosx-10.13-universal2-cpython-313/mlsauce/adaopt\n  copying mlsauce/adaopt/utils_adaopt.py -> build/lib.macosx-10.13-universal2-cpython-313/mlsauce/adaopt\n  creating build/lib.macosx-10.13-universal2-cpython-313/mlsauce/elasticnet\n  copying mlsauce/elasticnet/_enet.py -> build/lib.macosx-10.13-universal2-cpython-313/mlsauce/elasticnet\n  copying mlsauce/elasticnet/__init__.py -> build/lib.macosx-10.13-universal2-cpython-313/mlsauce/elasticnet\n  copying mlsauce/elasticnet/utils_enet.py -> build/lib.macosx-10.13-universal2-cpython-313/mlsauce/elasticnet\n  copying mlsauce/elasticnet/enet.py -> build/lib.macosx-10.13-universal2-cpython-313/mlsauce/elasticnet\n  creating build/lib.macosx-10.13-universal2-cpython-313/mlsauce/kernelridge\n  copying mlsauce/kernelridge/krr.py -> build/lib.macosx-10.13-universal2-cpython-313/mlsauce/kernelridge\n  copying mlsauce/kernelridge/__init__.py -> build/lib.macosx-10.13-universal2-cpython-313/mlsauce/kernelridge\n  creating build/lib.macosx-10.13-universal2-cpython-313/mlsauce/utils/misc\n  copying mlsauce/utils/misc/misc.py -> build/lib.macosx-10.13-universal2-cpython-313/mlsauce/utils/misc\n  copying mlsauce/utils/misc/__init__.py -> build/lib.macosx-10.13-universal2-cpython-313/mlsauce/utils/misc\n  creating build/lib.macosx-10.13-universal2-cpython-313/mlsauce/utils/metrics\n  copying mlsauce/utils/metrics/metrics.py -> build/lib.macosx-10.13-universal2-cpython-313/mlsauce/utils/metrics\n  copying mlsauce/utils/metrics/__init__.py -> build/lib.macosx-10.13-universal2-cpython-313/mlsauce/utils/metrics\n  creating build/lib.macosx-10.13-universal2-cpython-313/mlsauce/utils/histofeatures\n  copying mlsauce/utils/histofeatures/__init__.py -> build/lib.macosx-10.13-universal2-cpython-313/mlsauce/utils/histofeatures\n  copying mlsauce/utils/histofeatures/gethistofeatures.py -> build/lib.macosx-10.13-universal2-cpython-313/mlsauce/utils/histofeatures\n  creating build/lib.macosx-10.13-universal2-cpython-313/mlsauce/utils/sampling\n  copying mlsauce/utils/sampling/__init__.py -> build/lib.macosx-10.13-universal2-cpython-313/mlsauce/utils/sampling\n  copying mlsauce/utils/sampling/rowsubsampling.py -> build/lib.macosx-10.13-universal2-cpython-313/mlsauce/utils/sampling\n  creating build/lib.macosx-10.13-universal2-cpython-313/mlsauce/utils/memoryuse\n  copying mlsauce/utils/memoryuse/__init__.py -> build/lib.macosx-10.13-universal2-cpython-313/mlsauce/utils/memoryuse\n  copying mlsauce/utils/memoryuse/mem_usage.py -> build/lib.macosx-10.13-universal2-cpython-313/mlsauce/utils/memoryuse\n  creating build/lib.macosx-10.13-universal2-cpython-313/mlsauce/utils/matrixops\n  copying mlsauce/utils/matrixops/matrixops.py -> build/lib.macosx-10.13-universal2-cpython-313/mlsauce/utils/matrixops\n  copying mlsauce/utils/matrixops/__init__.py -> build/lib.macosx-10.13-universal2-cpython-313/mlsauce/utils/matrixops\n  running egg_info\n  creating mlsauce.egg-info\n  writing mlsauce.egg-info/PKG-INFO\n  writing dependency_links to mlsauce.egg-info/dependency_links.txt\n  writing requirements to mlsauce.egg-info/requires.txt\n  writing top-level names to mlsauce.egg-info/top_level.txt\n  writing manifest file 'mlsauce.egg-info/SOURCES.txt'\n  dependency /Users/runner/.virtualenvs/r-reticulate/lib/python3.13/site-packages/numpy/_core/include/numpy/arrayobject.h won't be automatically included in the manifest: the path must be relative\n  dependency /Users/runner/.virtualenvs/r-reticulate/lib/python3.13/site-packages/numpy/_core/include/numpy/arrayscalars.h won't be automatically included in the manifest: the path must be relative\n  dependency /Users/runner/.virtualenvs/r-reticulate/lib/python3.13/site-packages/numpy/_core/include/numpy/ndarrayobject.h won't be automatically included in the manifest: the path must be relative\n  dependency /Users/runner/.virtualenvs/r-reticulate/lib/python3.13/site-packages/numpy/_core/include/numpy/ndarraytypes.h won't be automatically included in the manifest: the path must be relative\n  dependency /Users/runner/.virtualenvs/r-reticulate/lib/python3.13/site-packages/numpy/_core/include/numpy/ufuncobject.h won't be automatically included in the manifest: the path must be relative\n  dependency /Users/runner/.virtualenvs/r-reticulate/lib/python3.13/site-packages/numpy/_core/include/numpy/arrayobject.h won't be automatically included in the manifest: the path must be relative\n  dependency /Users/runner/.virtualenvs/r-reticulate/lib/python3.13/site-packages/numpy/_core/include/numpy/arrayscalars.h won't be automatically included in the manifest: the path must be relative\n  dependency /Users/runner/.virtualenvs/r-reticulate/lib/python3.13/site-packages/numpy/_core/include/numpy/ndarrayobject.h won't be automatically included in the manifest: the path must be relative\n  dependency /Users/runner/.virtualenvs/r-reticulate/lib/python3.13/site-packages/numpy/_core/include/numpy/ndarraytypes.h won't be automatically included in the manifest: the path must be relative\n  dependency /Users/runner/.virtualenvs/r-reticulate/lib/python3.13/site-packages/numpy/_core/include/numpy/ufuncobject.h won't be automatically included in the manifest: the path must be relative\n  dependency /Users/runner/.virtualenvs/r-reticulate/lib/python3.13/site-packages/numpy/_core/include/numpy/arrayobject.h won't be automatically included in the manifest: the path must be relative\n  dependency /Users/runner/.virtualenvs/r-reticulate/lib/python3.13/site-packages/numpy/_core/include/numpy/arrayscalars.h won't be automatically included in the manifest: the path must be relative\n  dependency /Users/runner/.virtualenvs/r-reticulate/lib/python3.13/site-packages/numpy/_core/include/numpy/ndarrayobject.h won't be automatically included in the manifest: the path must be relative\n  dependency /Users/runner/.virtualenvs/r-reticulate/lib/python3.13/site-packages/numpy/_core/include/numpy/ndarraytypes.h won't be automatically included in the manifest: the path must be relative\n  dependency /Users/runner/.virtualenvs/r-reticulate/lib/python3.13/site-packages/numpy/_core/include/numpy/ufuncobject.h won't be automatically included in the manifest: the path must be relative\n  dependency /Users/runner/.virtualenvs/r-reticulate/lib/python3.13/site-packages/numpy/_core/include/numpy/arrayobject.h won't be automatically included in the manifest: the path must be relative\n  dependency /Users/runner/.virtualenvs/r-reticulate/lib/python3.13/site-packages/numpy/_core/include/numpy/arrayscalars.h won't be automatically included in the manifest: the path must be relative\n  dependency /Users/runner/.virtualenvs/r-reticulate/lib/python3.13/site-packages/numpy/_core/include/numpy/ndarrayobject.h won't be automatically included in the manifest: the path must be relative\n  dependency /Users/runner/.virtualenvs/r-reticulate/lib/python3.13/site-packages/numpy/_core/include/numpy/ndarraytypes.h won't be automatically included in the manifest: the path must be relative\n  dependency /Users/runner/.virtualenvs/r-reticulate/lib/python3.13/site-packages/numpy/_core/include/numpy/ufuncobject.h won't be automatically included in the manifest: the path must be relative\n  dependency /Users/runner/.virtualenvs/r-reticulate/lib/python3.13/site-packages/numpy/_core/include/numpy/arrayobject.h won't be automatically included in the manifest: the path must be relative\n  dependency /Users/runner/.virtualenvs/r-reticulate/lib/python3.13/site-packages/numpy/_core/include/numpy/arrayscalars.h won't be automatically included in the manifest: the path must be relative\n  dependency /Users/runner/.virtualenvs/r-reticulate/lib/python3.13/site-packages/numpy/_core/include/numpy/ndarrayobject.h won't be automatically included in the manifest: the path must be relative\n  dependency /Users/runner/.virtualenvs/r-reticulate/lib/python3.13/site-packages/numpy/_core/include/numpy/ndarraytypes.h won't be automatically included in the manifest: the path must be relative\n  dependency /Users/runner/.virtualenvs/r-reticulate/lib/python3.13/site-packages/numpy/_core/include/numpy/ufuncobject.h won't be automatically included in the manifest: the path must be relative\n  reading manifest file 'mlsauce.egg-info/SOURCES.txt'\n  adding license file 'LICENSE'\n  writing manifest file 'mlsauce.egg-info/SOURCES.txt'\n  copying mlsauce/stump/_stumpc.c -> build/lib.macosx-10.13-universal2-cpython-313/mlsauce/stump\n  copying mlsauce/ridge/_ridgec.c -> build/lib.macosx-10.13-universal2-cpython-313/mlsauce/ridge\n  copying mlsauce/booster/_boosterc.c -> build/lib.macosx-10.13-universal2-cpython-313/mlsauce/booster\n  copying mlsauce/lasso/_lassoc.c -> build/lib.macosx-10.13-universal2-cpython-313/mlsauce/lasso\n  copying mlsauce/adaopt/_adaoptc.c -> build/lib.macosx-10.13-universal2-cpython-313/mlsauce/adaopt\n  running build_ext\n  building 'mlsauce.adaopt._adaoptc' extension\n  creating build/temp.macosx-10.13-universal2-cpython-313/mlsauce/adaopt\n  clang -fno-strict-overflow -Wsign-compare -Wunreachable-code -fno-common -dynamic -DNDEBUG -g -O3 -Wall -arch arm64 -arch x86_64 -I/Users/runner/.virtualenvs/r-reticulate/lib/python3.13/site-packages/numpy/_core/include -I/Users/runner/.virtualenvs/r-reticulate/include -I/Library/Frameworks/Python.framework/Versions/3.13/include/python3.13 -c mlsauce/adaopt/_adaoptc.c -o build/temp.macosx-10.13-universal2-cpython-313/mlsauce/adaopt/_adaoptc.o\n  In file included from mlsauce/adaopt/_adaoptc.c:1255:\n  In file included from /Users/runner/.virtualenvs/r-reticulate/lib/python3.13/site-packages/numpy/_core/include/numpy/arrayobject.h:5:\n  In file included from /Users/runner/.virtualenvs/r-reticulate/lib/python3.13/site-packages/numpy/_core/include/numpy/ndarrayobject.h:12:\n  In file included from /Users/runner/.virtualenvs/r-reticulate/lib/python3.13/site-packages/numpy/_core/include/numpy/ndarraytypes.h:1913:\n  /Users/runner/.virtualenvs/r-reticulate/lib/python3.13/site-packages/numpy/_core/include/numpy/npy_1_7_deprecated_api.h:17:2: warning: \"Using deprecated NumPy API, disable it with \"          \"#define NPY_NO_DEPRECATED_API NPY_1_7_API_VERSION\" [-W#warnings]\n  #warning \"Using deprecated NumPy API, disable it with \" \\\n   ^\n  mlsauce/adaopt/_adaoptc.c:41064:13: warning: code will never be executed [-Wunreachable-code]\n              goto bad;\n              ^~~~~~~~\n  2 warnings generated.\n  In file included from mlsauce/adaopt/_adaoptc.c:1255:\n  In file included from /Users/runner/.virtualenvs/r-reticulate/lib/python3.13/site-packages/numpy/_core/include/numpy/arrayobject.h:5:\n  In file included from /Users/runner/.virtualenvs/r-reticulate/lib/python3.13/site-packages/numpy/_core/include/numpy/ndarrayobject.h:12:\n  In file included from /Users/runner/.virtualenvs/r-reticulate/lib/python3.13/site-packages/numpy/_core/include/numpy/ndarraytypes.h:1913:\n  /Users/runner/.virtualenvs/r-reticulate/lib/python3.13/site-packages/numpy/_core/include/numpy/npy_1_7_deprecated_api.h:17:2: warning: \"Using deprecated NumPy API, disable it with \"          \"#define NPY_NO_DEPRECATED_API NPY_1_7_API_VERSION\" [-W#warnings]\n  #warning \"Using deprecated NumPy API, disable it with \" \\\n   ^\n  mlsauce/adaopt/_adaoptc.c:41064:13: warning: code will never be executed [-Wunreachable-code]\n              goto bad;\n              ^~~~~~~~\n  2 warnings generated.\n  clang -bundle -undefined dynamic_lookup -arch arm64 -arch x86_64 build/temp.macosx-10.13-universal2-cpython-313/mlsauce/adaopt/_adaoptc.o -Lmlsauce/adaopt/ -Wl,-rpath,mlsauce/adaopt/ -o build/lib.macosx-10.13-universal2-cpython-313/mlsauce/adaopt/_adaoptc.cpython-313-darwin.so\n  building 'mlsauce.booster._boosterc' extension\n  creating build/temp.macosx-10.13-universal2-cpython-313/mlsauce/booster\n  clang -fno-strict-overflow -Wsign-compare -Wunreachable-code -fno-common -dynamic -DNDEBUG -g -O3 -Wall -arch arm64 -arch x86_64 -I/Users/runner/.virtualenvs/r-reticulate/lib/python3.13/site-packages/numpy/_core/include -I/Users/runner/.virtualenvs/r-reticulate/include -I/Library/Frameworks/Python.framework/Versions/3.13/include/python3.13 -c mlsauce/booster/_boosterc.c -o build/temp.macosx-10.13-universal2-cpython-313/mlsauce/booster/_boosterc.o\n  In file included from mlsauce/booster/_boosterc.c:1255:\n  In file included from /Users/runner/.virtualenvs/r-reticulate/lib/python3.13/site-packages/numpy/_core/include/numpy/arrayobject.h:5:\n  In file included from /Users/runner/.virtualenvs/r-reticulate/lib/python3.13/site-packages/numpy/_core/include/numpy/ndarrayobject.h:12:\n  In file included from /Users/runner/.virtualenvs/r-reticulate/lib/python3.13/site-packages/numpy/_core/include/numpy/ndarraytypes.h:1913:\n  /Users/runner/.virtualenvs/r-reticulate/lib/python3.13/site-packages/numpy/_core/include/numpy/npy_1_7_deprecated_api.h:17:2: warning: \"Using deprecated NumPy API, disable it with \"          \"#define NPY_NO_DEPRECATED_API NPY_1_7_API_VERSION\" [-W#warnings]\n  #warning \"Using deprecated NumPy API, disable it with \" \\\n   ^\n  mlsauce/booster/_boosterc.c:37238:13: warning: code will never be executed [-Wunreachable-code]\n              goto bad;\n              ^~~~~~~~\n  mlsauce/booster/_boosterc.c:38486:21: warning: fallthrough annotation in unreachable code [-Wunreachable-code-fallthrough]\n                      CYTHON_FALLTHROUGH;\n                      ^\n  mlsauce/booster/_boosterc.c:572:34: note: expanded from macro 'CYTHON_FALLTHROUGH'\n        #define CYTHON_FALLTHROUGH __attribute__((fallthrough))\n                                   ^\n  mlsauce/booster/_boosterc.c:38497:21: warning: fallthrough annotation in unreachable code [-Wunreachable-code-fallthrough]\n                      CYTHON_FALLTHROUGH;\n                      ^\n  mlsauce/booster/_boosterc.c:572:34: note: expanded from macro 'CYTHON_FALLTHROUGH'\n        #define CYTHON_FALLTHROUGH __attribute__((fallthrough))\n                                   ^\n  mlsauce/booster/_boosterc.c:38619:21: warning: fallthrough annotation in unreachable code [-Wunreachable-code-fallthrough]\n                      CYTHON_FALLTHROUGH;\n                      ^\n  mlsauce/booster/_boosterc.c:572:34: note: expanded from macro 'CYTHON_FALLTHROUGH'\n        #define CYTHON_FALLTHROUGH __attribute__((fallthrough))\n                                   ^\n  mlsauce/booster/_boosterc.c:38630:21: warning: fallthrough annotation in unreachable code [-Wunreachable-code-fallthrough]\n                      CYTHON_FALLTHROUGH;\n                      ^\n  mlsauce/booster/_boosterc.c:572:34: note: expanded from macro 'CYTHON_FALLTHROUGH'\n        #define CYTHON_FALLTHROUGH __attribute__((fallthrough))\n                                   ^\n  6 warnings generated.\n  In file included from mlsauce/booster/_boosterc.c:1255:\n  In file included from /Users/runner/.virtualenvs/r-reticulate/lib/python3.13/site-packages/numpy/_core/include/numpy/arrayobject.h:5:\n  In file included from /Users/runner/.virtualenvs/r-reticulate/lib/python3.13/site-packages/numpy/_core/include/numpy/ndarrayobject.h:12:\n  In file included from /Users/runner/.virtualenvs/r-reticulate/lib/python3.13/site-packages/numpy/_core/include/numpy/ndarraytypes.h:1913:\n  /Users/runner/.virtualenvs/r-reticulate/lib/python3.13/site-packages/numpy/_core/include/numpy/npy_1_7_deprecated_api.h:17:2: warning: \"Using deprecated NumPy API, disable it with \"          \"#define NPY_NO_DEPRECATED_API NPY_1_7_API_VERSION\" [-W#warnings]\n  #warning \"Using deprecated NumPy API, disable it with \" \\\n   ^\n  mlsauce/booster/_boosterc.c:37238:13: warning: code will never be executed [-Wunreachable-code]\n              goto bad;\n              ^~~~~~~~\n  mlsauce/booster/_boosterc.c:38486:21: warning: fallthrough annotation in unreachable code [-Wunreachable-code-fallthrough]\n                      CYTHON_FALLTHROUGH;\n                      ^\n  mlsauce/booster/_boosterc.c:572:34: note: expanded from macro 'CYTHON_FALLTHROUGH'\n        #define CYTHON_FALLTHROUGH __attribute__((fallthrough))\n                                   ^\n  mlsauce/booster/_boosterc.c:38497:21: warning: fallthrough annotation in unreachable code [-Wunreachable-code-fallthrough]\n                      CYTHON_FALLTHROUGH;\n                      ^\n  mlsauce/booster/_boosterc.c:572:34: note: expanded from macro 'CYTHON_FALLTHROUGH'\n        #define CYTHON_FALLTHROUGH __attribute__((fallthrough))\n                                   ^\n  mlsauce/booster/_boosterc.c:38619:21: warning: fallthrough annotation in unreachable code [-Wunreachable-code-fallthrough]\n                      CYTHON_FALLTHROUGH;\n                      ^\n  mlsauce/booster/_boosterc.c:572:34: note: expanded from macro 'CYTHON_FALLTHROUGH'\n        #define CYTHON_FALLTHROUGH __attribute__((fallthrough))\n                                   ^\n  mlsauce/booster/_boosterc.c:38630:21: warning: fallthrough annotation in unreachable code [-Wunreachable-code-fallthrough]\n                      CYTHON_FALLTHROUGH;\n                      ^\n  mlsauce/booster/_boosterc.c:572:34: note: expanded from macro 'CYTHON_FALLTHROUGH'\n        #define CYTHON_FALLTHROUGH __attribute__((fallthrough))\n                                   ^\n  6 warnings generated.\n  clang -bundle -undefined dynamic_lookup -arch arm64 -arch x86_64 build/temp.macosx-10.13-universal2-cpython-313/mlsauce/booster/_boosterc.o -Lmlsauce/booster/ -Wl,-rpath,mlsauce/booster/ -o build/lib.macosx-10.13-universal2-cpython-313/mlsauce/booster/_boosterc.cpython-313-darwin.so\n  building 'mlsauce.lasso._lassoc' extension\n  creating build/temp.macosx-10.13-universal2-cpython-313/mlsauce/lasso\n  clang -fno-strict-overflow -Wsign-compare -Wunreachable-code -fno-common -dynamic -DNDEBUG -g -O3 -Wall -arch arm64 -arch x86_64 -I/Users/runner/.virtualenvs/r-reticulate/lib/python3.13/site-packages/numpy/_core/include -I/Users/runner/.virtualenvs/r-reticulate/include -I/Library/Frameworks/Python.framework/Versions/3.13/include/python3.13 -c mlsauce/lasso/_lassoc.c -o build/temp.macosx-10.13-universal2-cpython-313/mlsauce/lasso/_lassoc.o\n  In file included from mlsauce/lasso/_lassoc.c:1255:\n  In file included from /Users/runner/.virtualenvs/r-reticulate/lib/python3.13/site-packages/numpy/_core/include/numpy/arrayobject.h:5:\n  In file included from /Users/runner/.virtualenvs/r-reticulate/lib/python3.13/site-packages/numpy/_core/include/numpy/ndarrayobject.h:12:\n  In file included from /Users/runner/.virtualenvs/r-reticulate/lib/python3.13/site-packages/numpy/_core/include/numpy/ndarraytypes.h:1913:\n  /Users/runner/.virtualenvs/r-reticulate/lib/python3.13/site-packages/numpy/_core/include/numpy/npy_1_7_deprecated_api.h:17:2: warning: \"Using deprecated NumPy API, disable it with \"          \"#define NPY_NO_DEPRECATED_API NPY_1_7_API_VERSION\" [-W#warnings]\n  #warning \"Using deprecated NumPy API, disable it with \" \\\n   ^\n  mlsauce/lasso/_lassoc.c:15950:21: warning: fallthrough annotation in unreachable code [-Wunreachable-code-fallthrough]\n                      CYTHON_FALLTHROUGH;\n                      ^\n  mlsauce/lasso/_lassoc.c:572:34: note: expanded from macro 'CYTHON_FALLTHROUGH'\n        #define CYTHON_FALLTHROUGH __attribute__((fallthrough))\n                                   ^\n  mlsauce/lasso/_lassoc.c:15961:21: warning: fallthrough annotation in unreachable code [-Wunreachable-code-fallthrough]\n                      CYTHON_FALLTHROUGH;\n                      ^\n  mlsauce/lasso/_lassoc.c:572:34: note: expanded from macro 'CYTHON_FALLTHROUGH'\n        #define CYTHON_FALLTHROUGH __attribute__((fallthrough))\n                                   ^\n  3 warnings generated.\n  In file included from mlsauce/lasso/_lassoc.c:1255:\n  In file included from /Users/runner/.virtualenvs/r-reticulate/lib/python3.13/site-packages/numpy/_core/include/numpy/arrayobject.h:5:\n  In file included from /Users/runner/.virtualenvs/r-reticulate/lib/python3.13/site-packages/numpy/_core/include/numpy/ndarrayobject.h:12:\n  In file included from /Users/runner/.virtualenvs/r-reticulate/lib/python3.13/site-packages/numpy/_core/include/numpy/ndarraytypes.h:1913:\n  /Users/runner/.virtualenvs/r-reticulate/lib/python3.13/site-packages/numpy/_core/include/numpy/npy_1_7_deprecated_api.h:17:2: warning: \"Using deprecated NumPy API, disable it with \"          \"#define NPY_NO_DEPRECATED_API NPY_1_7_API_VERSION\" [-W#warnings]\n  #warning \"Using deprecated NumPy API, disable it with \" \\\n   ^\n  mlsauce/lasso/_lassoc.c:15950:21: warning: fallthrough annotation in unreachable code [-Wunreachable-code-fallthrough]\n                      CYTHON_FALLTHROUGH;\n                      ^\n  mlsauce/lasso/_lassoc.c:572:34: note: expanded from macro 'CYTHON_FALLTHROUGH'\n        #define CYTHON_FALLTHROUGH __attribute__((fallthrough))\n                                   ^\n  mlsauce/lasso/_lassoc.c:15961:21: warning: fallthrough annotation in unreachable code [-Wunreachable-code-fallthrough]\n                      CYTHON_FALLTHROUGH;\n                      ^\n  mlsauce/lasso/_lassoc.c:572:34: note: expanded from macro 'CYTHON_FALLTHROUGH'\n        #define CYTHON_FALLTHROUGH __attribute__((fallthrough))\n                                   ^\n  3 warnings generated.\n  clang -bundle -undefined dynamic_lookup -arch arm64 -arch x86_64 build/temp.macosx-10.13-universal2-cpython-313/mlsauce/lasso/_lassoc.o -Lmlsauce/lasso/ -Wl,-rpath,mlsauce/lasso/ -o build/lib.macosx-10.13-universal2-cpython-313/mlsauce/lasso/_lassoc.cpython-313-darwin.so\n  building 'mlsauce.ridge._ridgec' extension\n  creating build/temp.macosx-10.13-universal2-cpython-313/mlsauce/ridge\n  clang -fno-strict-overflow -Wsign-compare -Wunreachable-code -fno-common -dynamic -DNDEBUG -g -O3 -Wall -arch arm64 -arch x86_64 -I/Users/runner/.virtualenvs/r-reticulate/lib/python3.13/site-packages/numpy/_core/include -I/Users/runner/.virtualenvs/r-reticulate/include -I/Library/Frameworks/Python.framework/Versions/3.13/include/python3.13 -c mlsauce/ridge/_ridgec.c -o build/temp.macosx-10.13-universal2-cpython-313/mlsauce/ridge/_ridgec.o\n  In file included from mlsauce/ridge/_ridgec.c:1255:\n  In file included from /Users/runner/.virtualenvs/r-reticulate/lib/python3.13/site-packages/numpy/_core/include/numpy/arrayobject.h:5:\n  In file included from /Users/runner/.virtualenvs/r-reticulate/lib/python3.13/site-packages/numpy/_core/include/numpy/ndarrayobject.h:12:\n  In file included from /Users/runner/.virtualenvs/r-reticulate/lib/python3.13/site-packages/numpy/_core/include/numpy/ndarraytypes.h:1913:\n  /Users/runner/.virtualenvs/r-reticulate/lib/python3.13/site-packages/numpy/_core/include/numpy/npy_1_7_deprecated_api.h:17:2: warning: \"Using deprecated NumPy API, disable it with \"          \"#define NPY_NO_DEPRECATED_API NPY_1_7_API_VERSION\" [-W#warnings]\n  #warning \"Using deprecated NumPy API, disable it with \" \\\n   ^\n  mlsauce/ridge/_ridgec.c:13359:21: warning: fallthrough annotation in unreachable code [-Wunreachable-code-fallthrough]\n                      CYTHON_FALLTHROUGH;\n                      ^\n  mlsauce/ridge/_ridgec.c:572:34: note: expanded from macro 'CYTHON_FALLTHROUGH'\n        #define CYTHON_FALLTHROUGH __attribute__((fallthrough))\n                                   ^\n  mlsauce/ridge/_ridgec.c:13370:21: warning: fallthrough annotation in unreachable code [-Wunreachable-code-fallthrough]\n                      CYTHON_FALLTHROUGH;\n                      ^\n  mlsauce/ridge/_ridgec.c:572:34: note: expanded from macro 'CYTHON_FALLTHROUGH'\n        #define CYTHON_FALLTHROUGH __attribute__((fallthrough))\n                                   ^\n  3 warnings generated.\n  In file included from mlsauce/ridge/_ridgec.c:1255:\n  In file included from /Users/runner/.virtualenvs/r-reticulate/lib/python3.13/site-packages/numpy/_core/include/numpy/arrayobject.h:5:\n  In file included from /Users/runner/.virtualenvs/r-reticulate/lib/python3.13/site-packages/numpy/_core/include/numpy/ndarrayobject.h:12:\n  In file included from /Users/runner/.virtualenvs/r-reticulate/lib/python3.13/site-packages/numpy/_core/include/numpy/ndarraytypes.h:1913:\n  /Users/runner/.virtualenvs/r-reticulate/lib/python3.13/site-packages/numpy/_core/include/numpy/npy_1_7_deprecated_api.h:17:2: warning: \"Using deprecated NumPy API, disable it with \"          \"#define NPY_NO_DEPRECATED_API NPY_1_7_API_VERSION\" [-W#warnings]\n  #warning \"Using deprecated NumPy API, disable it with \" \\\n   ^\n  mlsauce/ridge/_ridgec.c:13359:21: warning: fallthrough annotation in unreachable code [-Wunreachable-code-fallthrough]\n                      CYTHON_FALLTHROUGH;\n                      ^\n  mlsauce/ridge/_ridgec.c:572:34: note: expanded from macro 'CYTHON_FALLTHROUGH'\n        #define CYTHON_FALLTHROUGH __attribute__((fallthrough))\n                                   ^\n  mlsauce/ridge/_ridgec.c:13370:21: warning: fallthrough annotation in unreachable code [-Wunreachable-code-fallthrough]\n                      CYTHON_FALLTHROUGH;\n                      ^\n  mlsauce/ridge/_ridgec.c:572:34: note: expanded from macro 'CYTHON_FALLTHROUGH'\n        #define CYTHON_FALLTHROUGH __attribute__((fallthrough))\n                                   ^\n  3 warnings generated.\n  clang -bundle -undefined dynamic_lookup -arch arm64 -arch x86_64 build/temp.macosx-10.13-universal2-cpython-313/mlsauce/ridge/_ridgec.o -Lmlsauce/ridge/ -Wl,-rpath,mlsauce/ridge/ -o build/lib.macosx-10.13-universal2-cpython-313/mlsauce/ridge/_ridgec.cpython-313-darwin.so\n  building 'mlsauce.stump._stumpc' extension\n  creating build/temp.macosx-10.13-universal2-cpython-313/mlsauce/stump\n  clang -fno-strict-overflow -Wsign-compare -Wunreachable-code -fno-common -dynamic -DNDEBUG -g -O3 -Wall -arch arm64 -arch x86_64 -I/Users/runner/.virtualenvs/r-reticulate/lib/python3.13/site-packages/numpy/_core/include -I/Users/runner/.virtualenvs/r-reticulate/include -I/Library/Frameworks/Python.framework/Versions/3.13/include/python3.13 -c mlsauce/stump/_stumpc.c -o build/temp.macosx-10.13-universal2-cpython-313/mlsauce/stump/_stumpc.o\n  In file included from mlsauce/stump/_stumpc.c:1255:\n  In file included from /Users/runner/.virtualenvs/r-reticulate/lib/python3.13/site-packages/numpy/_core/include/numpy/arrayobject.h:5:\n  In file included from /Users/runner/.virtualenvs/r-reticulate/lib/python3.13/site-packages/numpy/_core/include/numpy/ndarrayobject.h:12:\n  In file included from /Users/runner/.virtualenvs/r-reticulate/lib/python3.13/site-packages/numpy/_core/include/numpy/ndarraytypes.h:1913:\n  /Users/runner/.virtualenvs/r-reticulate/lib/python3.13/site-packages/numpy/_core/include/numpy/npy_1_7_deprecated_api.h:17:2: warning: \"Using deprecated NumPy API, disable it with \"          \"#define NPY_NO_DEPRECATED_API NPY_1_7_API_VERSION\" [-W#warnings]\n  #warning \"Using deprecated NumPy API, disable it with \" \\\n   ^\n  mlsauce/stump/_stumpc.c:27891:13: warning: code will never be executed [-Wunreachable-code]\n              goto bad;\n              ^~~~~~~~\n  mlsauce/stump/_stumpc.c:20073:15: warning: unused function '__pyx_f_7mlsauce_5stump_7_stumpc_min_c' [-Wunused-function]\n  static double __pyx_f_7mlsauce_5stump_7_stumpc_min_c(double __pyx_v_x, double __pyx_v_y) {\n                ^\n  mlsauce/stump/_stumpc.c:20137:15: warning: unused function '__pyx_f_7mlsauce_5stump_7_stumpc_max_c' [-Wunused-function]\n  static double __pyx_f_7mlsauce_5stump_7_stumpc_max_c(double __pyx_v_x, double __pyx_v_y) {\n                ^\n  4 warnings generated.\n  In file included from mlsauce/stump/_stumpc.c:1255:\n  In file included from /Users/runner/.virtualenvs/r-reticulate/lib/python3.13/site-packages/numpy/_core/include/numpy/arrayobject.h:5:\n  In file included from /Users/runner/.virtualenvs/r-reticulate/lib/python3.13/site-packages/numpy/_core/include/numpy/ndarrayobject.h:12:\n  In file included from /Users/runner/.virtualenvs/r-reticulate/lib/python3.13/site-packages/numpy/_core/include/numpy/ndarraytypes.h:1913:\n  /Users/runner/.virtualenvs/r-reticulate/lib/python3.13/site-packages/numpy/_core/include/numpy/npy_1_7_deprecated_api.h:17:2: warning: \"Using deprecated NumPy API, disable it with \"          \"#define NPY_NO_DEPRECATED_API NPY_1_7_API_VERSION\" [-W#warnings]\n  #warning \"Using deprecated NumPy API, disable it with \" \\\n   ^\n  mlsauce/stump/_stumpc.c:27891:13: warning: code will never be executed [-Wunreachable-code]\n              goto bad;\n              ^~~~~~~~\n  mlsauce/stump/_stumpc.c:20073:15: warning: unused function '__pyx_f_7mlsauce_5stump_7_stumpc_min_c' [-Wunused-function]\n  static double __pyx_f_7mlsauce_5stump_7_stumpc_min_c(double __pyx_v_x, double __pyx_v_y) {\n                ^\n  mlsauce/stump/_stumpc.c:20137:15: warning: unused function '__pyx_f_7mlsauce_5stump_7_stumpc_max_c' [-Wunused-function]\n  static double __pyx_f_7mlsauce_5stump_7_stumpc_max_c(double __pyx_v_x, double __pyx_v_y) {\n                ^\n  4 warnings generated.\n  clang -bundle -undefined dynamic_lookup -arch arm64 -arch x86_64 build/temp.macosx-10.13-universal2-cpython-313/mlsauce/stump/_stumpc.o -Lmlsauce/stump/ -Wl,-rpath,mlsauce/stump/ -o build/lib.macosx-10.13-universal2-cpython-313/mlsauce/stump/_stumpc.cpython-313-darwin.so\n  /Users/runner/.virtualenvs/r-reticulate/lib/python3.13/site-packages/setuptools/_distutils/cmd.py:79: SetuptoolsDeprecationWarning: setup.py install is deprecated.\n  !!\n\n          ********************************************************************************\n          Please avoid running ``setup.py`` directly.\n          Instead, use pypa/build, pypa/installer or other\n          standards-based tools.\n\n          See https://blog.ganssle.io/articles/2021/10/setup-py-deprecated.html for details.\n          ********************************************************************************\n\n  !!\n    self.initialize_options()\n  installing to build/bdist.macosx-10.13-universal2/wheel\n  running install\n  running install_lib\n  creating build/bdist.macosx-10.13-universal2/wheel\n  creating build/bdist.macosx-10.13-universal2/wheel/mlsauce\n  creating build/bdist.macosx-10.13-universal2/wheel/mlsauce/stump\n  copying build/lib.macosx-10.13-universal2-cpython-313/mlsauce/stump/utils_stump.py -> build/bdist.macosx-10.13-universal2/wheel/./mlsauce/stump\n  copying build/lib.macosx-10.13-universal2-cpython-313/mlsauce/stump/__init__.py -> build/bdist.macosx-10.13-universal2/wheel/./mlsauce/stump\n  copying build/lib.macosx-10.13-universal2-cpython-313/mlsauce/stump/_stumpc.c -> build/bdist.macosx-10.13-universal2/wheel/./mlsauce/stump\n  copying build/lib.macosx-10.13-universal2-cpython-313/mlsauce/stump/setup.py -> build/bdist.macosx-10.13-universal2/wheel/./mlsauce/stump\n  copying build/lib.macosx-10.13-universal2-cpython-313/mlsauce/stump/setup2.py -> build/bdist.macosx-10.13-universal2/wheel/./mlsauce/stump\n  copying build/lib.macosx-10.13-universal2-cpython-313/mlsauce/stump/_stump_classifier.py -> build/bdist.macosx-10.13-universal2/wheel/./mlsauce/stump\n  copying build/lib.macosx-10.13-universal2-cpython-313/mlsauce/stump/_stumpc.cpython-313-darwin.so -> build/bdist.macosx-10.13-universal2/wheel/./mlsauce/stump\n  creating build/bdist.macosx-10.13-universal2/wheel/mlsauce/nonconformist\n  copying build/lib.macosx-10.13-universal2-cpython-313/mlsauce/nonconformist/icp.py -> build/bdist.macosx-10.13-universal2/wheel/./mlsauce/nonconformist\n  copying build/lib.macosx-10.13-universal2-cpython-313/mlsauce/nonconformist/util.py -> build/bdist.macosx-10.13-universal2/wheel/./mlsauce/nonconformist\n  copying build/lib.macosx-10.13-universal2-cpython-313/mlsauce/nonconformist/evaluation.py -> build/bdist.macosx-10.13-universal2/wheel/./mlsauce/nonconformist\n  copying build/lib.macosx-10.13-universal2-cpython-313/mlsauce/nonconformist/__init__.py -> build/bdist.macosx-10.13-universal2/wheel/./mlsauce/nonconformist\n  copying build/lib.macosx-10.13-universal2-cpython-313/mlsauce/nonconformist/cp.py -> build/bdist.macosx-10.13-universal2/wheel/./mlsauce/nonconformist\n  copying build/lib.macosx-10.13-universal2-cpython-313/mlsauce/nonconformist/acp.py -> build/bdist.macosx-10.13-universal2/wheel/./mlsauce/nonconformist\n  copying build/lib.macosx-10.13-universal2-cpython-313/mlsauce/nonconformist/base.py -> build/bdist.macosx-10.13-universal2/wheel/./mlsauce/nonconformist\n  copying build/lib.macosx-10.13-universal2-cpython-313/mlsauce/nonconformist/nc.py -> build/bdist.macosx-10.13-universal2/wheel/./mlsauce/nonconformist\n  creating build/bdist.macosx-10.13-universal2/wheel/mlsauce/predictioninterval\n  copying build/lib.macosx-10.13-universal2-cpython-313/mlsauce/predictioninterval/__init__.py -> build/bdist.macosx-10.13-universal2/wheel/./mlsauce/predictioninterval\n  copying build/lib.macosx-10.13-universal2-cpython-313/mlsauce/predictioninterval/predictioninterval.py -> build/bdist.macosx-10.13-universal2/wheel/./mlsauce/predictioninterval\n  creating build/bdist.macosx-10.13-universal2/wheel/mlsauce/ridge\n  copying build/lib.macosx-10.13-universal2-cpython-313/mlsauce/ridge/utils_ridge.py -> build/bdist.macosx-10.13-universal2/wheel/./mlsauce/ridge\n  copying build/lib.macosx-10.13-universal2-cpython-313/mlsauce/ridge/__init__.py -> build/bdist.macosx-10.13-universal2/wheel/./mlsauce/ridge\n  copying build/lib.macosx-10.13-universal2-cpython-313/mlsauce/ridge/_ridgec.cpython-313-darwin.so -> build/bdist.macosx-10.13-universal2/wheel/./mlsauce/ridge\n  copying build/lib.macosx-10.13-universal2-cpython-313/mlsauce/ridge/setup.py -> build/bdist.macosx-10.13-universal2/wheel/./mlsauce/ridge\n  copying build/lib.macosx-10.13-universal2-cpython-313/mlsauce/ridge/setup2.py -> build/bdist.macosx-10.13-universal2/wheel/./mlsauce/ridge\n  copying build/lib.macosx-10.13-universal2-cpython-313/mlsauce/ridge/_ridge.py -> build/bdist.macosx-10.13-universal2/wheel/./mlsauce/ridge\n  copying build/lib.macosx-10.13-universal2-cpython-313/mlsauce/ridge/_ridgec.c -> build/bdist.macosx-10.13-universal2/wheel/./mlsauce/ridge\n  creating build/bdist.macosx-10.13-universal2/wheel/mlsauce/booster\n  copying build/lib.macosx-10.13-universal2-cpython-313/mlsauce/booster/_booster_regressor.py -> build/bdist.macosx-10.13-universal2/wheel/./mlsauce/booster\n  copying build/lib.macosx-10.13-universal2-cpython-313/mlsauce/booster/utils_booster.py -> build/bdist.macosx-10.13-universal2/wheel/./mlsauce/booster\n  copying build/lib.macosx-10.13-universal2-cpython-313/mlsauce/booster/_boosterc.cpython-313-darwin.so -> build/bdist.macosx-10.13-universal2/wheel/./mlsauce/booster\n  copying build/lib.macosx-10.13-universal2-cpython-313/mlsauce/booster/__init__.py -> build/bdist.macosx-10.13-universal2/wheel/./mlsauce/booster\n  copying build/lib.macosx-10.13-universal2-cpython-313/mlsauce/booster/_boosterc.c -> build/bdist.macosx-10.13-universal2/wheel/./mlsauce/booster\n  copying build/lib.macosx-10.13-universal2-cpython-313/mlsauce/booster/setup.py -> build/bdist.macosx-10.13-universal2/wheel/./mlsauce/booster\n  copying build/lib.macosx-10.13-universal2-cpython-313/mlsauce/booster/setup2.py -> build/bdist.macosx-10.13-universal2/wheel/./mlsauce/booster\n  copying build/lib.macosx-10.13-universal2-cpython-313/mlsauce/booster/_booster_classifier.py -> build/bdist.macosx-10.13-universal2/wheel/./mlsauce/booster\n  creating build/bdist.macosx-10.13-universal2/wheel/mlsauce/datasets\n  copying build/lib.macosx-10.13-universal2-cpython-313/mlsauce/datasets/dowload.py -> build/bdist.macosx-10.13-universal2/wheel/./mlsauce/datasets\n  copying build/lib.macosx-10.13-universal2-cpython-313/mlsauce/datasets/__init__.py -> build/bdist.macosx-10.13-universal2/wheel/./mlsauce/datasets\n  copying build/lib.macosx-10.13-universal2-cpython-313/mlsauce/__init__.py -> build/bdist.macosx-10.13-universal2/wheel/./mlsauce\n  creating build/bdist.macosx-10.13-universal2/wheel/mlsauce/utils\n  creating build/bdist.macosx-10.13-universal2/wheel/mlsauce/utils/misc\n  copying build/lib.macosx-10.13-universal2-cpython-313/mlsauce/utils/misc/misc.py -> build/bdist.macosx-10.13-universal2/wheel/./mlsauce/utils/misc\n  copying build/lib.macosx-10.13-universal2-cpython-313/mlsauce/utils/misc/__init__.py -> build/bdist.macosx-10.13-universal2/wheel/./mlsauce/utils/misc\n  creating build/bdist.macosx-10.13-universal2/wheel/mlsauce/utils/metrics\n  copying build/lib.macosx-10.13-universal2-cpython-313/mlsauce/utils/metrics/metrics.py -> build/bdist.macosx-10.13-universal2/wheel/./mlsauce/utils/metrics\n  copying build/lib.macosx-10.13-universal2-cpython-313/mlsauce/utils/metrics/__init__.py -> build/bdist.macosx-10.13-universal2/wheel/./mlsauce/utils/metrics\n  creating build/bdist.macosx-10.13-universal2/wheel/mlsauce/utils/histofeatures\n  copying build/lib.macosx-10.13-universal2-cpython-313/mlsauce/utils/histofeatures/__init__.py -> build/bdist.macosx-10.13-universal2/wheel/./mlsauce/utils/histofeatures\n  copying build/lib.macosx-10.13-universal2-cpython-313/mlsauce/utils/histofeatures/gethistofeatures.py -> build/bdist.macosx-10.13-universal2/wheel/./mlsauce/utils/histofeatures\n  creating build/bdist.macosx-10.13-universal2/wheel/mlsauce/utils/sampling\n  copying build/lib.macosx-10.13-universal2-cpython-313/mlsauce/utils/sampling/__init__.py -> build/bdist.macosx-10.13-universal2/wheel/./mlsauce/utils/sampling\n  copying build/lib.macosx-10.13-universal2-cpython-313/mlsauce/utils/sampling/rowsubsampling.py -> build/bdist.macosx-10.13-universal2/wheel/./mlsauce/utils/sampling\n  copying build/lib.macosx-10.13-universal2-cpython-313/mlsauce/utils/__init__.py -> build/bdist.macosx-10.13-universal2/wheel/./mlsauce/utils\n  copying build/lib.macosx-10.13-universal2-cpython-313/mlsauce/utils/progress_bar.py -> build/bdist.macosx-10.13-universal2/wheel/./mlsauce/utils\n  copying build/lib.macosx-10.13-universal2-cpython-313/mlsauce/utils/get_beta.py -> build/bdist.macosx-10.13-universal2/wheel/./mlsauce/utils\n  creating build/bdist.macosx-10.13-universal2/wheel/mlsauce/utils/memoryuse\n  copying build/lib.macosx-10.13-universal2-cpython-313/mlsauce/utils/memoryuse/__init__.py -> build/bdist.macosx-10.13-universal2/wheel/./mlsauce/utils/memoryuse\n  copying build/lib.macosx-10.13-universal2-cpython-313/mlsauce/utils/memoryuse/mem_usage.py -> build/bdist.macosx-10.13-universal2/wheel/./mlsauce/utils/memoryuse\n  creating build/bdist.macosx-10.13-universal2/wheel/mlsauce/utils/matrixops\n  copying build/lib.macosx-10.13-universal2-cpython-313/mlsauce/utils/matrixops/matrixops.py -> build/bdist.macosx-10.13-universal2/wheel/./mlsauce/utils/matrixops\n  copying build/lib.macosx-10.13-universal2-cpython-313/mlsauce/utils/matrixops/__init__.py -> build/bdist.macosx-10.13-universal2/wheel/./mlsauce/utils/matrixops\n  creating build/bdist.macosx-10.13-universal2/wheel/mlsauce/lazybooster\n  copying build/lib.macosx-10.13-universal2-cpython-313/mlsauce/lazybooster/lazyboosterregression.py -> build/bdist.macosx-10.13-universal2/wheel/./mlsauce/lazybooster\n  copying build/lib.macosx-10.13-universal2-cpython-313/mlsauce/lazybooster/config.py -> build/bdist.macosx-10.13-universal2/wheel/./mlsauce/lazybooster\n  copying build/lib.macosx-10.13-universal2-cpython-313/mlsauce/lazybooster/lazyboostermts.py -> build/bdist.macosx-10.13-universal2/wheel/./mlsauce/lazybooster\n  copying build/lib.macosx-10.13-universal2-cpython-313/mlsauce/lazybooster/__init__.py -> build/bdist.macosx-10.13-universal2/wheel/./mlsauce/lazybooster\n  copying build/lib.macosx-10.13-universal2-cpython-313/mlsauce/lazybooster/lazyboosterclassif.py -> build/bdist.macosx-10.13-universal2/wheel/./mlsauce/lazybooster\n  copying build/lib.macosx-10.13-universal2-cpython-313/mlsauce/setup.py -> build/bdist.macosx-10.13-universal2/wheel/./mlsauce\n  creating build/bdist.macosx-10.13-universal2/wheel/mlsauce/multitaskregressor\n  copying build/lib.macosx-10.13-universal2-cpython-313/mlsauce/multitaskregressor/__init__.py -> build/bdist.macosx-10.13-universal2/wheel/./mlsauce/multitaskregressor\n  copying build/lib.macosx-10.13-universal2-cpython-313/mlsauce/multitaskregressor/mtaskregr.py -> build/bdist.macosx-10.13-universal2/wheel/./mlsauce/multitaskregressor\n  creating build/bdist.macosx-10.13-universal2/wheel/mlsauce/lasso\n  copying build/lib.macosx-10.13-universal2-cpython-313/mlsauce/lasso/utils_lasso.py -> build/bdist.macosx-10.13-universal2/wheel/./mlsauce/lasso\n  copying build/lib.macosx-10.13-universal2-cpython-313/mlsauce/lasso/__init__.py -> build/bdist.macosx-10.13-universal2/wheel/./mlsauce/lasso\n  copying build/lib.macosx-10.13-universal2-cpython-313/mlsauce/lasso/_lassoc.cpython-313-darwin.so -> build/bdist.macosx-10.13-universal2/wheel/./mlsauce/lasso\n  copying build/lib.macosx-10.13-universal2-cpython-313/mlsauce/lasso/setup.py -> build/bdist.macosx-10.13-universal2/wheel/./mlsauce/lasso\n  copying build/lib.macosx-10.13-universal2-cpython-313/mlsauce/lasso/setup2.py -> build/bdist.macosx-10.13-universal2/wheel/./mlsauce/lasso\n  copying build/lib.macosx-10.13-universal2-cpython-313/mlsauce/lasso/_lasso.py -> build/bdist.macosx-10.13-universal2/wheel/./mlsauce/lasso\n  copying build/lib.macosx-10.13-universal2-cpython-313/mlsauce/lasso/_lassoc.c -> build/bdist.macosx-10.13-universal2/wheel/./mlsauce/lasso\n  copying build/lib.macosx-10.13-universal2-cpython-313/mlsauce/_config.py -> build/bdist.macosx-10.13-universal2/wheel/./mlsauce\n  creating build/bdist.macosx-10.13-universal2/wheel/mlsauce/adaopt\n  copying build/lib.macosx-10.13-universal2-cpython-313/mlsauce/adaopt/__init__.py -> build/bdist.macosx-10.13-universal2/wheel/./mlsauce/adaopt\n  copying build/lib.macosx-10.13-universal2-cpython-313/mlsauce/adaopt/_adaoptc.c -> build/bdist.macosx-10.13-universal2/wheel/./mlsauce/adaopt\n  copying build/lib.macosx-10.13-universal2-cpython-313/mlsauce/adaopt/setup.py -> build/bdist.macosx-10.13-universal2/wheel/./mlsauce/adaopt\n  copying build/lib.macosx-10.13-universal2-cpython-313/mlsauce/adaopt/setup2.py -> build/bdist.macosx-10.13-universal2/wheel/./mlsauce/adaopt\n  copying build/lib.macosx-10.13-universal2-cpython-313/mlsauce/adaopt/_adaoptc.cpython-313-darwin.so -> build/bdist.macosx-10.13-universal2/wheel/./mlsauce/adaopt\n  copying build/lib.macosx-10.13-universal2-cpython-313/mlsauce/adaopt/_adaopt.py -> build/bdist.macosx-10.13-universal2/wheel/./mlsauce/adaopt\n  copying build/lib.macosx-10.13-universal2-cpython-313/mlsauce/adaopt/utils_adaopt.py -> build/bdist.macosx-10.13-universal2/wheel/./mlsauce/adaopt\n  creating build/bdist.macosx-10.13-universal2/wheel/mlsauce/elasticnet\n  copying build/lib.macosx-10.13-universal2-cpython-313/mlsauce/elasticnet/_enet.py -> build/bdist.macosx-10.13-universal2/wheel/./mlsauce/elasticnet\n  copying build/lib.macosx-10.13-universal2-cpython-313/mlsauce/elasticnet/__init__.py -> build/bdist.macosx-10.13-universal2/wheel/./mlsauce/elasticnet\n  copying build/lib.macosx-10.13-universal2-cpython-313/mlsauce/elasticnet/utils_enet.py -> build/bdist.macosx-10.13-universal2/wheel/./mlsauce/elasticnet\n  copying build/lib.macosx-10.13-universal2-cpython-313/mlsauce/elasticnet/enet.py -> build/bdist.macosx-10.13-universal2/wheel/./mlsauce/elasticnet\n  creating build/bdist.macosx-10.13-universal2/wheel/mlsauce/kernelridge\n  copying build/lib.macosx-10.13-universal2-cpython-313/mlsauce/kernelridge/krr.py -> build/bdist.macosx-10.13-universal2/wheel/./mlsauce/kernelridge\n  copying build/lib.macosx-10.13-universal2-cpython-313/mlsauce/kernelridge/__init__.py -> build/bdist.macosx-10.13-universal2/wheel/./mlsauce/kernelridge\n  running install_egg_info\n  Copying mlsauce.egg-info to build/bdist.macosx-10.13-universal2/wheel/./mlsauce-0.24.0-py3.13.egg-info\n  running install_scripts\n  creating build/bdist.macosx-10.13-universal2/wheel/mlsauce-0.24.0.dist-info/WHEEL\n  creating '/private/var/folders/2s/h6hvv9ps03xgz_krkkstvq_r0000gn/T/pip-wheel-rf58bmj5/mlsauce-0.24.0-cp313-cp313-macosx_10_13_universal2.whl' and adding 'build/bdist.macosx-10.13-universal2/wheel' to it\n  adding 'mlsauce/__init__.py'\n  adding 'mlsauce/_config.py'\n  adding 'mlsauce/setup.py'\n  adding 'mlsauce/adaopt/__init__.py'\n  adding 'mlsauce/adaopt/_adaopt.py'\n  adding 'mlsauce/adaopt/_adaoptc.c'\n  adding 'mlsauce/adaopt/_adaoptc.cpython-313-darwin.so'\n  adding 'mlsauce/adaopt/setup.py'\n  adding 'mlsauce/adaopt/setup2.py'\n  adding 'mlsauce/adaopt/utils_adaopt.py'\n  adding 'mlsauce/booster/__init__.py'\n  adding 'mlsauce/booster/_booster_classifier.py'\n  adding 'mlsauce/booster/_booster_regressor.py'\n  adding 'mlsauce/booster/_boosterc.c'\n  adding 'mlsauce/booster/_boosterc.cpython-313-darwin.so'\n  adding 'mlsauce/booster/setup.py'\n  adding 'mlsauce/booster/setup2.py'\n  adding 'mlsauce/booster/utils_booster.py'\n  adding 'mlsauce/datasets/__init__.py'\n  adding 'mlsauce/datasets/dowload.py'\n  adding 'mlsauce/elasticnet/__init__.py'\n  adding 'mlsauce/elasticnet/_enet.py'\n  adding 'mlsauce/elasticnet/enet.py'\n  adding 'mlsauce/elasticnet/utils_enet.py'\n  adding 'mlsauce/kernelridge/__init__.py'\n  adding 'mlsauce/kernelridge/krr.py'\n  adding 'mlsauce/lasso/__init__.py'\n  adding 'mlsauce/lasso/_lasso.py'\n  adding 'mlsauce/lasso/_lassoc.c'\n  adding 'mlsauce/lasso/_lassoc.cpython-313-darwin.so'\n  adding 'mlsauce/lasso/setup.py'\n  adding 'mlsauce/lasso/setup2.py'\n  adding 'mlsauce/lasso/utils_lasso.py'\n  adding 'mlsauce/lazybooster/__init__.py'\n  adding 'mlsauce/lazybooster/config.py'\n  adding 'mlsauce/lazybooster/lazyboosterclassif.py'\n  adding 'mlsauce/lazybooster/lazyboostermts.py'\n  adding 'mlsauce/lazybooster/lazyboosterregression.py'\n  adding 'mlsauce/multitaskregressor/__init__.py'\n  adding 'mlsauce/multitaskregressor/mtaskregr.py'\n  adding 'mlsauce/nonconformist/__init__.py'\n  adding 'mlsauce/nonconformist/acp.py'\n  adding 'mlsauce/nonconformist/base.py'\n  adding 'mlsauce/nonconformist/cp.py'\n  adding 'mlsauce/nonconformist/evaluation.py'\n  adding 'mlsauce/nonconformist/icp.py'\n  adding 'mlsauce/nonconformist/nc.py'\n  adding 'mlsauce/nonconformist/util.py'\n  adding 'mlsauce/predictioninterval/__init__.py'\n  adding 'mlsauce/predictioninterval/predictioninterval.py'\n  adding 'mlsauce/ridge/__init__.py'\n  adding 'mlsauce/ridge/_ridge.py'\n  adding 'mlsauce/ridge/_ridgec.c'\n  adding 'mlsauce/ridge/_ridgec.cpython-313-darwin.so'\n  adding 'mlsauce/ridge/setup.py'\n  adding 'mlsauce/ridge/setup2.py'\n  adding 'mlsauce/ridge/utils_ridge.py'\n  adding 'mlsauce/stump/__init__.py'\n  adding 'mlsauce/stump/_stump_classifier.py'\n  adding 'mlsauce/stump/_stumpc.c'\n  adding 'mlsauce/stump/_stumpc.cpython-313-darwin.so'\n  adding 'mlsauce/stump/setup.py'\n  adding 'mlsauce/stump/setup2.py'\n  adding 'mlsauce/stump/utils_stump.py'\n  adding 'mlsauce/utils/__init__.py'\n  adding 'mlsauce/utils/get_beta.py'\n  adding 'mlsauce/utils/progress_bar.py'\n  adding 'mlsauce/utils/histofeatures/__init__.py'\n  adding 'mlsauce/utils/histofeatures/gethistofeatures.py'\n  adding 'mlsauce/utils/matrixops/__init__.py'\n  adding 'mlsauce/utils/matrixops/matrixops.py'\n  adding 'mlsauce/utils/memoryuse/__init__.py'\n  adding 'mlsauce/utils/memoryuse/mem_usage.py'\n  adding 'mlsauce/utils/metrics/__init__.py'\n  adding 'mlsauce/utils/metrics/metrics.py'\n  adding 'mlsauce/utils/misc/__init__.py'\n  adding 'mlsauce/utils/misc/misc.py'\n  adding 'mlsauce/utils/sampling/__init__.py'\n  adding 'mlsauce/utils/sampling/rowsubsampling.py'\n  adding 'mlsauce-0.24.0.dist-info/LICENSE'\n  adding 'mlsauce-0.24.0.dist-info/METADATA'\n  adding 'mlsauce-0.24.0.dist-info/WHEEL'\n  adding 'mlsauce-0.24.0.dist-info/top_level.txt'\n  adding 'mlsauce-0.24.0.dist-info/RECORD'\n  removing build/bdist.macosx-10.13-universal2/wheel\n  Traceback (most recent call last):\n    File \"/private/var/folders/2s/h6hvv9ps03xgz_krkkstvq_r0000gn/T/pip-req-build-4fw72q70/mlsauce/adaopt/setup2.py\", line 2, in <module>\n      from setuptools import setup\n  ModuleNotFoundError: No module named 'setuptools'\n  Traceback (most recent call last):\n    File \"/private/var/folders/2s/h6hvv9ps03xgz_krkkstvq_r0000gn/T/pip-req-build-4fw72q70/mlsauce/booster/setup2.py\", line 2, in <module>\n      from distutils.core import setup\n  ModuleNotFoundError: No module named 'distutils'\n  /opt/homebrew/Cellar/python@3.13/3.13.1/Frameworks/Python.framework/Versions/3.13/Resources/Python.app/Contents/MacOS/Python: can't open file '/private/var/folders/2s/h6hvv9ps03xgz_krkkstvq_r0000gn/T/pip-req-build-4fw72q70/mlsauce/elasticnet/setup2.py': [Errno 2] No such file or directory\n  Traceback (most recent call last):\n    File \"/private/var/folders/2s/h6hvv9ps03xgz_krkkstvq_r0000gn/T/pip-req-build-4fw72q70/mlsauce/lasso/setup2.py\", line 2, in <module>\n      from setuptools import setup\n  ModuleNotFoundError: No module named 'setuptools'\n  Traceback (most recent call last):\n    File \"/private/var/folders/2s/h6hvv9ps03xgz_krkkstvq_r0000gn/T/pip-req-build-4fw72q70/mlsauce/ridge/setup2.py\", line 2, in <module>\n      from setuptools import setup\n  ModuleNotFoundError: No module named 'setuptools'\n  Traceback (most recent call last):\n    File \"/private/var/folders/2s/h6hvv9ps03xgz_krkkstvq_r0000gn/T/pip-req-build-4fw72q70/mlsauce/stump/setup2.py\", line 2, in <module>\n      from setuptools import setup\n  ModuleNotFoundError: No module named 'setuptools'\n  Building wheel for mlsauce (setup.py): finished with status 'done'\n  Created wheel for mlsauce: filename=mlsauce-0.24.0-cp313-cp313-macosx_10_13_universal2.whl size=2026336 sha256=394bd87f4ed1ee17e187cf4ef5ddb82904844600cae9ba9c5e0a409c7c7b2365\n  Stored in directory: /private/var/folders/2s/h6hvv9ps03xgz_krkkstvq_r0000gn/T/pip-ephem-wheel-cache-guvxfeab/wheels/33/f1/a3/911a4fc9b1bacbc01665c35467d2f9ce2224bdd9224334bbae\nSuccessfully built mlsauce\nInstalling collected packages: pytz, urllib3, tzdata, tqdm, threadpoolctl, six, pyparsing, pillow, packaging, numpy, kiwisolver, joblib, idna, fonttools, Cython, cycler, charset-normalizer, certifi, scipy, requests, python-dateutil, patsy, contourpy, scikit-learn, pandas, matplotlib, statsmodels, nnetsauce, mlsauce\n  changing mode of /Users/runner/.virtualenvs/r-reticulate/bin/tqdm to 755\n  changing mode of /Users/runner/.virtualenvs/r-reticulate/bin/f2py to 755\n  changing mode of /Users/runner/.virtualenvs/r-reticulate/bin/numpy-config to 755\n  changing mode of /Users/runner/.virtualenvs/r-reticulate/bin/fonttools to 755\n  changing mode of /Users/runner/.virtualenvs/r-reticulate/bin/pyftmerge to 755\n  changing mode of /Users/runner/.virtualenvs/r-reticulate/bin/pyftsubset to 755\n  changing mode of /Users/runner/.virtualenvs/r-reticulate/bin/ttx to 755\n  changing mode of /Users/runner/.virtualenvs/r-reticulate/bin/cygdb to 755\n  changing mode of /Users/runner/.virtualenvs/r-reticulate/bin/cython to 755\n  changing mode of /Users/runner/.virtualenvs/r-reticulate/bin/cythonize to 755\n  changing mode of /Users/runner/.virtualenvs/r-reticulate/bin/normalizer to 755\nSuccessfully installed Cython-3.0.12 certifi-2025.1.31 charset-normalizer-3.4.1 contourpy-1.3.1 cycler-0.12.1 fonttools-4.56.0 idna-3.10 joblib-1.4.2 kiwisolver-1.4.8 matplotlib-3.10.0 mlsauce-0.24.0 nnetsauce-0.30.4 numpy-2.2.3 packaging-24.2 pandas-2.2.3 patsy-1.0.1 pillow-11.1.0 pyparsing-3.2.1 python-dateutil-2.9.0.post0 pytz-2025.1 requests-2.32.3 scikit-learn-1.6.1 scipy-1.15.2 six-1.17.0 statsmodels-0.14.4 threadpoolctl-3.5.0 tqdm-4.67.1 tzdata-2025.1 urllib3-2.3.0\n** testing if installed package keeps a record of temporary installation path\n* creating tarball\npackaged installation of ‘mlsauce’ as ‘mlsauce_0.22.3.tgz’\n* DONE (mlsauce)",
      "build_time": "2025-02-23 23:53:44"
    },
    "nnetsauce": {
      "package": "nnetsauce",
      "status": "SUCCESS",
      "error_message": {},
      "build_output": "* installing to library ‘/Users/runner/work/_temp/Library’\n* installing *source* package ‘nnetsauce’ ...\n** using staged installation\n** R\n** byte-compile and prepare package for lazy loading\n** help\n*** installing help indices\n** building package indices\n** testing if installed package can be loaded from temporary location\nInstalling package into ‘/Users/runner/work/_temp/Library/00LOCK-nnetsauce/00new’\n(as ‘lib’ is unspecified)\ntrying URL 'https://cloud.r-project.org/bin/macosx/big-sur-arm64/contrib/4.4/reticulate_1.40.0.tgz'\nContent type 'application/x-gzip' length 2773003 bytes (2.6 MB)\n==================================================\ndownloaded 2.6 MB\n\n\nThe downloaded binary packages are in\n\t/var/folders/2s/h6hvv9ps03xgz_krkkstvq_r0000gn/T//RtmpJ0ia9I/downloaded_packages\nUsing virtual environment '/Users/runner/.virtualenvs/r-reticulate' ...\n+ /Users/runner/.virtualenvs/r-reticulate/bin/python -m pip install --upgrade --no-user --ignore-installed --upgrade scikit-learn\nCollecting scikit-learn\n  Using cached scikit_learn-1.6.1-cp313-cp313-macosx_12_0_arm64.whl.metadata (31 kB)\nCollecting numpy>=1.19.5 (from scikit-learn)\n  Using cached numpy-2.2.3-cp313-cp313-macosx_14_0_arm64.whl.metadata (62 kB)\nCollecting scipy>=1.6.0 (from scikit-learn)\n  Using cached scipy-1.15.2-cp313-cp313-macosx_14_0_arm64.whl.metadata (61 kB)\nCollecting joblib>=1.2.0 (from scikit-learn)\n  Using cached joblib-1.4.2-py3-none-any.whl.metadata (5.4 kB)\nCollecting threadpoolctl>=3.1.0 (from scikit-learn)\n  Using cached threadpoolctl-3.5.0-py3-none-any.whl.metadata (13 kB)\nUsing cached scikit_learn-1.6.1-cp313-cp313-macosx_12_0_arm64.whl (11.1 MB)\nUsing cached joblib-1.4.2-py3-none-any.whl (301 kB)\nUsing cached numpy-2.2.3-cp313-cp313-macosx_14_0_arm64.whl (5.1 MB)\nUsing cached scipy-1.15.2-cp313-cp313-macosx_14_0_arm64.whl (22.4 MB)\nUsing cached threadpoolctl-3.5.0-py3-none-any.whl (18 kB)\nInstalling collected packages: threadpoolctl, numpy, joblib, scipy, scikit-learn\nSuccessfully installed joblib-1.4.2 numpy-2.2.3 scikit-learn-1.6.1 scipy-1.15.2 threadpoolctl-3.5.0\nUsing virtual environment '/Users/runner/.virtualenvs/r-reticulate' ...\n+ /Users/runner/.virtualenvs/r-reticulate/bin/python -m pip install --upgrade --no-user --ignore-installed --upgrade nnetsauce\nCollecting nnetsauce\n  Using cached nnetsauce-0.30.4-py3-none-any.whl.metadata (978 bytes)\nCollecting joblib (from nnetsauce)\n  Using cached joblib-1.4.2-py3-none-any.whl.metadata (5.4 kB)\nCollecting matplotlib (from nnetsauce)\n  Using cached matplotlib-3.10.0-cp313-cp313-macosx_11_0_arm64.whl.metadata (11 kB)\nCollecting numpy (from nnetsauce)\n  Using cached numpy-2.2.3-cp313-cp313-macosx_14_0_arm64.whl.metadata (62 kB)\nCollecting pandas (from nnetsauce)\n  Using cached pandas-2.2.3-cp313-cp313-macosx_11_0_arm64.whl.metadata (89 kB)\nCollecting requests (from nnetsauce)\n  Using cached requests-2.32.3-py3-none-any.whl.metadata (4.6 kB)\nCollecting scipy (from nnetsauce)\n  Using cached scipy-1.15.2-cp313-cp313-macosx_14_0_arm64.whl.metadata (61 kB)\nCollecting scikit-learn (from nnetsauce)\n  Using cached scikit_learn-1.6.1-cp313-cp313-macosx_12_0_arm64.whl.metadata (31 kB)\nCollecting statsmodels (from nnetsauce)\n  Using cached statsmodels-0.14.4-cp313-cp313-macosx_11_0_arm64.whl.metadata (9.2 kB)\nCollecting threadpoolctl (from nnetsauce)\n  Using cached threadpoolctl-3.5.0-py3-none-any.whl.metadata (13 kB)\nCollecting tqdm (from nnetsauce)\n  Using cached tqdm-4.67.1-py3-none-any.whl.metadata (57 kB)\nCollecting contourpy>=1.0.1 (from matplotlib->nnetsauce)\n  Using cached contourpy-1.3.1-cp313-cp313-macosx_11_0_arm64.whl.metadata (5.4 kB)\nCollecting cycler>=0.10 (from matplotlib->nnetsauce)\n  Using cached cycler-0.12.1-py3-none-any.whl.metadata (3.8 kB)\nCollecting fonttools>=4.22.0 (from matplotlib->nnetsauce)\n  Using cached fonttools-4.56.0-cp313-cp313-macosx_10_13_universal2.whl.metadata (101 kB)\nCollecting kiwisolver>=1.3.1 (from matplotlib->nnetsauce)\n  Using cached kiwisolver-1.4.8-cp313-cp313-macosx_11_0_arm64.whl.metadata (6.2 kB)\nCollecting packaging>=20.0 (from matplotlib->nnetsauce)\n  Using cached packaging-24.2-py3-none-any.whl.metadata (3.2 kB)\nCollecting pillow>=8 (from matplotlib->nnetsauce)\n  Using cached pillow-11.1.0-cp313-cp313-macosx_11_0_arm64.whl.metadata (9.1 kB)\nCollecting pyparsing>=2.3.1 (from matplotlib->nnetsauce)\n  Using cached pyparsing-3.2.1-py3-none-any.whl.metadata (5.0 kB)\nCollecting python-dateutil>=2.7 (from matplotlib->nnetsauce)\n  Using cached python_dateutil-2.9.0.post0-py2.py3-none-any.whl.metadata (8.4 kB)\nCollecting pytz>=2020.1 (from pandas->nnetsauce)\n  Using cached pytz-2025.1-py2.py3-none-any.whl.metadata (22 kB)\nCollecting tzdata>=2022.7 (from pandas->nnetsauce)\n  Using cached tzdata-2025.1-py2.py3-none-any.whl.metadata (1.4 kB)\nCollecting charset-normalizer<4,>=2 (from requests->nnetsauce)\n  Using cached charset_normalizer-3.4.1-cp313-cp313-macosx_10_13_universal2.whl.metadata (35 kB)\nCollecting idna<4,>=2.5 (from requests->nnetsauce)\n  Using cached idna-3.10-py3-none-any.whl.metadata (10 kB)\nCollecting urllib3<3,>=1.21.1 (from requests->nnetsauce)\n  Using cached urllib3-2.3.0-py3-none-any.whl.metadata (6.5 kB)\nCollecting certifi>=2017.4.17 (from requests->nnetsauce)\n  Using cached certifi-2025.1.31-py3-none-any.whl.metadata (2.5 kB)\nCollecting patsy>=0.5.6 (from statsmodels->nnetsauce)\n  Using cached patsy-1.0.1-py2.py3-none-any.whl.metadata (3.3 kB)\nCollecting six>=1.5 (from python-dateutil>=2.7->matplotlib->nnetsauce)\n  Using cached six-1.17.0-py2.py3-none-any.whl.metadata (1.7 kB)\nUsing cached nnetsauce-0.30.4-py3-none-any.whl (189 kB)\nUsing cached joblib-1.4.2-py3-none-any.whl (301 kB)\nUsing cached matplotlib-3.10.0-cp313-cp313-macosx_11_0_arm64.whl (8.0 MB)\nUsing cached numpy-2.2.3-cp313-cp313-macosx_14_0_arm64.whl (5.1 MB)\nUsing cached pandas-2.2.3-cp313-cp313-macosx_11_0_arm64.whl (11.3 MB)\nUsing cached requests-2.32.3-py3-none-any.whl (64 kB)\nUsing cached scikit_learn-1.6.1-cp313-cp313-macosx_12_0_arm64.whl (11.1 MB)\nUsing cached scipy-1.15.2-cp313-cp313-macosx_14_0_arm64.whl (22.4 MB)\nUsing cached threadpoolctl-3.5.0-py3-none-any.whl (18 kB)\nUsing cached statsmodels-0.14.4-cp313-cp313-macosx_11_0_arm64.whl (9.9 MB)\nUsing cached tqdm-4.67.1-py3-none-any.whl (78 kB)\nUsing cached certifi-2025.1.31-py3-none-any.whl (166 kB)\nUsing cached charset_normalizer-3.4.1-cp313-cp313-macosx_10_13_universal2.whl (195 kB)\nUsing cached contourpy-1.3.1-cp313-cp313-macosx_11_0_arm64.whl (255 kB)\nUsing cached cycler-0.12.1-py3-none-any.whl (8.3 kB)\nUsing cached fonttools-4.56.0-cp313-cp313-macosx_10_13_universal2.whl (2.7 MB)\nUsing cached idna-3.10-py3-none-any.whl (70 kB)\nUsing cached kiwisolver-1.4.8-cp313-cp313-macosx_11_0_arm64.whl (65 kB)\nUsing cached packaging-24.2-py3-none-any.whl (65 kB)\nUsing cached patsy-1.0.1-py2.py3-none-any.whl (232 kB)\nUsing cached pillow-11.1.0-cp313-cp313-macosx_11_0_arm64.whl (3.1 MB)\nUsing cached pyparsing-3.2.1-py3-none-any.whl (107 kB)\nUsing cached python_dateutil-2.9.0.post0-py2.py3-none-any.whl (229 kB)\nUsing cached pytz-2025.1-py2.py3-none-any.whl (507 kB)\nUsing cached tzdata-2025.1-py2.py3-none-any.whl (346 kB)\nUsing cached urllib3-2.3.0-py3-none-any.whl (128 kB)\nUsing cached six-1.17.0-py2.py3-none-any.whl (11 kB)\nInstalling collected packages: pytz, urllib3, tzdata, tqdm, threadpoolctl, six, pyparsing, pillow, packaging, numpy, kiwisolver, joblib, idna, fonttools, cycler, charset-normalizer, certifi, scipy, requests, python-dateutil, patsy, contourpy, scikit-learn, pandas, matplotlib, statsmodels, nnetsauce\nSuccessfully installed certifi-2025.1.31 charset-normalizer-3.4.1 contourpy-1.3.1 cycler-0.12.1 fonttools-4.56.0 idna-3.10 joblib-1.4.2 kiwisolver-1.4.8 matplotlib-3.10.0 nnetsauce-0.30.4 numpy-2.2.3 packaging-24.2 pandas-2.2.3 patsy-1.0.1 pillow-11.1.0 pyparsing-3.2.1 python-dateutil-2.9.0.post0 pytz-2025.1 requests-2.32.3 scikit-learn-1.6.1 scipy-1.15.2 six-1.17.0 statsmodels-0.14.4 threadpoolctl-3.5.0 tqdm-4.67.1 tzdata-2025.1 urllib3-2.3.0\n** testing if installed package can be loaded from final location\nInstalling package into ‘/Users/runner/work/_temp/Library’\n(as ‘lib’ is unspecified)\ntrying URL 'https://cloud.r-project.org/bin/macosx/big-sur-arm64/contrib/4.4/reticulate_1.40.0.tgz'\nContent type 'application/x-gzip' length 2773003 bytes (2.6 MB)\n==================================================\ndownloaded 2.6 MB\n\n\nThe downloaded binary packages are in\n\t/var/folders/2s/h6hvv9ps03xgz_krkkstvq_r0000gn/T//RtmpksrCyg/downloaded_packages\nUsing virtual environment '/Users/runner/.virtualenvs/r-reticulate' ...\n+ /Users/runner/.virtualenvs/r-reticulate/bin/python -m pip install --upgrade --no-user --ignore-installed --upgrade scikit-learn\nCollecting scikit-learn\n  Using cached scikit_learn-1.6.1-cp313-cp313-macosx_12_0_arm64.whl.metadata (31 kB)\nCollecting numpy>=1.19.5 (from scikit-learn)\n  Using cached numpy-2.2.3-cp313-cp313-macosx_14_0_arm64.whl.metadata (62 kB)\nCollecting scipy>=1.6.0 (from scikit-learn)\n  Using cached scipy-1.15.2-cp313-cp313-macosx_14_0_arm64.whl.metadata (61 kB)\nCollecting joblib>=1.2.0 (from scikit-learn)\n  Using cached joblib-1.4.2-py3-none-any.whl.metadata (5.4 kB)\nCollecting threadpoolctl>=3.1.0 (from scikit-learn)\n  Using cached threadpoolctl-3.5.0-py3-none-any.whl.metadata (13 kB)\nUsing cached scikit_learn-1.6.1-cp313-cp313-macosx_12_0_arm64.whl (11.1 MB)\nUsing cached joblib-1.4.2-py3-none-any.whl (301 kB)\nUsing cached numpy-2.2.3-cp313-cp313-macosx_14_0_arm64.whl (5.1 MB)\nUsing cached scipy-1.15.2-cp313-cp313-macosx_14_0_arm64.whl (22.4 MB)\nUsing cached threadpoolctl-3.5.0-py3-none-any.whl (18 kB)\nInstalling collected packages: threadpoolctl, numpy, joblib, scipy, scikit-learn\nSuccessfully installed joblib-1.4.2 numpy-2.2.3 scikit-learn-1.6.1 scipy-1.15.2 threadpoolctl-3.5.0\nUsing virtual environment '/Users/runner/.virtualenvs/r-reticulate' ...\n+ /Users/runner/.virtualenvs/r-reticulate/bin/python -m pip install --upgrade --no-user --ignore-installed --upgrade nnetsauce\nCollecting nnetsauce\n  Using cached nnetsauce-0.30.4-py3-none-any.whl.metadata (978 bytes)\nCollecting joblib (from nnetsauce)\n  Using cached joblib-1.4.2-py3-none-any.whl.metadata (5.4 kB)\nCollecting matplotlib (from nnetsauce)\n  Using cached matplotlib-3.10.0-cp313-cp313-macosx_11_0_arm64.whl.metadata (11 kB)\nCollecting numpy (from nnetsauce)\n  Using cached numpy-2.2.3-cp313-cp313-macosx_14_0_arm64.whl.metadata (62 kB)\nCollecting pandas (from nnetsauce)\n  Using cached pandas-2.2.3-cp313-cp313-macosx_11_0_arm64.whl.metadata (89 kB)\nCollecting requests (from nnetsauce)\n  Using cached requests-2.32.3-py3-none-any.whl.metadata (4.6 kB)\nCollecting scipy (from nnetsauce)\n  Using cached scipy-1.15.2-cp313-cp313-macosx_14_0_arm64.whl.metadata (61 kB)\nCollecting scikit-learn (from nnetsauce)\n  Using cached scikit_learn-1.6.1-cp313-cp313-macosx_12_0_arm64.whl.metadata (31 kB)\nCollecting statsmodels (from nnetsauce)\n  Using cached statsmodels-0.14.4-cp313-cp313-macosx_11_0_arm64.whl.metadata (9.2 kB)\nCollecting threadpoolctl (from nnetsauce)\n  Using cached threadpoolctl-3.5.0-py3-none-any.whl.metadata (13 kB)\nCollecting tqdm (from nnetsauce)\n  Using cached tqdm-4.67.1-py3-none-any.whl.metadata (57 kB)\nCollecting contourpy>=1.0.1 (from matplotlib->nnetsauce)\n  Using cached contourpy-1.3.1-cp313-cp313-macosx_11_0_arm64.whl.metadata (5.4 kB)\nCollecting cycler>=0.10 (from matplotlib->nnetsauce)\n  Using cached cycler-0.12.1-py3-none-any.whl.metadata (3.8 kB)\nCollecting fonttools>=4.22.0 (from matplotlib->nnetsauce)\n  Using cached fonttools-4.56.0-cp313-cp313-macosx_10_13_universal2.whl.metadata (101 kB)\nCollecting kiwisolver>=1.3.1 (from matplotlib->nnetsauce)\n  Using cached kiwisolver-1.4.8-cp313-cp313-macosx_11_0_arm64.whl.metadata (6.2 kB)\nCollecting packaging>=20.0 (from matplotlib->nnetsauce)\n  Using cached packaging-24.2-py3-none-any.whl.metadata (3.2 kB)\nCollecting pillow>=8 (from matplotlib->nnetsauce)\n  Using cached pillow-11.1.0-cp313-cp313-macosx_11_0_arm64.whl.metadata (9.1 kB)\nCollecting pyparsing>=2.3.1 (from matplotlib->nnetsauce)\n  Using cached pyparsing-3.2.1-py3-none-any.whl.metadata (5.0 kB)\nCollecting python-dateutil>=2.7 (from matplotlib->nnetsauce)\n  Using cached python_dateutil-2.9.0.post0-py2.py3-none-any.whl.metadata (8.4 kB)\nCollecting pytz>=2020.1 (from pandas->nnetsauce)\n  Using cached pytz-2025.1-py2.py3-none-any.whl.metadata (22 kB)\nCollecting tzdata>=2022.7 (from pandas->nnetsauce)\n  Using cached tzdata-2025.1-py2.py3-none-any.whl.metadata (1.4 kB)\nCollecting charset-normalizer<4,>=2 (from requests->nnetsauce)\n  Using cached charset_normalizer-3.4.1-cp313-cp313-macosx_10_13_universal2.whl.metadata (35 kB)\nCollecting idna<4,>=2.5 (from requests->nnetsauce)\n  Using cached idna-3.10-py3-none-any.whl.metadata (10 kB)\nCollecting urllib3<3,>=1.21.1 (from requests->nnetsauce)\n  Using cached urllib3-2.3.0-py3-none-any.whl.metadata (6.5 kB)\nCollecting certifi>=2017.4.17 (from requests->nnetsauce)\n  Using cached certifi-2025.1.31-py3-none-any.whl.metadata (2.5 kB)\nCollecting patsy>=0.5.6 (from statsmodels->nnetsauce)\n  Using cached patsy-1.0.1-py2.py3-none-any.whl.metadata (3.3 kB)\nCollecting six>=1.5 (from python-dateutil>=2.7->matplotlib->nnetsauce)\n  Using cached six-1.17.0-py2.py3-none-any.whl.metadata (1.7 kB)\nUsing cached nnetsauce-0.30.4-py3-none-any.whl (189 kB)\nUsing cached joblib-1.4.2-py3-none-any.whl (301 kB)\nUsing cached matplotlib-3.10.0-cp313-cp313-macosx_11_0_arm64.whl (8.0 MB)\nUsing cached numpy-2.2.3-cp313-cp313-macosx_14_0_arm64.whl (5.1 MB)\nUsing cached pandas-2.2.3-cp313-cp313-macosx_11_0_arm64.whl (11.3 MB)\nUsing cached requests-2.32.3-py3-none-any.whl (64 kB)\nUsing cached scikit_learn-1.6.1-cp313-cp313-macosx_12_0_arm64.whl (11.1 MB)\nUsing cached scipy-1.15.2-cp313-cp313-macosx_14_0_arm64.whl (22.4 MB)\nUsing cached threadpoolctl-3.5.0-py3-none-any.whl (18 kB)\nUsing cached statsmodels-0.14.4-cp313-cp313-macosx_11_0_arm64.whl (9.9 MB)\nUsing cached tqdm-4.67.1-py3-none-any.whl (78 kB)\nUsing cached certifi-2025.1.31-py3-none-any.whl (166 kB)\nUsing cached charset_normalizer-3.4.1-cp313-cp313-macosx_10_13_universal2.whl (195 kB)\nUsing cached contourpy-1.3.1-cp313-cp313-macosx_11_0_arm64.whl (255 kB)\nUsing cached cycler-0.12.1-py3-none-any.whl (8.3 kB)\nUsing cached fonttools-4.56.0-cp313-cp313-macosx_10_13_universal2.whl (2.7 MB)\nUsing cached idna-3.10-py3-none-any.whl (70 kB)\nUsing cached kiwisolver-1.4.8-cp313-cp313-macosx_11_0_arm64.whl (65 kB)\nUsing cached packaging-24.2-py3-none-any.whl (65 kB)\nUsing cached patsy-1.0.1-py2.py3-none-any.whl (232 kB)\nUsing cached pillow-11.1.0-cp313-cp313-macosx_11_0_arm64.whl (3.1 MB)\nUsing cached pyparsing-3.2.1-py3-none-any.whl (107 kB)\nUsing cached python_dateutil-2.9.0.post0-py2.py3-none-any.whl (229 kB)\nUsing cached pytz-2025.1-py2.py3-none-any.whl (507 kB)\nUsing cached tzdata-2025.1-py2.py3-none-any.whl (346 kB)\nUsing cached urllib3-2.3.0-py3-none-any.whl (128 kB)\nUsing cached six-1.17.0-py2.py3-none-any.whl (11 kB)\nInstalling collected packages: pytz, urllib3, tzdata, tqdm, threadpoolctl, six, pyparsing, pillow, packaging, numpy, kiwisolver, joblib, idna, fonttools, cycler, charset-normalizer, certifi, scipy, requests, python-dateutil, patsy, contourpy, scikit-learn, pandas, matplotlib, statsmodels, nnetsauce\nSuccessfully installed certifi-2025.1.31 charset-normalizer-3.4.1 contourpy-1.3.1 cycler-0.12.1 fonttools-4.56.0 idna-3.10 joblib-1.4.2 kiwisolver-1.4.8 matplotlib-3.10.0 nnetsauce-0.30.4 numpy-2.2.3 packaging-24.2 pandas-2.2.3 patsy-1.0.1 pillow-11.1.0 pyparsing-3.2.1 python-dateutil-2.9.0.post0 pytz-2025.1 requests-2.32.3 scikit-learn-1.6.1 scipy-1.15.2 six-1.17.0 statsmodels-0.14.4 threadpoolctl-3.5.0 tqdm-4.67.1 tzdata-2025.1 urllib3-2.3.0\n** testing if installed package keeps a record of temporary installation path\n* creating tarball\npackaged installation of ‘nnetsauce’ as ‘nnetsauce_0.20.6.tgz’\n* DONE (nnetsauce)",
      "build_time": "2025-02-23 23:56:13"
    },
    "simulatetimeseries": {
      "package": "simulatetimeseries",
      "status": "SUCCESS",
      "error_message": {},
      "build_output": "* installing to library ‘/Users/runner/work/_temp/Library’\n* installing *source* package ‘simulatetimeseries’ ...\n** using staged installation\n** R\n** byte-compile and prepare package for lazy loading\n** help\n*** installing help indices\n** building package indices\n** installing vignettes\n** testing if installed package can be loaded from temporary location\n** testing if installed package can be loaded from final location\n** testing if installed package keeps a record of temporary installation path\n* creating tarball\npackaged installation of ‘simulatetimeseries’ as ‘simulatetimeseries_0.2.0.tgz’\n* DONE (simulatetimeseries)",
      "build_time": "2025-02-23 23:56:56"
    },
    "tisthemachinelearner": {
      "package": "tisthemachinelearner",
      "status": "FAILED",
      "error_message": "No binary package found after build",
      "build_output": "* installing to library ‘/Users/runner/work/_temp/Library’\n* installing *source* package ‘tisthemachinelearner’ ...\n** using staged installation\n** R\n** byte-compile and prepare package for lazy loading\n** help\n*** installing help indices\n** building package indices\n** installing vignettes\n** testing if installed package can be loaded from temporary location\nError: package or namespace load failed for ‘tisthemachinelearner’:\n .onLoad failed in loadNamespace() for 'tisthemachinelearner', details:\n  call: NULL\n  error: Unable to find conda binary. Is Anaconda installed?\nError: loading failed\nExecution halted\nERROR: loading failed\n* removing ‘/Users/runner/work/_temp/Library/tisthemachinelearner’",
      "build_time": "2025-02-23 23:56:56"
    }
  }
}
